10:21:36.086 [main] INFO  s.i.r.StudentsRepositoryImpl - Студент успешно добавлен к списку
10:21:36.095 [main] INFO  s.i.r.StudentsRepositoryImpl - Данные успешно записаны в students.yaml
10:21:36.096 [main] INFO  s.i.r.StudentsRepositoryImpl - Оценка за тест успешно добавлена
10:21:36.097 [main] INFO  s.i.r.StudentsRepositoryImpl - Данные успешно записаны в students.yaml
10:21:36.097 [main] INFO  s.i.r.StudentsRepositoryImpl - Оценка за тест успешно добавлена
10:21:36.098 [main] INFO  s.i.r.StudentsRepositoryImpl - Данные успешно записаны в students.yaml
10:21:36.098 [main] INFO  s.i.r.StudentsRepositoryImpl - Студент успешно добавлен к списку
10:21:36.099 [main] INFO  s.i.r.StudentsRepositoryImpl - Данные успешно записаны в students.yaml
10:21:36.099 [main] INFO  s.i.r.StudentsRepositoryImpl - Оценка за тест успешно добавлена
10:21:36.100 [main] INFO  s.i.r.StudentsRepositoryImpl - Данные успешно записаны в students.yaml
10:21:36.100 [main] INFO  s.i.r.StudentsRepositoryImpl - Студент успешно добавлен к списку
10:21:36.101 [main] INFO  s.i.r.StudentsRepositoryImpl - Данные успешно записаны в students.yaml
10:21:36.101 [main] INFO  s.i.r.StudentsRepositoryImpl - Оценка за тест успешно добавлена
10:21:36.101 [main] INFO  s.i.r.StudentsRepositoryImpl - Данные успешно записаны в students.yaml
10:21:36.102 [main] INFO  s.i.r.StudentsRepositoryImpl - Оценка за тест успешно добавлена
10:21:36.102 [main] INFO  s.i.r.StudentsRepositoryImpl - Данные успешно записаны в students.yaml
10:21:36.102 [main] INFO  s.i.r.StudentsRepositoryImpl - Оценка за тест успешно добавлена
10:21:36.103 [main] INFO  s.i.r.StudentsRepositoryImpl - Данные успешно записаны в students.yaml
10:21:36.103 [main] INFO  s.i.r.StudentsRepositoryImpl - Студент успешно добавлен к списку
10:21:36.103 [main] INFO  s.i.r.StudentsRepositoryImpl - Данные успешно записаны в students.yaml
10:21:36.104 [main] INFO  s.i.r.StudentsRepositoryImpl - Оценка за тест успешно добавлена
10:21:36.104 [main] INFO  s.i.r.StudentsRepositoryImpl - Данные успешно записаны в students.yaml
10:21:36.107 [main] INFO  s.i.r.StudentsRepositoryImpl - Студент успешно добавлен к списку
10:21:36.108 [main] INFO  s.i.r.StudentsRepositoryImpl - Данные успешно записаны в students.yaml
10:21:36.108 [main] INFO  s.i.r.StudentsRepositoryImpl - Оценка за тест успешно добавлена
10:21:36.108 [main] INFO  s.i.r.StudentsRepositoryImpl - Данные успешно записаны в students.yaml
10:21:36.109 [main] INFO  s.i.r.StudentsRepositoryImpl - Оценка за тест успешно добавлена
10:21:36.110 [main] INFO  s.i.r.StudentsRepositoryImpl - Данные успешно записаны в students.yaml
10:21:36.110 [main] INFO  s.i.r.StudentsRepositoryImpl - Студент успешно добавлен к списку
10:21:36.111 [main] INFO  s.i.r.StudentsRepositoryImpl - Данные успешно записаны в students.yaml
10:21:36.111 [main] INFO  s.i.r.StudentsRepositoryImpl - Оценка за тест успешно добавлена
10:21:36.112 [main] INFO  s.i.r.StudentsRepositoryImpl - Данные успешно записаны в students.yaml
10:21:36.112 [main] INFO  s.i.r.StudentsRepositoryImpl - Студент успешно добавлен к списку
10:21:36.113 [main] INFO  s.i.r.StudentsRepositoryImpl - Данные успешно записаны в students.yaml
10:21:36.113 [main] INFO  s.i.r.StudentsRepositoryImpl - Оценка за тест успешно добавлена
10:21:36.113 [main] INFO  s.i.r.StudentsRepositoryImpl - Данные успешно записаны в students.yaml
10:21:36.114 [main] INFO  s.i.r.StudentsRepositoryImpl - Оценка за тест успешно добавлена
10:21:36.114 [main] INFO  s.i.r.StudentsRepositoryImpl - Данные успешно записаны в students.yaml
10:21:36.115 [main] INFO  s.i.r.StudentsRepositoryImpl - Оценка за тест успешно добавлена
10:21:36.115 [main] INFO  s.i.r.StudentsRepositoryImpl - Данные успешно записаны в students.yaml
10:21:36.115 [main] INFO  s.i.r.StudentsRepositoryImpl - Студент успешно добавлен к списку
10:21:36.116 [main] INFO  s.i.r.StudentsRepositoryImpl - Данные успешно записаны в students.yaml
10:21:36.116 [main] INFO  s.i.r.StudentsRepositoryImpl - Оценка за тест успешно добавлена
10:21:36.116 [main] INFO  s.i.r.StudentsRepositoryImpl - Данные успешно записаны в students.yaml
10:21:36.118 [main] INFO  s.i.r.StudentsRepositoryImpl - Студент успешно добавлен к списку
10:21:36.118 [main] INFO  s.i.r.StudentsRepositoryImpl - Данные успешно записаны в students.yaml
10:21:36.119 [main] INFO  s.i.r.StudentsRepositoryImpl - Оценка за тест успешно добавлена
10:21:36.120 [main] INFO  s.i.r.StudentsRepositoryImpl - Данные успешно записаны в students.yaml
10:21:36.125 [main] INFO  s.i.r.StudentsRepositoryImpl - Студент успешно добавлен к списку
10:21:36.127 [main] INFO  s.i.r.StudentsRepositoryImpl - Данные успешно записаны в students.yaml
10:21:36.127 [main] INFO  s.i.r.StudentsRepositoryImpl - Оценка за тест успешно добавлена
10:21:36.128 [main] INFO  s.i.r.StudentsRepositoryImpl - Данные успешно записаны в students.yaml
10:21:36.128 [main] INFO  s.i.r.StudentsRepositoryImpl - Оценка за тест успешно добавлена
10:21:36.128 [main] INFO  s.i.r.StudentsRepositoryImpl - Данные успешно записаны в students.yaml
10:21:36.128 [main] INFO  s.i.r.StudentsRepositoryImpl - Студент успешно добавлен к списку
10:21:36.129 [main] INFO  s.i.r.StudentsRepositoryImpl - Данные успешно записаны в students.yaml
10:21:36.129 [main] INFO  s.i.r.StudentsRepositoryImpl - Оценка за тест успешно добавлена
10:21:36.129 [main] INFO  s.i.r.StudentsRepositoryImpl - Данные успешно записаны в students.yaml
10:21:36.129 [main] INFO  s.i.r.StudentsRepositoryImpl - Студент успешно добавлен к списку
10:21:36.130 [main] INFO  s.i.r.StudentsRepositoryImpl - Данные успешно записаны в students.yaml
10:21:36.130 [main] INFO  s.i.r.StudentsRepositoryImpl - Оценка за тест успешно добавлена
10:21:36.130 [main] INFO  s.i.r.StudentsRepositoryImpl - Данные успешно записаны в students.yaml
10:21:36.130 [main] INFO  s.i.r.StudentsRepositoryImpl - Оценка за тест успешно добавлена
10:21:36.131 [main] INFO  s.i.r.StudentsRepositoryImpl - Данные успешно записаны в students.yaml
10:21:36.131 [main] INFO  s.i.r.StudentsRepositoryImpl - Оценка за тест успешно добавлена
10:21:36.132 [main] INFO  s.i.r.StudentsRepositoryImpl - Данные успешно записаны в students.yaml
10:21:36.132 [main] INFO  s.i.r.StudentsRepositoryImpl - Студент успешно добавлен к списку
10:21:36.132 [main] INFO  s.i.r.StudentsRepositoryImpl - Данные успешно записаны в students.yaml
10:21:36.132 [main] INFO  s.i.r.StudentsRepositoryImpl - Оценка за тест успешно добавлена
10:21:36.132 [main] INFO  s.i.r.StudentsRepositoryImpl - Данные успешно записаны в students.yaml
10:21:36.133 [main] INFO  s.i.r.StudentsRepositoryImpl - Студент успешно добавлен к списку
10:21:36.135 [main] INFO  s.i.r.StudentsRepositoryImpl - Данные успешно записаны в students.yaml
10:21:36.135 [main] INFO  s.i.r.StudentsRepositoryImpl - Студент успешно отчислен)
10:21:36.136 [main] INFO  s.i.r.StudentsRepositoryImpl - Данные успешно записаны в students.yaml
10:21:36.138 [main] INFO  s.i.r.StudentsRepositoryImpl - Студент успешно добавлен к списку
10:21:36.138 [main] INFO  s.i.r.StudentsRepositoryImpl - Данные успешно записаны в students.yaml
10:21:36.139 [main] INFO  s.i.r.StudentsRepositoryImpl - Оценка за тест успешно добавлена
10:21:36.140 [main] INFO  s.i.r.StudentsRepositoryImpl - Данные успешно записаны в students.yaml
10:21:36.140 [main] INFO  s.i.r.StudentsRepositoryImpl - Оценка за тест успешно добавлена
10:21:36.141 [main] INFO  s.i.r.StudentsRepositoryImpl - Данные успешно записаны в students.yaml
10:21:36.141 [main] INFO  s.i.r.StudentsRepositoryImpl - Студент успешно добавлен к списку
10:21:36.141 [main] INFO  s.i.r.StudentsRepositoryImpl - Данные успешно записаны в students.yaml
10:21:36.141 [main] INFO  s.i.r.StudentsRepositoryImpl - Оценка за тест успешно добавлена
10:21:36.142 [main] INFO  s.i.r.StudentsRepositoryImpl - Данные успешно записаны в students.yaml
10:21:36.142 [main] INFO  s.i.r.StudentsRepositoryImpl - Студент успешно добавлен к списку
10:21:36.143 [main] INFO  s.i.r.StudentsRepositoryImpl - Данные успешно записаны в students.yaml
10:21:36.143 [main] INFO  s.i.r.StudentsRepositoryImpl - Оценка за тест успешно добавлена
10:21:36.144 [main] INFO  s.i.r.StudentsRepositoryImpl - Данные успешно записаны в students.yaml
10:21:36.144 [main] INFO  s.i.r.StudentsRepositoryImpl - Оценка за тест успешно добавлена
10:21:36.144 [main] INFO  s.i.r.StudentsRepositoryImpl - Данные успешно записаны в students.yaml
10:21:36.144 [main] INFO  s.i.r.StudentsRepositoryImpl - Оценка за тест успешно добавлена
10:21:36.145 [main] INFO  s.i.r.StudentsRepositoryImpl - Данные успешно записаны в students.yaml
10:21:36.145 [main] INFO  s.i.r.StudentsRepositoryImpl - Студент успешно добавлен к списку
10:21:36.145 [main] INFO  s.i.r.StudentsRepositoryImpl - Данные успешно записаны в students.yaml
10:21:36.146 [main] INFO  s.i.r.StudentsRepositoryImpl - Оценка за тест успешно добавлена
10:21:36.146 [main] INFO  s.i.r.StudentsRepositoryImpl - Данные успешно записаны в students.yaml
10:21:36.147 [main] INFO  s.i.r.StudentsRepositoryImpl - Студент успешно добавлен к списку
10:21:36.148 [main] INFO  s.i.r.StudentsRepositoryImpl - Данные успешно записаны в students.yaml
10:21:36.150 [main] INFO  s.i.r.StudentsRepositoryImpl - Студент успешно добавлен к списку
10:21:36.151 [main] INFO  s.i.r.StudentsRepositoryImpl - Данные успешно записаны в students.yaml
10:21:36.151 [main] INFO  s.i.r.StudentsRepositoryImpl - Оценка за тест успешно добавлена
10:21:36.152 [main] INFO  s.i.r.StudentsRepositoryImpl - Данные успешно записаны в students.yaml
10:21:36.152 [main] INFO  s.i.r.StudentsRepositoryImpl - Оценка за тест успешно добавлена
10:21:36.152 [main] INFO  s.i.r.StudentsRepositoryImpl - Данные успешно записаны в students.yaml
10:21:36.153 [main] INFO  s.i.r.StudentsRepositoryImpl - Студент успешно добавлен к списку
10:21:36.153 [main] INFO  s.i.r.StudentsRepositoryImpl - Данные успешно записаны в students.yaml
10:21:36.153 [main] INFO  s.i.r.StudentsRepositoryImpl - Оценка за тест успешно добавлена
10:21:36.154 [main] INFO  s.i.r.StudentsRepositoryImpl - Данные успешно записаны в students.yaml
10:21:36.154 [main] INFO  s.i.r.StudentsRepositoryImpl - Студент успешно добавлен к списку
10:21:36.154 [main] INFO  s.i.r.StudentsRepositoryImpl - Данные успешно записаны в students.yaml
10:21:36.154 [main] INFO  s.i.r.StudentsRepositoryImpl - Оценка за тест успешно добавлена
10:21:36.155 [main] INFO  s.i.r.StudentsRepositoryImpl - Данные успешно записаны в students.yaml
10:21:36.155 [main] INFO  s.i.r.StudentsRepositoryImpl - Оценка за тест успешно добавлена
10:21:36.155 [main] INFO  s.i.r.StudentsRepositoryImpl - Данные успешно записаны в students.yaml
10:21:36.155 [main] INFO  s.i.r.StudentsRepositoryImpl - Оценка за тест успешно добавлена
10:21:36.156 [main] INFO  s.i.r.StudentsRepositoryImpl - Данные успешно записаны в students.yaml
10:21:36.156 [main] INFO  s.i.r.StudentsRepositoryImpl - Студент успешно добавлен к списку
10:21:36.156 [main] INFO  s.i.r.StudentsRepositoryImpl - Данные успешно записаны в students.yaml
10:21:36.156 [main] INFO  s.i.r.StudentsRepositoryImpl - Оценка за тест успешно добавлена
10:21:36.156 [main] INFO  s.i.r.StudentsRepositoryImpl - Данные успешно записаны в students.yaml
10:21:36.158 [main] INFO  s.i.r.StudentsRepositoryImpl - Студент успешно добавлен к списку
10:21:36.159 [main] INFO  s.i.r.StudentsRepositoryImpl - Данные успешно записаны в students.yaml
10:21:36.159 [main] INFO  s.i.r.StudentsRepositoryImpl - Оценка за тест успешно добавлена
10:21:36.160 [main] INFO  s.i.r.StudentsRepositoryImpl - Данные успешно записаны в students.yaml
10:21:36.160 [main] INFO  s.i.r.StudentsRepositoryImpl - Оценка за тест успешно добавлена
10:21:36.161 [main] INFO  s.i.r.StudentsRepositoryImpl - Данные успешно записаны в students.yaml
10:21:36.161 [main] INFO  s.i.r.StudentsRepositoryImpl - Студент успешно добавлен к списку
10:21:36.161 [main] INFO  s.i.r.StudentsRepositoryImpl - Данные успешно записаны в students.yaml
10:21:36.161 [main] INFO  s.i.r.StudentsRepositoryImpl - Оценка за тест успешно добавлена
10:21:36.162 [main] INFO  s.i.r.StudentsRepositoryImpl - Данные успешно записаны в students.yaml
10:21:36.162 [main] INFO  s.i.r.StudentsRepositoryImpl - Студент успешно добавлен к списку
10:21:36.162 [main] INFO  s.i.r.StudentsRepositoryImpl - Данные успешно записаны в students.yaml
10:21:36.162 [main] INFO  s.i.r.StudentsRepositoryImpl - Оценка за тест успешно добавлена
10:21:36.163 [main] INFO  s.i.r.StudentsRepositoryImpl - Данные успешно записаны в students.yaml
10:21:36.163 [main] INFO  s.i.r.StudentsRepositoryImpl - Оценка за тест успешно добавлена
10:21:36.163 [main] INFO  s.i.r.StudentsRepositoryImpl - Данные успешно записаны в students.yaml
10:21:36.163 [main] INFO  s.i.r.StudentsRepositoryImpl - Оценка за тест успешно добавлена
10:21:36.163 [main] INFO  s.i.r.StudentsRepositoryImpl - Данные успешно записаны в students.yaml
10:21:36.163 [main] INFO  s.i.r.StudentsRepositoryImpl - Студент успешно добавлен к списку
10:21:36.164 [main] INFO  s.i.r.StudentsRepositoryImpl - Данные успешно записаны в students.yaml
10:21:36.164 [main] INFO  s.i.r.StudentsRepositoryImpl - Оценка за тест успешно добавлена
10:21:36.164 [main] INFO  s.i.r.StudentsRepositoryImpl - Данные успешно записаны в students.yaml
10:33:51.656 [main] INFO  s.i.r.StudentsRepositoryImpl - Студент успешно добавлен к списку
10:33:51.662 [main] INFO  s.i.r.StudentsRepositoryImpl - Данные успешно записаны в students.yaml
10:33:51.663 [main] INFO  s.i.r.StudentsRepositoryImpl - Оценка за тест успешно добавлена
10:33:51.664 [main] INFO  s.i.r.StudentsRepositoryImpl - Данные успешно записаны в students.yaml
10:33:51.664 [main] INFO  s.i.r.StudentsRepositoryImpl - Оценка за тест успешно добавлена
10:33:51.665 [main] INFO  s.i.r.StudentsRepositoryImpl - Данные успешно записаны в students.yaml
10:33:51.665 [main] INFO  s.i.r.StudentsRepositoryImpl - Студент успешно добавлен к списку
10:33:51.666 [main] INFO  s.i.r.StudentsRepositoryImpl - Данные успешно записаны в students.yaml
10:33:51.666 [main] INFO  s.i.r.StudentsRepositoryImpl - Оценка за тест успешно добавлена
10:33:51.667 [main] INFO  s.i.r.StudentsRepositoryImpl - Данные успешно записаны в students.yaml
10:33:51.667 [main] INFO  s.i.r.StudentsRepositoryImpl - Студент успешно добавлен к списку
10:33:51.667 [main] INFO  s.i.r.StudentsRepositoryImpl - Данные успешно записаны в students.yaml
10:33:51.667 [main] INFO  s.i.r.StudentsRepositoryImpl - Оценка за тест успешно добавлена
10:33:51.668 [main] INFO  s.i.r.StudentsRepositoryImpl - Данные успешно записаны в students.yaml
10:33:51.668 [main] INFO  s.i.r.StudentsRepositoryImpl - Оценка за тест успешно добавлена
10:33:51.668 [main] INFO  s.i.r.StudentsRepositoryImpl - Данные успешно записаны в students.yaml
10:33:51.668 [main] INFO  s.i.r.StudentsRepositoryImpl - Оценка за тест успешно добавлена
10:33:51.669 [main] INFO  s.i.r.StudentsRepositoryImpl - Данные успешно записаны в students.yaml
10:33:51.669 [main] INFO  s.i.r.StudentsRepositoryImpl - Студент успешно добавлен к списку
10:33:51.669 [main] INFO  s.i.r.StudentsRepositoryImpl - Данные успешно записаны в students.yaml
10:33:51.669 [main] INFO  s.i.r.StudentsRepositoryImpl - Оценка за тест успешно добавлена
10:33:51.670 [main] INFO  s.i.r.StudentsRepositoryImpl - Данные успешно записаны в students.yaml
10:33:51.673 [main] INFO  s.i.r.StudentsRepositoryImpl - Студент успешно добавлен к списку
10:33:51.674 [main] INFO  s.i.r.StudentsRepositoryImpl - Данные успешно записаны в students.yaml
10:33:51.675 [main] INFO  s.i.r.StudentsRepositoryImpl - Оценка за тест успешно добавлена
10:33:51.676 [main] INFO  s.i.r.StudentsRepositoryImpl - Данные успешно записаны в students.yaml
10:33:51.677 [main] INFO  s.i.r.StudentsRepositoryImpl - Оценка за тест успешно добавлена
10:33:51.677 [main] INFO  s.i.r.StudentsRepositoryImpl - Данные успешно записаны в students.yaml
10:33:51.677 [main] INFO  s.i.r.StudentsRepositoryImpl - Студент успешно добавлен к списку
10:33:51.678 [main] INFO  s.i.r.StudentsRepositoryImpl - Данные успешно записаны в students.yaml
10:33:51.678 [main] INFO  s.i.r.StudentsRepositoryImpl - Оценка за тест успешно добавлена
10:33:51.678 [main] INFO  s.i.r.StudentsRepositoryImpl - Данные успешно записаны в students.yaml
10:33:51.678 [main] INFO  s.i.r.StudentsRepositoryImpl - Студент успешно добавлен к списку
10:33:51.679 [main] INFO  s.i.r.StudentsRepositoryImpl - Данные успешно записаны в students.yaml
10:33:51.679 [main] INFO  s.i.r.StudentsRepositoryImpl - Оценка за тест успешно добавлена
10:33:51.680 [main] INFO  s.i.r.StudentsRepositoryImpl - Данные успешно записаны в students.yaml
10:33:51.680 [main] INFO  s.i.r.StudentsRepositoryImpl - Оценка за тест успешно добавлена
10:33:51.680 [main] INFO  s.i.r.StudentsRepositoryImpl - Данные успешно записаны в students.yaml
10:33:51.680 [main] INFO  s.i.r.StudentsRepositoryImpl - Оценка за тест успешно добавлена
10:33:51.681 [main] INFO  s.i.r.StudentsRepositoryImpl - Данные успешно записаны в students.yaml
10:33:51.681 [main] INFO  s.i.r.StudentsRepositoryImpl - Студент успешно добавлен к списку
10:33:51.682 [main] INFO  s.i.r.StudentsRepositoryImpl - Данные успешно записаны в students.yaml
10:33:51.683 [main] INFO  s.i.r.StudentsRepositoryImpl - Оценка за тест успешно добавлена
10:33:51.683 [main] INFO  s.i.r.StudentsRepositoryImpl - Данные успешно записаны в students.yaml
10:33:51.685 [main] INFO  s.i.r.StudentsRepositoryImpl - Студент успешно добавлен к списку
10:33:51.685 [main] INFO  s.i.r.StudentsRepositoryImpl - Данные успешно записаны в students.yaml
10:33:51.686 [main] INFO  s.i.r.StudentsRepositoryImpl - Оценка за тест успешно добавлена
10:33:51.686 [main] INFO  s.i.r.StudentsRepositoryImpl - Данные успешно записаны в students.yaml
10:33:51.691 [main] INFO  s.i.r.StudentsRepositoryImpl - Студент успешно добавлен к списку
10:33:51.692 [main] INFO  s.i.r.StudentsRepositoryImpl - Данные успешно записаны в students.yaml
10:33:51.692 [main] INFO  s.i.r.StudentsRepositoryImpl - Оценка за тест успешно добавлена
10:33:51.692 [main] INFO  s.i.r.StudentsRepositoryImpl - Данные успешно записаны в students.yaml
10:33:51.692 [main] INFO  s.i.r.StudentsRepositoryImpl - Оценка за тест успешно добавлена
10:33:51.693 [main] INFO  s.i.r.StudentsRepositoryImpl - Данные успешно записаны в students.yaml
10:33:51.693 [main] INFO  s.i.r.StudentsRepositoryImpl - Студент успешно добавлен к списку
10:33:51.694 [main] INFO  s.i.r.StudentsRepositoryImpl - Данные успешно записаны в students.yaml
10:33:51.694 [main] INFO  s.i.r.StudentsRepositoryImpl - Оценка за тест успешно добавлена
10:33:51.694 [main] INFO  s.i.r.StudentsRepositoryImpl - Данные успешно записаны в students.yaml
10:33:51.694 [main] INFO  s.i.r.StudentsRepositoryImpl - Студент успешно добавлен к списку
10:33:51.695 [main] INFO  s.i.r.StudentsRepositoryImpl - Данные успешно записаны в students.yaml
10:33:51.695 [main] INFO  s.i.r.StudentsRepositoryImpl - Оценка за тест успешно добавлена
10:33:51.696 [main] INFO  s.i.r.StudentsRepositoryImpl - Данные успешно записаны в students.yaml
10:33:51.696 [main] INFO  s.i.r.StudentsRepositoryImpl - Оценка за тест успешно добавлена
10:33:51.697 [main] INFO  s.i.r.StudentsRepositoryImpl - Данные успешно записаны в students.yaml
10:33:51.697 [main] INFO  s.i.r.StudentsRepositoryImpl - Оценка за тест успешно добавлена
10:33:51.697 [main] INFO  s.i.r.StudentsRepositoryImpl - Данные успешно записаны в students.yaml
10:33:51.698 [main] INFO  s.i.r.StudentsRepositoryImpl - Студент успешно добавлен к списку
10:33:51.698 [main] INFO  s.i.r.StudentsRepositoryImpl - Данные успешно записаны в students.yaml
10:33:51.698 [main] INFO  s.i.r.StudentsRepositoryImpl - Оценка за тест успешно добавлена
10:33:51.698 [main] INFO  s.i.r.StudentsRepositoryImpl - Данные успешно записаны в students.yaml
10:33:51.700 [main] INFO  s.i.r.StudentsRepositoryImpl - Студент успешно добавлен к списку
10:33:51.701 [main] INFO  s.i.r.StudentsRepositoryImpl - Данные успешно записаны в students.yaml
10:33:51.701 [main] INFO  s.i.r.StudentsRepositoryImpl - Студент успешно отчислен)
10:33:51.702 [main] INFO  s.i.r.StudentsRepositoryImpl - Данные успешно записаны в students.yaml
10:33:51.704 [main] INFO  s.i.r.StudentsRepositoryImpl - Студент успешно добавлен к списку
10:33:51.705 [main] INFO  s.i.r.StudentsRepositoryImpl - Данные успешно записаны в students.yaml
10:33:51.705 [main] INFO  s.i.r.StudentsRepositoryImpl - Оценка за тест успешно добавлена
10:33:51.706 [main] INFO  s.i.r.StudentsRepositoryImpl - Данные успешно записаны в students.yaml
10:33:51.706 [main] INFO  s.i.r.StudentsRepositoryImpl - Оценка за тест успешно добавлена
10:33:51.706 [main] INFO  s.i.r.StudentsRepositoryImpl - Данные успешно записаны в students.yaml
10:33:51.707 [main] INFO  s.i.r.StudentsRepositoryImpl - Студент успешно добавлен к списку
10:33:51.707 [main] INFO  s.i.r.StudentsRepositoryImpl - Данные успешно записаны в students.yaml
10:33:51.707 [main] INFO  s.i.r.StudentsRepositoryImpl - Оценка за тест успешно добавлена
10:33:51.708 [main] INFO  s.i.r.StudentsRepositoryImpl - Данные успешно записаны в students.yaml
10:33:51.708 [main] INFO  s.i.r.StudentsRepositoryImpl - Студент успешно добавлен к списку
10:33:51.708 [main] INFO  s.i.r.StudentsRepositoryImpl - Данные успешно записаны в students.yaml
10:33:51.709 [main] INFO  s.i.r.StudentsRepositoryImpl - Оценка за тест успешно добавлена
10:33:51.709 [main] INFO  s.i.r.StudentsRepositoryImpl - Данные успешно записаны в students.yaml
10:33:51.709 [main] INFO  s.i.r.StudentsRepositoryImpl - Оценка за тест успешно добавлена
10:33:51.710 [main] INFO  s.i.r.StudentsRepositoryImpl - Данные успешно записаны в students.yaml
10:33:51.710 [main] INFO  s.i.r.StudentsRepositoryImpl - Оценка за тест успешно добавлена
10:33:51.711 [main] INFO  s.i.r.StudentsRepositoryImpl - Данные успешно записаны в students.yaml
10:33:51.711 [main] INFO  s.i.r.StudentsRepositoryImpl - Студент успешно добавлен к списку
10:33:51.711 [main] INFO  s.i.r.StudentsRepositoryImpl - Данные успешно записаны в students.yaml
10:33:51.712 [main] INFO  s.i.r.StudentsRepositoryImpl - Оценка за тест успешно добавлена
10:33:51.712 [main] INFO  s.i.r.StudentsRepositoryImpl - Данные успешно записаны в students.yaml
10:33:51.714 [main] INFO  s.i.r.StudentsRepositoryImpl - Студент успешно добавлен к списку
10:33:51.715 [main] INFO  s.i.r.StudentsRepositoryImpl - Данные успешно записаны в students.yaml
10:33:51.717 [main] INFO  s.i.r.StudentsRepositoryImpl - Студент успешно добавлен к списку
10:33:51.718 [main] INFO  s.i.r.StudentsRepositoryImpl - Данные успешно записаны в students.yaml
10:33:51.718 [main] INFO  s.i.r.StudentsRepositoryImpl - Оценка за тест успешно добавлена
10:33:51.718 [main] INFO  s.i.r.StudentsRepositoryImpl - Данные успешно записаны в students.yaml
10:33:51.718 [main] INFO  s.i.r.StudentsRepositoryImpl - Оценка за тест успешно добавлена
10:33:51.719 [main] INFO  s.i.r.StudentsRepositoryImpl - Данные успешно записаны в students.yaml
10:33:51.719 [main] INFO  s.i.r.StudentsRepositoryImpl - Студент успешно добавлен к списку
10:33:51.719 [main] INFO  s.i.r.StudentsRepositoryImpl - Данные успешно записаны в students.yaml
10:33:51.719 [main] INFO  s.i.r.StudentsRepositoryImpl - Оценка за тест успешно добавлена
10:33:51.719 [main] INFO  s.i.r.StudentsRepositoryImpl - Данные успешно записаны в students.yaml
10:33:51.720 [main] INFO  s.i.r.StudentsRepositoryImpl - Студент успешно добавлен к списку
10:33:51.720 [main] INFO  s.i.r.StudentsRepositoryImpl - Данные успешно записаны в students.yaml
10:33:51.720 [main] INFO  s.i.r.StudentsRepositoryImpl - Оценка за тест успешно добавлена
10:33:51.720 [main] INFO  s.i.r.StudentsRepositoryImpl - Данные успешно записаны в students.yaml
10:33:51.720 [main] INFO  s.i.r.StudentsRepositoryImpl - Оценка за тест успешно добавлена
10:33:51.721 [main] INFO  s.i.r.StudentsRepositoryImpl - Данные успешно записаны в students.yaml
10:33:51.721 [main] INFO  s.i.r.StudentsRepositoryImpl - Оценка за тест успешно добавлена
10:33:51.721 [main] INFO  s.i.r.StudentsRepositoryImpl - Данные успешно записаны в students.yaml
10:33:51.721 [main] INFO  s.i.r.StudentsRepositoryImpl - Студент успешно добавлен к списку
10:33:51.721 [main] INFO  s.i.r.StudentsRepositoryImpl - Данные успешно записаны в students.yaml
10:33:51.721 [main] INFO  s.i.r.StudentsRepositoryImpl - Оценка за тест успешно добавлена
10:33:51.722 [main] INFO  s.i.r.StudentsRepositoryImpl - Данные успешно записаны в students.yaml
10:33:51.724 [main] INFO  s.i.r.StudentsRepositoryImpl - Студент успешно добавлен к списку
10:33:51.724 [main] INFO  s.i.r.StudentsRepositoryImpl - Данные успешно записаны в students.yaml
10:33:51.725 [main] INFO  s.i.r.StudentsRepositoryImpl - Оценка за тест успешно добавлена
10:33:51.725 [main] INFO  s.i.r.StudentsRepositoryImpl - Данные успешно записаны в students.yaml
10:33:51.725 [main] INFO  s.i.r.StudentsRepositoryImpl - Оценка за тест успешно добавлена
10:33:51.725 [main] INFO  s.i.r.StudentsRepositoryImpl - Данные успешно записаны в students.yaml
10:33:51.725 [main] INFO  s.i.r.StudentsRepositoryImpl - Студент успешно добавлен к списку
10:33:51.726 [main] INFO  s.i.r.StudentsRepositoryImpl - Данные успешно записаны в students.yaml
10:33:51.726 [main] INFO  s.i.r.StudentsRepositoryImpl - Оценка за тест успешно добавлена
10:33:51.726 [main] INFO  s.i.r.StudentsRepositoryImpl - Данные успешно записаны в students.yaml
10:33:51.726 [main] INFO  s.i.r.StudentsRepositoryImpl - Студент успешно добавлен к списку
10:33:51.727 [main] INFO  s.i.r.StudentsRepositoryImpl - Данные успешно записаны в students.yaml
10:33:51.727 [main] INFO  s.i.r.StudentsRepositoryImpl - Оценка за тест успешно добавлена
10:33:51.727 [main] INFO  s.i.r.StudentsRepositoryImpl - Данные успешно записаны в students.yaml
10:33:51.727 [main] INFO  s.i.r.StudentsRepositoryImpl - Оценка за тест успешно добавлена
10:33:51.727 [main] INFO  s.i.r.StudentsRepositoryImpl - Данные успешно записаны в students.yaml
10:33:51.727 [main] INFO  s.i.r.StudentsRepositoryImpl - Оценка за тест успешно добавлена
10:33:51.728 [main] INFO  s.i.r.StudentsRepositoryImpl - Данные успешно записаны в students.yaml
10:33:51.728 [main] INFO  s.i.r.StudentsRepositoryImpl - Студент успешно добавлен к списку
10:33:51.728 [main] INFO  s.i.r.StudentsRepositoryImpl - Данные успешно записаны в students.yaml
10:33:51.728 [main] INFO  s.i.r.StudentsRepositoryImpl - Оценка за тест успешно добавлена
10:33:51.729 [main] INFO  s.i.r.StudentsRepositoryImpl - Данные успешно записаны в students.yaml
10:35:22.571 [main] INFO  s.i.r.StudentsRepositoryImpl - Студент успешно добавлен к списку
10:35:22.577 [main] INFO  s.i.r.StudentsRepositoryImpl - Данные успешно записаны в students.yaml
10:35:22.578 [main] INFO  s.i.r.StudentsRepositoryImpl - Оценка за тест успешно добавлена
10:35:22.579 [main] INFO  s.i.r.StudentsRepositoryImpl - Данные успешно записаны в students.yaml
10:35:22.579 [main] INFO  s.i.r.StudentsRepositoryImpl - Оценка за тест успешно добавлена
10:35:22.580 [main] INFO  s.i.r.StudentsRepositoryImpl - Данные успешно записаны в students.yaml
10:35:22.580 [main] INFO  s.i.r.StudentsRepositoryImpl - Студент успешно добавлен к списку
10:35:22.580 [main] INFO  s.i.r.StudentsRepositoryImpl - Данные успешно записаны в students.yaml
10:35:22.581 [main] INFO  s.i.r.StudentsRepositoryImpl - Оценка за тест успешно добавлена
10:35:22.581 [main] INFO  s.i.r.StudentsRepositoryImpl - Данные успешно записаны в students.yaml
10:35:22.581 [main] INFO  s.i.r.StudentsRepositoryImpl - Студент успешно добавлен к списку
10:35:22.582 [main] INFO  s.i.r.StudentsRepositoryImpl - Данные успешно записаны в students.yaml
10:35:22.582 [main] INFO  s.i.r.StudentsRepositoryImpl - Оценка за тест успешно добавлена
10:35:22.582 [main] INFO  s.i.r.StudentsRepositoryImpl - Данные успешно записаны в students.yaml
10:35:22.583 [main] INFO  s.i.r.StudentsRepositoryImpl - Оценка за тест успешно добавлена
10:35:22.583 [main] INFO  s.i.r.StudentsRepositoryImpl - Данные успешно записаны в students.yaml
10:35:22.583 [main] INFO  s.i.r.StudentsRepositoryImpl - Оценка за тест успешно добавлена
10:35:22.584 [main] INFO  s.i.r.StudentsRepositoryImpl - Данные успешно записаны в students.yaml
10:35:22.584 [main] INFO  s.i.r.StudentsRepositoryImpl - Студент успешно добавлен к списку
10:35:22.585 [main] INFO  s.i.r.StudentsRepositoryImpl - Данные успешно записаны в students.yaml
10:35:22.585 [main] INFO  s.i.r.StudentsRepositoryImpl - Оценка за тест успешно добавлена
10:35:22.586 [main] INFO  s.i.r.StudentsRepositoryImpl - Данные успешно записаны в students.yaml
10:35:22.589 [main] INFO  s.i.r.StudentsRepositoryImpl - Студент успешно добавлен к списку
10:35:22.589 [main] INFO  s.i.r.StudentsRepositoryImpl - Данные успешно записаны в students.yaml
10:35:22.589 [main] INFO  s.i.r.StudentsRepositoryImpl - Оценка за тест успешно добавлена
10:35:22.590 [main] INFO  s.i.r.StudentsRepositoryImpl - Данные успешно записаны в students.yaml
10:35:22.590 [main] INFO  s.i.r.StudentsRepositoryImpl - Оценка за тест успешно добавлена
10:35:22.591 [main] INFO  s.i.r.StudentsRepositoryImpl - Данные успешно записаны в students.yaml
10:35:22.591 [main] INFO  s.i.r.StudentsRepositoryImpl - Студент успешно добавлен к списку
10:35:22.592 [main] INFO  s.i.r.StudentsRepositoryImpl - Данные успешно записаны в students.yaml
10:35:22.592 [main] INFO  s.i.r.StudentsRepositoryImpl - Оценка за тест успешно добавлена
10:35:22.593 [main] INFO  s.i.r.StudentsRepositoryImpl - Данные успешно записаны в students.yaml
10:35:22.593 [main] INFO  s.i.r.StudentsRepositoryImpl - Студент успешно добавлен к списку
10:35:22.594 [main] INFO  s.i.r.StudentsRepositoryImpl - Данные успешно записаны в students.yaml
10:35:22.594 [main] INFO  s.i.r.StudentsRepositoryImpl - Оценка за тест успешно добавлена
10:35:22.595 [main] INFO  s.i.r.StudentsRepositoryImpl - Данные успешно записаны в students.yaml
10:35:22.595 [main] INFO  s.i.r.StudentsRepositoryImpl - Оценка за тест успешно добавлена
10:35:22.595 [main] INFO  s.i.r.StudentsRepositoryImpl - Данные успешно записаны в students.yaml
10:35:22.595 [main] INFO  s.i.r.StudentsRepositoryImpl - Оценка за тест успешно добавлена
10:35:22.596 [main] INFO  s.i.r.StudentsRepositoryImpl - Данные успешно записаны в students.yaml
10:35:22.596 [main] INFO  s.i.r.StudentsRepositoryImpl - Студент успешно добавлен к списку
10:35:22.597 [main] INFO  s.i.r.StudentsRepositoryImpl - Данные успешно записаны в students.yaml
10:35:22.597 [main] INFO  s.i.r.StudentsRepositoryImpl - Оценка за тест успешно добавлена
10:35:22.597 [main] INFO  s.i.r.StudentsRepositoryImpl - Данные успешно записаны в students.yaml
10:35:22.599 [main] INFO  s.i.r.StudentsRepositoryImpl - Студент успешно добавлен к списку
10:35:22.600 [main] INFO  s.i.r.StudentsRepositoryImpl - Данные успешно записаны в students.yaml
10:35:22.600 [main] INFO  s.i.r.StudentsRepositoryImpl - Оценка за тест успешно добавлена
10:35:22.601 [main] INFO  s.i.r.StudentsRepositoryImpl - Данные успешно записаны в students.yaml
10:35:22.606 [main] INFO  s.i.r.StudentsRepositoryImpl - Студент успешно добавлен к списку
10:35:22.607 [main] INFO  s.i.r.StudentsRepositoryImpl - Данные успешно записаны в students.yaml
10:35:22.607 [main] INFO  s.i.r.StudentsRepositoryImpl - Оценка за тест успешно добавлена
10:35:22.607 [main] INFO  s.i.r.StudentsRepositoryImpl - Данные успешно записаны в students.yaml
10:35:22.607 [main] INFO  s.i.r.StudentsRepositoryImpl - Оценка за тест успешно добавлена
10:35:22.608 [main] INFO  s.i.r.StudentsRepositoryImpl - Данные успешно записаны в students.yaml
10:35:22.608 [main] INFO  s.i.r.StudentsRepositoryImpl - Студент успешно добавлен к списку
10:35:22.608 [main] INFO  s.i.r.StudentsRepositoryImpl - Данные успешно записаны в students.yaml
10:35:22.609 [main] INFO  s.i.r.StudentsRepositoryImpl - Оценка за тест успешно добавлена
10:35:22.609 [main] INFO  s.i.r.StudentsRepositoryImpl - Данные успешно записаны в students.yaml
10:35:22.609 [main] INFO  s.i.r.StudentsRepositoryImpl - Студент успешно добавлен к списку
10:35:22.609 [main] INFO  s.i.r.StudentsRepositoryImpl - Данные успешно записаны в students.yaml
10:35:22.609 [main] INFO  s.i.r.StudentsRepositoryImpl - Оценка за тест успешно добавлена
10:35:22.610 [main] INFO  s.i.r.StudentsRepositoryImpl - Данные успешно записаны в students.yaml
10:35:22.610 [main] INFO  s.i.r.StudentsRepositoryImpl - Оценка за тест успешно добавлена
10:35:22.610 [main] INFO  s.i.r.StudentsRepositoryImpl - Данные успешно записаны в students.yaml
10:35:22.611 [main] INFO  s.i.r.StudentsRepositoryImpl - Оценка за тест успешно добавлена
10:35:22.612 [main] INFO  s.i.r.StudentsRepositoryImpl - Данные успешно записаны в students.yaml
10:35:22.612 [main] INFO  s.i.r.StudentsRepositoryImpl - Студент успешно добавлен к списку
10:35:22.612 [main] INFO  s.i.r.StudentsRepositoryImpl - Данные успешно записаны в students.yaml
10:35:22.612 [main] INFO  s.i.r.StudentsRepositoryImpl - Оценка за тест успешно добавлена
10:35:22.613 [main] INFO  s.i.r.StudentsRepositoryImpl - Данные успешно записаны в students.yaml
10:35:22.614 [main] INFO  s.i.r.StudentsRepositoryImpl - Студент успешно добавлен к списку
10:35:22.615 [main] INFO  s.i.r.StudentsRepositoryImpl - Данные успешно записаны в students.yaml
10:35:22.615 [main] INFO  s.i.r.StudentsRepositoryImpl - Студент успешно отчислен)
10:35:22.616 [main] INFO  s.i.r.StudentsRepositoryImpl - Данные успешно записаны в students.yaml
10:35:22.618 [main] INFO  s.i.r.StudentsRepositoryImpl - Студент успешно добавлен к списку
10:35:22.618 [main] INFO  s.i.r.StudentsRepositoryImpl - Данные успешно записаны в students.yaml
10:35:22.619 [main] INFO  s.i.r.StudentsRepositoryImpl - Оценка за тест успешно добавлена
10:35:22.619 [main] INFO  s.i.r.StudentsRepositoryImpl - Данные успешно записаны в students.yaml
10:35:22.619 [main] INFO  s.i.r.StudentsRepositoryImpl - Оценка за тест успешно добавлена
10:35:22.619 [main] INFO  s.i.r.StudentsRepositoryImpl - Данные успешно записаны в students.yaml
10:35:22.619 [main] INFO  s.i.r.StudentsRepositoryImpl - Студент успешно добавлен к списку
10:35:22.620 [main] INFO  s.i.r.StudentsRepositoryImpl - Данные успешно записаны в students.yaml
10:35:22.620 [main] INFO  s.i.r.StudentsRepositoryImpl - Оценка за тест успешно добавлена
10:35:22.620 [main] INFO  s.i.r.StudentsRepositoryImpl - Данные успешно записаны в students.yaml
10:35:22.620 [main] INFO  s.i.r.StudentsRepositoryImpl - Студент успешно добавлен к списку
10:35:22.621 [main] INFO  s.i.r.StudentsRepositoryImpl - Данные успешно записаны в students.yaml
10:35:22.621 [main] INFO  s.i.r.StudentsRepositoryImpl - Оценка за тест успешно добавлена
10:35:22.621 [main] INFO  s.i.r.StudentsRepositoryImpl - Данные успешно записаны в students.yaml
10:35:22.622 [main] INFO  s.i.r.StudentsRepositoryImpl - Оценка за тест успешно добавлена
10:35:22.622 [main] INFO  s.i.r.StudentsRepositoryImpl - Данные успешно записаны в students.yaml
10:35:22.622 [main] INFO  s.i.r.StudentsRepositoryImpl - Оценка за тест успешно добавлена
10:35:22.623 [main] INFO  s.i.r.StudentsRepositoryImpl - Данные успешно записаны в students.yaml
10:35:22.623 [main] INFO  s.i.r.StudentsRepositoryImpl - Студент успешно добавлен к списку
10:35:22.623 [main] INFO  s.i.r.StudentsRepositoryImpl - Данные успешно записаны в students.yaml
10:35:22.623 [main] INFO  s.i.r.StudentsRepositoryImpl - Оценка за тест успешно добавлена
10:35:22.624 [main] INFO  s.i.r.StudentsRepositoryImpl - Данные успешно записаны в students.yaml
10:35:22.625 [main] INFO  s.i.r.StudentsRepositoryImpl - Студент успешно добавлен к списку
10:35:22.626 [main] INFO  s.i.r.StudentsRepositoryImpl - Данные успешно записаны в students.yaml
10:35:22.628 [main] INFO  s.i.r.StudentsRepositoryImpl - Студент успешно добавлен к списку
10:35:22.628 [main] INFO  s.i.r.StudentsRepositoryImpl - Данные успешно записаны в students.yaml
10:35:22.629 [main] INFO  s.i.r.StudentsRepositoryImpl - Оценка за тест успешно добавлена
10:35:22.629 [main] INFO  s.i.r.StudentsRepositoryImpl - Данные успешно записаны в students.yaml
10:35:22.629 [main] INFO  s.i.r.StudentsRepositoryImpl - Оценка за тест успешно добавлена
10:35:22.630 [main] INFO  s.i.r.StudentsRepositoryImpl - Данные успешно записаны в students.yaml
10:35:22.630 [main] INFO  s.i.r.StudentsRepositoryImpl - Студент успешно добавлен к списку
10:35:22.630 [main] INFO  s.i.r.StudentsRepositoryImpl - Данные успешно записаны в students.yaml
10:35:22.630 [main] INFO  s.i.r.StudentsRepositoryImpl - Оценка за тест успешно добавлена
10:35:22.631 [main] INFO  s.i.r.StudentsRepositoryImpl - Данные успешно записаны в students.yaml
10:35:22.631 [main] INFO  s.i.r.StudentsRepositoryImpl - Студент успешно добавлен к списку
10:35:22.632 [main] INFO  s.i.r.StudentsRepositoryImpl - Данные успешно записаны в students.yaml
10:35:22.632 [main] INFO  s.i.r.StudentsRepositoryImpl - Оценка за тест успешно добавлена
10:35:22.632 [main] INFO  s.i.r.StudentsRepositoryImpl - Данные успешно записаны в students.yaml
10:35:22.632 [main] INFO  s.i.r.StudentsRepositoryImpl - Оценка за тест успешно добавлена
10:35:22.633 [main] INFO  s.i.r.StudentsRepositoryImpl - Данные успешно записаны в students.yaml
10:35:22.633 [main] INFO  s.i.r.StudentsRepositoryImpl - Оценка за тест успешно добавлена
10:35:22.633 [main] INFO  s.i.r.StudentsRepositoryImpl - Данные успешно записаны в students.yaml
10:35:22.634 [main] INFO  s.i.r.StudentsRepositoryImpl - Студент успешно добавлен к списку
10:35:22.634 [main] INFO  s.i.r.StudentsRepositoryImpl - Данные успешно записаны в students.yaml
10:35:22.634 [main] INFO  s.i.r.StudentsRepositoryImpl - Оценка за тест успешно добавлена
10:35:22.635 [main] INFO  s.i.r.StudentsRepositoryImpl - Данные успешно записаны в students.yaml
10:35:22.637 [main] INFO  s.i.r.StudentsRepositoryImpl - Студент успешно добавлен к списку
10:35:22.637 [main] INFO  s.i.r.StudentsRepositoryImpl - Данные успешно записаны в students.yaml
10:35:22.638 [main] INFO  s.i.r.StudentsRepositoryImpl - Оценка за тест успешно добавлена
10:35:22.638 [main] INFO  s.i.r.StudentsRepositoryImpl - Данные успешно записаны в students.yaml
10:35:22.638 [main] INFO  s.i.r.StudentsRepositoryImpl - Оценка за тест успешно добавлена
10:35:22.639 [main] INFO  s.i.r.StudentsRepositoryImpl - Данные успешно записаны в students.yaml
10:35:22.639 [main] INFO  s.i.r.StudentsRepositoryImpl - Студент успешно добавлен к списку
10:35:22.639 [main] INFO  s.i.r.StudentsRepositoryImpl - Данные успешно записаны в students.yaml
10:35:22.640 [main] INFO  s.i.r.StudentsRepositoryImpl - Оценка за тест успешно добавлена
10:35:22.640 [main] INFO  s.i.r.StudentsRepositoryImpl - Данные успешно записаны в students.yaml
10:35:22.641 [main] INFO  s.i.r.StudentsRepositoryImpl - Студент успешно добавлен к списку
10:35:22.641 [main] INFO  s.i.r.StudentsRepositoryImpl - Данные успешно записаны в students.yaml
10:35:22.641 [main] INFO  s.i.r.StudentsRepositoryImpl - Оценка за тест успешно добавлена
10:35:22.642 [main] INFO  s.i.r.StudentsRepositoryImpl - Данные успешно записаны в students.yaml
10:35:22.642 [main] INFO  s.i.r.StudentsRepositoryImpl - Оценка за тест успешно добавлена
10:35:22.643 [main] INFO  s.i.r.StudentsRepositoryImpl - Данные успешно записаны в students.yaml
10:35:22.643 [main] INFO  s.i.r.StudentsRepositoryImpl - Оценка за тест успешно добавлена
10:35:22.644 [main] INFO  s.i.r.StudentsRepositoryImpl - Данные успешно записаны в students.yaml
10:35:22.644 [main] INFO  s.i.r.StudentsRepositoryImpl - Студент успешно добавлен к списку
10:35:22.644 [main] INFO  s.i.r.StudentsRepositoryImpl - Данные успешно записаны в students.yaml
10:35:22.644 [main] INFO  s.i.r.StudentsRepositoryImpl - Оценка за тест успешно добавлена
10:35:22.645 [main] INFO  s.i.r.StudentsRepositoryImpl - Данные успешно записаны в students.yaml
10:36:57.689 [main] INFO  s.i.r.StudentsRepositoryImpl - Студент успешно добавлен к списку
10:36:57.694 [main] INFO  s.i.r.StudentsRepositoryImpl - Данные успешно записаны в students.yaml
10:36:57.696 [main] INFO  s.i.r.StudentsRepositoryImpl - Оценка за тест успешно добавлена
10:36:57.696 [main] INFO  s.i.r.StudentsRepositoryImpl - Данные успешно записаны в students.yaml
10:36:57.697 [main] INFO  s.i.r.StudentsRepositoryImpl - Оценка за тест успешно добавлена
10:36:57.697 [main] INFO  s.i.r.StudentsRepositoryImpl - Данные успешно записаны в students.yaml
10:36:57.698 [main] INFO  s.i.r.StudentsRepositoryImpl - Студент успешно добавлен к списку
10:36:57.698 [main] INFO  s.i.r.StudentsRepositoryImpl - Данные успешно записаны в students.yaml
10:36:57.698 [main] INFO  s.i.r.StudentsRepositoryImpl - Оценка за тест успешно добавлена
10:36:57.699 [main] INFO  s.i.r.StudentsRepositoryImpl - Данные успешно записаны в students.yaml
10:36:57.699 [main] INFO  s.i.r.StudentsRepositoryImpl - Студент успешно добавлен к списку
10:36:57.700 [main] INFO  s.i.r.StudentsRepositoryImpl - Данные успешно записаны в students.yaml
10:36:57.700 [main] INFO  s.i.r.StudentsRepositoryImpl - Оценка за тест успешно добавлена
10:36:57.700 [main] INFO  s.i.r.StudentsRepositoryImpl - Данные успешно записаны в students.yaml
10:36:57.700 [main] INFO  s.i.r.StudentsRepositoryImpl - Оценка за тест успешно добавлена
10:36:57.701 [main] INFO  s.i.r.StudentsRepositoryImpl - Данные успешно записаны в students.yaml
10:36:57.701 [main] INFO  s.i.r.StudentsRepositoryImpl - Оценка за тест успешно добавлена
10:36:57.702 [main] INFO  s.i.r.StudentsRepositoryImpl - Данные успешно записаны в students.yaml
10:36:57.702 [main] INFO  s.i.r.StudentsRepositoryImpl - Студент успешно добавлен к списку
10:36:57.703 [main] INFO  s.i.r.StudentsRepositoryImpl - Данные успешно записаны в students.yaml
10:36:57.703 [main] INFO  s.i.r.StudentsRepositoryImpl - Оценка за тест успешно добавлена
10:36:57.703 [main] INFO  s.i.r.StudentsRepositoryImpl - Данные успешно записаны в students.yaml
10:36:57.707 [main] INFO  s.i.r.StudentsRepositoryImpl - Студент успешно добавлен к списку
10:36:57.707 [main] INFO  s.i.r.StudentsRepositoryImpl - Данные успешно записаны в students.yaml
10:36:57.708 [main] INFO  s.i.r.StudentsRepositoryImpl - Оценка за тест успешно добавлена
10:36:57.708 [main] INFO  s.i.r.StudentsRepositoryImpl - Данные успешно записаны в students.yaml
10:36:57.708 [main] INFO  s.i.r.StudentsRepositoryImpl - Оценка за тест успешно добавлена
10:36:57.709 [main] INFO  s.i.r.StudentsRepositoryImpl - Данные успешно записаны в students.yaml
10:36:57.709 [main] INFO  s.i.r.StudentsRepositoryImpl - Студент успешно добавлен к списку
10:36:57.710 [main] INFO  s.i.r.StudentsRepositoryImpl - Данные успешно записаны в students.yaml
10:36:57.710 [main] INFO  s.i.r.StudentsRepositoryImpl - Оценка за тест успешно добавлена
10:36:57.711 [main] INFO  s.i.r.StudentsRepositoryImpl - Данные успешно записаны в students.yaml
10:36:57.712 [main] INFO  s.i.r.StudentsRepositoryImpl - Студент успешно добавлен к списку
10:36:57.712 [main] INFO  s.i.r.StudentsRepositoryImpl - Данные успешно записаны в students.yaml
10:36:57.712 [main] INFO  s.i.r.StudentsRepositoryImpl - Оценка за тест успешно добавлена
10:36:57.713 [main] INFO  s.i.r.StudentsRepositoryImpl - Данные успешно записаны в students.yaml
10:36:57.713 [main] INFO  s.i.r.StudentsRepositoryImpl - Оценка за тест успешно добавлена
10:36:57.714 [main] INFO  s.i.r.StudentsRepositoryImpl - Данные успешно записаны в students.yaml
10:36:57.714 [main] INFO  s.i.r.StudentsRepositoryImpl - Оценка за тест успешно добавлена
10:36:57.714 [main] INFO  s.i.r.StudentsRepositoryImpl - Данные успешно записаны в students.yaml
10:36:57.714 [main] INFO  s.i.r.StudentsRepositoryImpl - Студент успешно добавлен к списку
10:36:57.715 [main] INFO  s.i.r.StudentsRepositoryImpl - Данные успешно записаны в students.yaml
10:36:57.715 [main] INFO  s.i.r.StudentsRepositoryImpl - Оценка за тест успешно добавлена
10:36:57.715 [main] INFO  s.i.r.StudentsRepositoryImpl - Данные успешно записаны в students.yaml
10:36:57.717 [main] INFO  s.i.r.StudentsRepositoryImpl - Студент успешно добавлен к списку
10:36:57.717 [main] INFO  s.i.r.StudentsRepositoryImpl - Данные успешно записаны в students.yaml
10:36:57.718 [main] INFO  s.i.r.StudentsRepositoryImpl - Оценка за тест успешно добавлена
10:36:57.718 [main] INFO  s.i.r.StudentsRepositoryImpl - Данные успешно записаны в students.yaml
10:36:57.723 [main] INFO  s.i.r.StudentsRepositoryImpl - Студент успешно добавлен к списку
10:36:57.724 [main] INFO  s.i.r.StudentsRepositoryImpl - Данные успешно записаны в students.yaml
10:36:57.724 [main] INFO  s.i.r.StudentsRepositoryImpl - Оценка за тест успешно добавлена
10:36:57.725 [main] INFO  s.i.r.StudentsRepositoryImpl - Данные успешно записаны в students.yaml
10:36:57.725 [main] INFO  s.i.r.StudentsRepositoryImpl - Оценка за тест успешно добавлена
10:36:57.726 [main] INFO  s.i.r.StudentsRepositoryImpl - Данные успешно записаны в students.yaml
10:36:57.726 [main] INFO  s.i.r.StudentsRepositoryImpl - Студент успешно добавлен к списку
10:36:57.727 [main] INFO  s.i.r.StudentsRepositoryImpl - Данные успешно записаны в students.yaml
10:36:57.727 [main] INFO  s.i.r.StudentsRepositoryImpl - Оценка за тест успешно добавлена
10:36:57.727 [main] INFO  s.i.r.StudentsRepositoryImpl - Данные успешно записаны в students.yaml
10:36:57.727 [main] INFO  s.i.r.StudentsRepositoryImpl - Студент успешно добавлен к списку
10:36:57.727 [main] INFO  s.i.r.StudentsRepositoryImpl - Данные успешно записаны в students.yaml
10:36:57.727 [main] INFO  s.i.r.StudentsRepositoryImpl - Оценка за тест успешно добавлена
10:36:57.728 [main] INFO  s.i.r.StudentsRepositoryImpl - Данные успешно записаны в students.yaml
10:36:57.730 [main] INFO  s.i.r.StudentsRepositoryImpl - Оценка за тест успешно добавлена
10:36:57.731 [main] INFO  s.i.r.StudentsRepositoryImpl - Данные успешно записаны в students.yaml
10:36:57.732 [main] INFO  s.i.r.StudentsRepositoryImpl - Оценка за тест успешно добавлена
10:36:57.733 [main] INFO  s.i.r.StudentsRepositoryImpl - Данные успешно записаны в students.yaml
10:36:57.733 [main] INFO  s.i.r.StudentsRepositoryImpl - Студент успешно добавлен к списку
10:36:57.733 [main] INFO  s.i.r.StudentsRepositoryImpl - Данные успешно записаны в students.yaml
10:36:57.733 [main] INFO  s.i.r.StudentsRepositoryImpl - Оценка за тест успешно добавлена
10:36:57.734 [main] INFO  s.i.r.StudentsRepositoryImpl - Данные успешно записаны в students.yaml
10:36:57.737 [main] INFO  s.i.r.StudentsRepositoryImpl - Студент успешно добавлен к списку
10:36:57.738 [main] INFO  s.i.r.StudentsRepositoryImpl - Данные успешно записаны в students.yaml
10:36:57.738 [main] INFO  s.i.r.StudentsRepositoryImpl - Студент успешно отчислен)
10:36:57.738 [main] INFO  s.i.r.StudentsRepositoryImpl - Данные успешно записаны в students.yaml
10:36:57.742 [main] INFO  s.i.r.StudentsRepositoryImpl - Студент успешно добавлен к списку
10:36:57.743 [main] INFO  s.i.r.StudentsRepositoryImpl - Данные успешно записаны в students.yaml
10:36:57.743 [main] INFO  s.i.r.StudentsRepositoryImpl - Оценка за тест успешно добавлена
10:36:57.744 [main] INFO  s.i.r.StudentsRepositoryImpl - Данные успешно записаны в students.yaml
10:36:57.744 [main] INFO  s.i.r.StudentsRepositoryImpl - Оценка за тест успешно добавлена
10:36:57.744 [main] INFO  s.i.r.StudentsRepositoryImpl - Данные успешно записаны в students.yaml
10:36:57.744 [main] INFO  s.i.r.StudentsRepositoryImpl - Студент успешно добавлен к списку
10:36:57.744 [main] INFO  s.i.r.StudentsRepositoryImpl - Данные успешно записаны в students.yaml
10:36:57.745 [main] INFO  s.i.r.StudentsRepositoryImpl - Оценка за тест успешно добавлена
10:36:57.745 [main] INFO  s.i.r.StudentsRepositoryImpl - Данные успешно записаны в students.yaml
10:36:57.745 [main] INFO  s.i.r.StudentsRepositoryImpl - Студент успешно добавлен к списку
10:36:57.746 [main] INFO  s.i.r.StudentsRepositoryImpl - Данные успешно записаны в students.yaml
10:36:57.746 [main] INFO  s.i.r.StudentsRepositoryImpl - Оценка за тест успешно добавлена
10:36:57.746 [main] INFO  s.i.r.StudentsRepositoryImpl - Данные успешно записаны в students.yaml
10:36:57.746 [main] INFO  s.i.r.StudentsRepositoryImpl - Оценка за тест успешно добавлена
10:36:57.747 [main] INFO  s.i.r.StudentsRepositoryImpl - Данные успешно записаны в students.yaml
10:36:57.747 [main] INFO  s.i.r.StudentsRepositoryImpl - Оценка за тест успешно добавлена
10:36:57.747 [main] INFO  s.i.r.StudentsRepositoryImpl - Данные успешно записаны в students.yaml
10:36:57.748 [main] INFO  s.i.r.StudentsRepositoryImpl - Студент успешно добавлен к списку
10:36:57.748 [main] INFO  s.i.r.StudentsRepositoryImpl - Данные успешно записаны в students.yaml
10:36:57.748 [main] INFO  s.i.r.StudentsRepositoryImpl - Оценка за тест успешно добавлена
10:36:57.749 [main] INFO  s.i.r.StudentsRepositoryImpl - Данные успешно записаны в students.yaml
10:36:57.753 [main] INFO  s.i.r.StudentsRepositoryImpl - Студент успешно добавлен к списку
10:36:57.753 [main] INFO  s.i.r.StudentsRepositoryImpl - Данные успешно записаны в students.yaml
10:36:57.756 [main] INFO  s.i.r.StudentsRepositoryImpl - Студент успешно добавлен к списку
10:36:57.757 [main] INFO  s.i.r.StudentsRepositoryImpl - Данные успешно записаны в students.yaml
10:36:57.757 [main] INFO  s.i.r.StudentsRepositoryImpl - Оценка за тест успешно добавлена
10:36:57.758 [main] INFO  s.i.r.StudentsRepositoryImpl - Данные успешно записаны в students.yaml
10:36:57.758 [main] INFO  s.i.r.StudentsRepositoryImpl - Оценка за тест успешно добавлена
10:36:57.758 [main] INFO  s.i.r.StudentsRepositoryImpl - Данные успешно записаны в students.yaml
10:36:57.758 [main] INFO  s.i.r.StudentsRepositoryImpl - Студент успешно добавлен к списку
10:36:57.759 [main] INFO  s.i.r.StudentsRepositoryImpl - Данные успешно записаны в students.yaml
10:36:57.759 [main] INFO  s.i.r.StudentsRepositoryImpl - Оценка за тест успешно добавлена
10:36:57.759 [main] INFO  s.i.r.StudentsRepositoryImpl - Данные успешно записаны в students.yaml
10:36:57.760 [main] INFO  s.i.r.StudentsRepositoryImpl - Студент успешно добавлен к списку
10:36:57.760 [main] INFO  s.i.r.StudentsRepositoryImpl - Данные успешно записаны в students.yaml
10:36:57.760 [main] INFO  s.i.r.StudentsRepositoryImpl - Оценка за тест успешно добавлена
10:36:57.761 [main] INFO  s.i.r.StudentsRepositoryImpl - Данные успешно записаны в students.yaml
10:36:57.761 [main] INFO  s.i.r.StudentsRepositoryImpl - Оценка за тест успешно добавлена
10:36:57.761 [main] INFO  s.i.r.StudentsRepositoryImpl - Данные успешно записаны в students.yaml
10:36:57.761 [main] INFO  s.i.r.StudentsRepositoryImpl - Оценка за тест успешно добавлена
10:36:57.762 [main] INFO  s.i.r.StudentsRepositoryImpl - Данные успешно записаны в students.yaml
10:36:57.762 [main] INFO  s.i.r.StudentsRepositoryImpl - Студент успешно добавлен к списку
10:36:57.763 [main] INFO  s.i.r.StudentsRepositoryImpl - Данные успешно записаны в students.yaml
10:36:57.763 [main] INFO  s.i.r.StudentsRepositoryImpl - Оценка за тест успешно добавлена
10:36:57.763 [main] INFO  s.i.r.StudentsRepositoryImpl - Данные успешно записаны в students.yaml
10:36:57.765 [main] INFO  s.i.r.StudentsRepositoryImpl - Студент успешно добавлен к списку
10:36:57.766 [main] INFO  s.i.r.StudentsRepositoryImpl - Данные успешно записаны в students.yaml
10:36:57.766 [main] INFO  s.i.r.StudentsRepositoryImpl - Оценка за тест успешно добавлена
10:36:57.767 [main] INFO  s.i.r.StudentsRepositoryImpl - Данные успешно записаны в students.yaml
10:36:57.767 [main] INFO  s.i.r.StudentsRepositoryImpl - Оценка за тест успешно добавлена
10:36:57.767 [main] INFO  s.i.r.StudentsRepositoryImpl - Данные успешно записаны в students.yaml
10:36:57.767 [main] INFO  s.i.r.StudentsRepositoryImpl - Студент успешно добавлен к списку
10:36:57.768 [main] INFO  s.i.r.StudentsRepositoryImpl - Данные успешно записаны в students.yaml
10:36:57.768 [main] INFO  s.i.r.StudentsRepositoryImpl - Оценка за тест успешно добавлена
10:36:57.768 [main] INFO  s.i.r.StudentsRepositoryImpl - Данные успешно записаны в students.yaml
10:36:57.768 [main] INFO  s.i.r.StudentsRepositoryImpl - Студент успешно добавлен к списку
10:36:57.769 [main] INFO  s.i.r.StudentsRepositoryImpl - Данные успешно записаны в students.yaml
10:36:57.769 [main] INFO  s.i.r.StudentsRepositoryImpl - Оценка за тест успешно добавлена
10:36:57.769 [main] INFO  s.i.r.StudentsRepositoryImpl - Данные успешно записаны в students.yaml
10:36:57.769 [main] INFO  s.i.r.StudentsRepositoryImpl - Оценка за тест успешно добавлена
10:36:57.769 [main] INFO  s.i.r.StudentsRepositoryImpl - Данные успешно записаны в students.yaml
10:36:57.769 [main] INFO  s.i.r.StudentsRepositoryImpl - Оценка за тест успешно добавлена
10:36:57.770 [main] INFO  s.i.r.StudentsRepositoryImpl - Данные успешно записаны в students.yaml
10:36:57.770 [main] INFO  s.i.r.StudentsRepositoryImpl - Студент успешно добавлен к списку
10:36:57.770 [main] INFO  s.i.r.StudentsRepositoryImpl - Данные успешно записаны в students.yaml
10:36:57.770 [main] INFO  s.i.r.StudentsRepositoryImpl - Оценка за тест успешно добавлена
10:36:57.770 [main] INFO  s.i.r.StudentsRepositoryImpl - Данные успешно записаны в students.yaml
12:09:12.974 [main] INFO  s.i.r.StudentsRepositoryImpl - Студент успешно добавлен к списку
12:09:12.979 [main] INFO  s.i.r.StudentsRepositoryImpl - Данные успешно записаны в students.yaml
12:09:12.981 [main] INFO  s.i.r.StudentsRepositoryImpl - Оценка за тест успешно добавлена
12:09:12.982 [main] INFO  s.i.r.StudentsRepositoryImpl - Данные успешно записаны в students.yaml
12:09:12.982 [main] INFO  s.i.r.StudentsRepositoryImpl - Оценка за тест успешно добавлена
12:09:12.983 [main] INFO  s.i.r.StudentsRepositoryImpl - Данные успешно записаны в students.yaml
12:09:12.983 [main] INFO  s.i.r.StudentsRepositoryImpl - Студент успешно добавлен к списку
12:09:12.983 [main] INFO  s.i.r.StudentsRepositoryImpl - Данные успешно записаны в students.yaml
12:09:12.983 [main] INFO  s.i.r.StudentsRepositoryImpl - Оценка за тест успешно добавлена
12:09:12.984 [main] INFO  s.i.r.StudentsRepositoryImpl - Данные успешно записаны в students.yaml
12:09:12.984 [main] INFO  s.i.r.StudentsRepositoryImpl - Студент успешно добавлен к списку
12:09:12.984 [main] INFO  s.i.r.StudentsRepositoryImpl - Данные успешно записаны в students.yaml
12:09:12.984 [main] INFO  s.i.r.StudentsRepositoryImpl - Оценка за тест успешно добавлена
12:09:12.985 [main] INFO  s.i.r.StudentsRepositoryImpl - Данные успешно записаны в students.yaml
12:09:12.985 [main] INFO  s.i.r.StudentsRepositoryImpl - Оценка за тест успешно добавлена
12:09:12.985 [main] INFO  s.i.r.StudentsRepositoryImpl - Данные успешно записаны в students.yaml
12:09:12.985 [main] INFO  s.i.r.StudentsRepositoryImpl - Оценка за тест успешно добавлена
12:09:12.986 [main] INFO  s.i.r.StudentsRepositoryImpl - Данные успешно записаны в students.yaml
12:09:12.986 [main] INFO  s.i.r.StudentsRepositoryImpl - Студент успешно добавлен к списку
12:09:12.987 [main] INFO  s.i.r.StudentsRepositoryImpl - Данные успешно записаны в students.yaml
12:09:12.987 [main] INFO  s.i.r.StudentsRepositoryImpl - Оценка за тест успешно добавлена
12:09:12.988 [main] INFO  s.i.r.StudentsRepositoryImpl - Данные успешно записаны в students.yaml
12:09:12.992 [main] INFO  s.i.r.StudentsRepositoryImpl - Студент успешно добавлен к списку
12:09:12.993 [main] INFO  s.i.r.StudentsRepositoryImpl - Данные успешно записаны в students.yaml
12:09:12.993 [main] INFO  s.i.r.StudentsRepositoryImpl - Оценка за тест успешно добавлена
12:09:12.994 [main] INFO  s.i.r.StudentsRepositoryImpl - Данные успешно записаны в students.yaml
12:09:12.994 [main] INFO  s.i.r.StudentsRepositoryImpl - Оценка за тест успешно добавлена
12:09:12.994 [main] INFO  s.i.r.StudentsRepositoryImpl - Данные успешно записаны в students.yaml
12:09:12.994 [main] INFO  s.i.r.StudentsRepositoryImpl - Студент успешно добавлен к списку
12:09:12.995 [main] INFO  s.i.r.StudentsRepositoryImpl - Данные успешно записаны в students.yaml
12:09:12.995 [main] INFO  s.i.r.StudentsRepositoryImpl - Оценка за тест успешно добавлена
12:09:12.995 [main] INFO  s.i.r.StudentsRepositoryImpl - Данные успешно записаны в students.yaml
12:09:12.995 [main] INFO  s.i.r.StudentsRepositoryImpl - Студент успешно добавлен к списку
12:09:12.996 [main] INFO  s.i.r.StudentsRepositoryImpl - Данные успешно записаны в students.yaml
12:09:12.996 [main] INFO  s.i.r.StudentsRepositoryImpl - Оценка за тест успешно добавлена
12:09:12.996 [main] INFO  s.i.r.StudentsRepositoryImpl - Данные успешно записаны в students.yaml
12:09:12.996 [main] INFO  s.i.r.StudentsRepositoryImpl - Оценка за тест успешно добавлена
12:09:12.997 [main] INFO  s.i.r.StudentsRepositoryImpl - Данные успешно записаны в students.yaml
12:09:12.997 [main] INFO  s.i.r.StudentsRepositoryImpl - Оценка за тест успешно добавлена
12:09:12.997 [main] INFO  s.i.r.StudentsRepositoryImpl - Данные успешно записаны в students.yaml
12:09:12.997 [main] INFO  s.i.r.StudentsRepositoryImpl - Студент успешно добавлен к списку
12:09:12.998 [main] INFO  s.i.r.StudentsRepositoryImpl - Данные успешно записаны в students.yaml
12:09:12.998 [main] INFO  s.i.r.StudentsRepositoryImpl - Оценка за тест успешно добавлена
12:09:12.998 [main] INFO  s.i.r.StudentsRepositoryImpl - Данные успешно записаны в students.yaml
12:09:12.999 [main] INFO  s.i.r.StudentsRepositoryImpl - Студент успешно добавлен к списку
12:09:13.000 [main] INFO  s.i.r.StudentsRepositoryImpl - Данные успешно записаны в students.yaml
12:09:13.000 [main] INFO  s.i.r.StudentsRepositoryImpl - Оценка за тест успешно добавлена
12:09:13.001 [main] INFO  s.i.r.StudentsRepositoryImpl - Данные успешно записаны в students.yaml
12:09:13.010 [main] INFO  s.i.r.StudentsRepositoryImpl - Студент успешно добавлен к списку
12:09:13.011 [main] INFO  s.i.r.StudentsRepositoryImpl - Данные успешно записаны в students.yaml
12:09:13.011 [main] INFO  s.i.r.StudentsRepositoryImpl - Оценка за тест успешно добавлена
12:09:13.011 [main] INFO  s.i.r.StudentsRepositoryImpl - Данные успешно записаны в students.yaml
12:09:13.012 [main] INFO  s.i.r.StudentsRepositoryImpl - Оценка за тест успешно добавлена
12:09:13.012 [main] INFO  s.i.r.StudentsRepositoryImpl - Данные успешно записаны в students.yaml
12:09:13.012 [main] INFO  s.i.r.StudentsRepositoryImpl - Студент успешно добавлен к списку
12:09:13.012 [main] INFO  s.i.r.StudentsRepositoryImpl - Данные успешно записаны в students.yaml
12:09:13.013 [main] INFO  s.i.r.StudentsRepositoryImpl - Оценка за тест успешно добавлена
12:09:13.013 [main] INFO  s.i.r.StudentsRepositoryImpl - Данные успешно записаны в students.yaml
12:09:13.013 [main] INFO  s.i.r.StudentsRepositoryImpl - Студент успешно добавлен к списку
12:09:13.013 [main] INFO  s.i.r.StudentsRepositoryImpl - Данные успешно записаны в students.yaml
12:09:13.013 [main] INFO  s.i.r.StudentsRepositoryImpl - Оценка за тест успешно добавлена
12:09:13.014 [main] INFO  s.i.r.StudentsRepositoryImpl - Данные успешно записаны в students.yaml
12:09:13.014 [main] INFO  s.i.r.StudentsRepositoryImpl - Оценка за тест успешно добавлена
12:09:13.014 [main] INFO  s.i.r.StudentsRepositoryImpl - Данные успешно записаны в students.yaml
12:09:13.014 [main] INFO  s.i.r.StudentsRepositoryImpl - Оценка за тест успешно добавлена
12:09:13.015 [main] INFO  s.i.r.StudentsRepositoryImpl - Данные успешно записаны в students.yaml
12:09:13.015 [main] INFO  s.i.r.StudentsRepositoryImpl - Студент успешно добавлен к списку
12:09:13.015 [main] INFO  s.i.r.StudentsRepositoryImpl - Данные успешно записаны в students.yaml
12:09:13.015 [main] INFO  s.i.r.StudentsRepositoryImpl - Оценка за тест успешно добавлена
12:09:13.016 [main] INFO  s.i.r.StudentsRepositoryImpl - Данные успешно записаны в students.yaml
12:09:13.017 [main] INFO  s.i.r.StudentsRepositoryImpl - Студент успешно добавлен к списку
12:09:13.018 [main] INFO  s.i.r.StudentsRepositoryImpl - Данные успешно записаны в students.yaml
12:09:13.018 [main] INFO  s.i.r.StudentsRepositoryImpl - Студент успешно отчислен)
12:09:13.018 [main] INFO  s.i.r.StudentsRepositoryImpl - Данные успешно записаны в students.yaml
12:09:13.024 [main] INFO  s.i.r.StudentsRepositoryImpl - Студент успешно добавлен к списку
12:09:13.025 [main] INFO  s.i.r.StudentsRepositoryImpl - Данные успешно записаны в students.yaml
12:09:13.025 [main] INFO  s.i.r.StudentsRepositoryImpl - Оценка за тест успешно добавлена
12:09:13.026 [main] INFO  s.i.r.StudentsRepositoryImpl - Данные успешно записаны в students.yaml
12:09:13.026 [main] INFO  s.i.r.StudentsRepositoryImpl - Оценка за тест успешно добавлена
12:09:13.027 [main] INFO  s.i.r.StudentsRepositoryImpl - Данные успешно записаны в students.yaml
12:09:13.027 [main] INFO  s.i.r.StudentsRepositoryImpl - Студент успешно добавлен к списку
12:09:13.027 [main] INFO  s.i.r.StudentsRepositoryImpl - Данные успешно записаны в students.yaml
12:09:13.028 [main] INFO  s.i.r.StudentsRepositoryImpl - Оценка за тест успешно добавлена
12:09:13.028 [main] INFO  s.i.r.StudentsRepositoryImpl - Данные успешно записаны в students.yaml
12:09:13.028 [main] INFO  s.i.r.StudentsRepositoryImpl - Студент успешно добавлен к списку
12:09:13.029 [main] INFO  s.i.r.StudentsRepositoryImpl - Данные успешно записаны в students.yaml
12:09:13.029 [main] INFO  s.i.r.StudentsRepositoryImpl - Оценка за тест успешно добавлена
12:09:13.029 [main] INFO  s.i.r.StudentsRepositoryImpl - Данные успешно записаны в students.yaml
12:09:13.030 [main] INFO  s.i.r.StudentsRepositoryImpl - Оценка за тест успешно добавлена
12:09:13.030 [main] INFO  s.i.r.StudentsRepositoryImpl - Данные успешно записаны в students.yaml
12:09:13.030 [main] INFO  s.i.r.StudentsRepositoryImpl - Оценка за тест успешно добавлена
12:09:13.031 [main] INFO  s.i.r.StudentsRepositoryImpl - Данные успешно записаны в students.yaml
12:09:13.031 [main] INFO  s.i.r.StudentsRepositoryImpl - Студент успешно добавлен к списку
12:09:13.031 [main] INFO  s.i.r.StudentsRepositoryImpl - Данные успешно записаны в students.yaml
12:09:13.031 [main] INFO  s.i.r.StudentsRepositoryImpl - Оценка за тест успешно добавлена
12:09:13.032 [main] INFO  s.i.r.StudentsRepositoryImpl - Данные успешно записаны в students.yaml
12:09:13.033 [main] INFO  s.i.r.StudentsRepositoryImpl - Студент успешно добавлен к списку
12:09:13.034 [main] INFO  s.i.r.StudentsRepositoryImpl - Данные успешно записаны в students.yaml
12:09:13.035 [main] INFO  s.i.r.StudentsRepositoryImpl - Студент успешно добавлен к списку
12:09:13.039 [main] INFO  s.i.r.StudentsRepositoryImpl - Данные успешно записаны в students.yaml
12:09:13.039 [main] INFO  s.i.r.StudentsRepositoryImpl - Оценка за тест успешно добавлена
12:09:13.039 [main] INFO  s.i.r.StudentsRepositoryImpl - Данные успешно записаны в students.yaml
12:09:13.040 [main] INFO  s.i.r.StudentsRepositoryImpl - Оценка за тест успешно добавлена
12:09:13.041 [main] INFO  s.i.r.StudentsRepositoryImpl - Данные успешно записаны в students.yaml
12:09:13.041 [main] INFO  s.i.r.StudentsRepositoryImpl - Студент успешно добавлен к списку
12:09:13.042 [main] INFO  s.i.r.StudentsRepositoryImpl - Данные успешно записаны в students.yaml
12:09:13.042 [main] INFO  s.i.r.StudentsRepositoryImpl - Оценка за тест успешно добавлена
12:09:13.043 [main] INFO  s.i.r.StudentsRepositoryImpl - Данные успешно записаны в students.yaml
12:09:13.043 [main] INFO  s.i.r.StudentsRepositoryImpl - Студент успешно добавлен к списку
12:09:13.043 [main] INFO  s.i.r.StudentsRepositoryImpl - Данные успешно записаны в students.yaml
12:09:13.043 [main] INFO  s.i.r.StudentsRepositoryImpl - Оценка за тест успешно добавлена
12:09:13.044 [main] INFO  s.i.r.StudentsRepositoryImpl - Данные успешно записаны в students.yaml
12:09:13.044 [main] INFO  s.i.r.StudentsRepositoryImpl - Оценка за тест успешно добавлена
12:09:13.045 [main] INFO  s.i.r.StudentsRepositoryImpl - Данные успешно записаны в students.yaml
12:09:13.045 [main] INFO  s.i.r.StudentsRepositoryImpl - Оценка за тест успешно добавлена
12:09:13.045 [main] INFO  s.i.r.StudentsRepositoryImpl - Данные успешно записаны в students.yaml
12:09:13.045 [main] INFO  s.i.r.StudentsRepositoryImpl - Студент успешно добавлен к списку
12:09:13.046 [main] INFO  s.i.r.StudentsRepositoryImpl - Данные успешно записаны в students.yaml
12:09:13.046 [main] INFO  s.i.r.StudentsRepositoryImpl - Оценка за тест успешно добавлена
12:09:13.046 [main] INFO  s.i.r.StudentsRepositoryImpl - Данные успешно записаны в students.yaml
12:09:13.048 [main] INFO  s.i.r.StudentsRepositoryImpl - Студент успешно добавлен к списку
12:09:13.049 [main] INFO  s.i.r.StudentsRepositoryImpl - Данные успешно записаны в students.yaml
12:09:13.049 [main] INFO  s.i.r.StudentsRepositoryImpl - Оценка за тест успешно добавлена
12:09:13.050 [main] INFO  s.i.r.StudentsRepositoryImpl - Данные успешно записаны в students.yaml
12:09:13.050 [main] INFO  s.i.r.StudentsRepositoryImpl - Оценка за тест успешно добавлена
12:09:13.050 [main] INFO  s.i.r.StudentsRepositoryImpl - Данные успешно записаны в students.yaml
12:09:13.050 [main] INFO  s.i.r.StudentsRepositoryImpl - Студент успешно добавлен к списку
12:09:13.051 [main] INFO  s.i.r.StudentsRepositoryImpl - Данные успешно записаны в students.yaml
12:09:13.051 [main] INFO  s.i.r.StudentsRepositoryImpl - Оценка за тест успешно добавлена
12:09:13.052 [main] INFO  s.i.r.StudentsRepositoryImpl - Данные успешно записаны в students.yaml
12:09:13.052 [main] INFO  s.i.r.StudentsRepositoryImpl - Студент успешно добавлен к списку
12:09:13.052 [main] INFO  s.i.r.StudentsRepositoryImpl - Данные успешно записаны в students.yaml
12:09:13.053 [main] INFO  s.i.r.StudentsRepositoryImpl - Оценка за тест успешно добавлена
12:09:13.055 [main] INFO  s.i.r.StudentsRepositoryImpl - Данные успешно записаны в students.yaml
12:09:13.055 [main] INFO  s.i.r.StudentsRepositoryImpl - Оценка за тест успешно добавлена
12:09:13.056 [main] INFO  s.i.r.StudentsRepositoryImpl - Данные успешно записаны в students.yaml
12:09:13.057 [main] INFO  s.i.r.StudentsRepositoryImpl - Оценка за тест успешно добавлена
12:09:13.058 [main] INFO  s.i.r.StudentsRepositoryImpl - Данные успешно записаны в students.yaml
12:09:13.058 [main] INFO  s.i.r.StudentsRepositoryImpl - Студент успешно добавлен к списку
12:09:13.058 [main] INFO  s.i.r.StudentsRepositoryImpl - Данные успешно записаны в students.yaml
12:09:13.058 [main] INFO  s.i.r.StudentsRepositoryImpl - Оценка за тест успешно добавлена
12:09:13.059 [main] INFO  s.i.r.StudentsRepositoryImpl - Данные успешно записаны в students.yaml
16:35:19.789 [main] INFO  s.i.r.StudentsRepositoryImpl - РЎС‚СѓРґРµРЅС‚ СѓСЃРїРµС€РЅРѕ РґРѕР±Р°РІР»РµРЅ Рє СЃРїРёСЃРєСѓ
16:35:19.829 [main] INFO  s.i.r.StudentsRepositoryImpl - Р”Р°РЅРЅС‹Рµ СѓСЃРїРµС€РЅРѕ Р·Р°РїРёСЃР°РЅС‹ РІ students.yaml
16:35:19.831 [main] INFO  s.i.r.StudentsRepositoryImpl - РћС†РµРЅРєР° Р·Р° С‚РµСЃС‚ СѓСЃРїРµС€РЅРѕ РґРѕР±Р°РІР»РµРЅР°
16:35:19.832 [main] INFO  s.i.r.StudentsRepositoryImpl - Р”Р°РЅРЅС‹Рµ СѓСЃРїРµС€РЅРѕ Р·Р°РїРёСЃР°РЅС‹ РІ students.yaml
16:35:19.834 [main] INFO  s.i.r.StudentsRepositoryImpl - РћС†РµРЅРєР° Р·Р° С‚РµСЃС‚ СѓСЃРїРµС€РЅРѕ РґРѕР±Р°РІР»РµРЅР°
16:35:19.835 [main] INFO  s.i.r.StudentsRepositoryImpl - Р”Р°РЅРЅС‹Рµ СѓСЃРїРµС€РЅРѕ Р·Р°РїРёСЃР°РЅС‹ РІ students.yaml
16:35:19.835 [main] INFO  s.i.r.StudentsRepositoryImpl - РЎС‚СѓРґРµРЅС‚ СѓСЃРїРµС€РЅРѕ РґРѕР±Р°РІР»РµРЅ Рє СЃРїРёСЃРєСѓ
16:35:19.836 [main] INFO  s.i.r.StudentsRepositoryImpl - Р”Р°РЅРЅС‹Рµ СѓСЃРїРµС€РЅРѕ Р·Р°РїРёСЃР°РЅС‹ РІ students.yaml
16:35:19.836 [main] INFO  s.i.r.StudentsRepositoryImpl - РћС†РµРЅРєР° Р·Р° С‚РµСЃС‚ СѓСЃРїРµС€РЅРѕ РґРѕР±Р°РІР»РµРЅР°
16:35:19.836 [main] INFO  s.i.r.StudentsRepositoryImpl - Р”Р°РЅРЅС‹Рµ СѓСЃРїРµС€РЅРѕ Р·Р°РїРёСЃР°РЅС‹ РІ students.yaml
16:35:19.837 [main] INFO  s.i.r.StudentsRepositoryImpl - РЎС‚СѓРґРµРЅС‚ СѓСЃРїРµС€РЅРѕ РґРѕР±Р°РІР»РµРЅ Рє СЃРїРёСЃРєСѓ
16:35:19.837 [main] INFO  s.i.r.StudentsRepositoryImpl - Р”Р°РЅРЅС‹Рµ СѓСЃРїРµС€РЅРѕ Р·Р°РїРёСЃР°РЅС‹ РІ students.yaml
16:35:19.837 [main] INFO  s.i.r.StudentsRepositoryImpl - РћС†РµРЅРєР° Р·Р° С‚РµСЃС‚ СѓСЃРїРµС€РЅРѕ РґРѕР±Р°РІР»РµРЅР°
16:35:19.838 [main] INFO  s.i.r.StudentsRepositoryImpl - Р”Р°РЅРЅС‹Рµ СѓСЃРїРµС€РЅРѕ Р·Р°РїРёСЃР°РЅС‹ РІ students.yaml
16:35:19.838 [main] INFO  s.i.r.StudentsRepositoryImpl - РћС†РµРЅРєР° Р·Р° С‚РµСЃС‚ СѓСЃРїРµС€РЅРѕ РґРѕР±Р°РІР»РµРЅР°
16:35:19.838 [main] INFO  s.i.r.StudentsRepositoryImpl - Р”Р°РЅРЅС‹Рµ СѓСЃРїРµС€РЅРѕ Р·Р°РїРёСЃР°РЅС‹ РІ students.yaml
16:35:19.839 [main] INFO  s.i.r.StudentsRepositoryImpl - РћС†РµРЅРєР° Р·Р° С‚РµСЃС‚ СѓСЃРїРµС€РЅРѕ РґРѕР±Р°РІР»РµРЅР°
16:35:19.839 [main] INFO  s.i.r.StudentsRepositoryImpl - Р”Р°РЅРЅС‹Рµ СѓСЃРїРµС€РЅРѕ Р·Р°РїРёСЃР°РЅС‹ РІ students.yaml
16:35:19.840 [main] INFO  s.i.r.StudentsRepositoryImpl - РЎС‚СѓРґРµРЅС‚ СѓСЃРїРµС€РЅРѕ РґРѕР±Р°РІР»РµРЅ Рє СЃРїРёСЃРєСѓ
16:35:19.840 [main] INFO  s.i.r.StudentsRepositoryImpl - Р”Р°РЅРЅС‹Рµ СѓСЃРїРµС€РЅРѕ Р·Р°РїРёСЃР°РЅС‹ РІ students.yaml
16:35:19.841 [main] INFO  s.i.r.StudentsRepositoryImpl - РћС†РµРЅРєР° Р·Р° С‚РµСЃС‚ СѓСЃРїРµС€РЅРѕ РґРѕР±Р°РІР»РµРЅР°
16:35:19.841 [main] INFO  s.i.r.StudentsRepositoryImpl - Р”Р°РЅРЅС‹Рµ СѓСЃРїРµС€РЅРѕ Р·Р°РїРёСЃР°РЅС‹ РІ students.yaml
16:35:19.869 [main] INFO  s.i.r.StudentsRepositoryImpl - РЎС‚СѓРґРµРЅС‚ СѓСЃРїРµС€РЅРѕ РґРѕР±Р°РІР»РµРЅ Рє СЃРїРёСЃРєСѓ
16:35:19.870 [main] INFO  s.i.r.StudentsRepositoryImpl - Р”Р°РЅРЅС‹Рµ СѓСЃРїРµС€РЅРѕ Р·Р°РїРёСЃР°РЅС‹ РІ students.yaml
16:35:19.870 [main] INFO  s.i.r.StudentsRepositoryImpl - РћС†РµРЅРєР° Р·Р° С‚РµСЃС‚ СѓСЃРїРµС€РЅРѕ РґРѕР±Р°РІР»РµРЅР°
16:35:19.871 [main] INFO  s.i.r.StudentsRepositoryImpl - Р”Р°РЅРЅС‹Рµ СѓСЃРїРµС€РЅРѕ Р·Р°РїРёСЃР°РЅС‹ РІ students.yaml
16:35:19.871 [main] INFO  s.i.r.StudentsRepositoryImpl - РћС†РµРЅРєР° Р·Р° С‚РµСЃС‚ СѓСЃРїРµС€РЅРѕ РґРѕР±Р°РІР»РµРЅР°
16:35:19.871 [main] INFO  s.i.r.StudentsRepositoryImpl - Р”Р°РЅРЅС‹Рµ СѓСЃРїРµС€РЅРѕ Р·Р°РїРёСЃР°РЅС‹ РІ students.yaml
16:35:19.871 [main] INFO  s.i.r.StudentsRepositoryImpl - РЎС‚СѓРґРµРЅС‚ СѓСЃРїРµС€РЅРѕ РґРѕР±Р°РІР»РµРЅ Рє СЃРїРёСЃРєСѓ
16:35:19.872 [main] INFO  s.i.r.StudentsRepositoryImpl - Р”Р°РЅРЅС‹Рµ СѓСЃРїРµС€РЅРѕ Р·Р°РїРёСЃР°РЅС‹ РІ students.yaml
16:35:19.872 [main] INFO  s.i.r.StudentsRepositoryImpl - РћС†РµРЅРєР° Р·Р° С‚РµСЃС‚ СѓСЃРїРµС€РЅРѕ РґРѕР±Р°РІР»РµРЅР°
16:35:19.872 [main] INFO  s.i.r.StudentsRepositoryImpl - Р”Р°РЅРЅС‹Рµ СѓСЃРїРµС€РЅРѕ Р·Р°РїРёСЃР°РЅС‹ РІ students.yaml
16:35:19.873 [main] INFO  s.i.r.StudentsRepositoryImpl - РЎС‚СѓРґРµРЅС‚ СѓСЃРїРµС€РЅРѕ РґРѕР±Р°РІР»РµРЅ Рє СЃРїРёСЃРєСѓ
16:35:19.873 [main] INFO  s.i.r.StudentsRepositoryImpl - Р”Р°РЅРЅС‹Рµ СѓСЃРїРµС€РЅРѕ Р·Р°РїРёСЃР°РЅС‹ РІ students.yaml
16:35:19.873 [main] INFO  s.i.r.StudentsRepositoryImpl - РћС†РµРЅРєР° Р·Р° С‚РµСЃС‚ СѓСЃРїРµС€РЅРѕ РґРѕР±Р°РІР»РµРЅР°
16:35:19.874 [main] INFO  s.i.r.StudentsRepositoryImpl - Р”Р°РЅРЅС‹Рµ СѓСЃРїРµС€РЅРѕ Р·Р°РїРёСЃР°РЅС‹ РІ students.yaml
16:35:19.874 [main] INFO  s.i.r.StudentsRepositoryImpl - РћС†РµРЅРєР° Р·Р° С‚РµСЃС‚ СѓСЃРїРµС€РЅРѕ РґРѕР±Р°РІР»РµРЅР°
16:35:19.874 [main] INFO  s.i.r.StudentsRepositoryImpl - Р”Р°РЅРЅС‹Рµ СѓСЃРїРµС€РЅРѕ Р·Р°РїРёСЃР°РЅС‹ РІ students.yaml
16:35:19.875 [main] INFO  s.i.r.StudentsRepositoryImpl - РћС†РµРЅРєР° Р·Р° С‚РµСЃС‚ СѓСЃРїРµС€РЅРѕ РґРѕР±Р°РІР»РµРЅР°
16:35:19.875 [main] INFO  s.i.r.StudentsRepositoryImpl - Р”Р°РЅРЅС‹Рµ СѓСЃРїРµС€РЅРѕ Р·Р°РїРёСЃР°РЅС‹ РІ students.yaml
16:35:19.875 [main] INFO  s.i.r.StudentsRepositoryImpl - РЎС‚СѓРґРµРЅС‚ СѓСЃРїРµС€РЅРѕ РґРѕР±Р°РІР»РµРЅ Рє СЃРїРёСЃРєСѓ
16:35:19.876 [main] INFO  s.i.r.StudentsRepositoryImpl - Р”Р°РЅРЅС‹Рµ СѓСЃРїРµС€РЅРѕ Р·Р°РїРёСЃР°РЅС‹ РІ students.yaml
16:35:19.876 [main] INFO  s.i.r.StudentsRepositoryImpl - РћС†РµРЅРєР° Р·Р° С‚РµСЃС‚ СѓСЃРїРµС€РЅРѕ РґРѕР±Р°РІР»РµРЅР°
16:35:19.876 [main] INFO  s.i.r.StudentsRepositoryImpl - Р”Р°РЅРЅС‹Рµ СѓСЃРїРµС€РЅРѕ Р·Р°РїРёСЃР°РЅС‹ РІ students.yaml
16:35:19.878 [main] INFO  s.i.r.StudentsRepositoryImpl - РЎС‚СѓРґРµРЅС‚ СѓСЃРїРµС€РЅРѕ РґРѕР±Р°РІР»РµРЅ Рє СЃРїРёСЃРєСѓ
16:35:19.879 [main] INFO  s.i.r.StudentsRepositoryImpl - Р”Р°РЅРЅС‹Рµ СѓСЃРїРµС€РЅРѕ Р·Р°РїРёСЃР°РЅС‹ РІ students.yaml
16:35:19.880 [main] INFO  s.i.r.StudentsRepositoryImpl - РћС†РµРЅРєР° Р·Р° С‚РµСЃС‚ СѓСЃРїРµС€РЅРѕ РґРѕР±Р°РІР»РµРЅР°
16:35:19.880 [main] INFO  s.i.r.StudentsRepositoryImpl - Р”Р°РЅРЅС‹Рµ СѓСЃРїРµС€РЅРѕ Р·Р°РїРёСЃР°РЅС‹ РІ students.yaml
16:35:19.887 [main] INFO  s.i.r.StudentsRepositoryImpl - РЎС‚СѓРґРµРЅС‚ СѓСЃРїРµС€РЅРѕ РґРѕР±Р°РІР»РµРЅ Рє СЃРїРёСЃРєСѓ
16:35:19.888 [main] INFO  s.i.r.StudentsRepositoryImpl - Р”Р°РЅРЅС‹Рµ СѓСЃРїРµС€РЅРѕ Р·Р°РїРёСЃР°РЅС‹ РІ students.yaml
16:35:19.888 [main] INFO  s.i.r.StudentsRepositoryImpl - РћС†РµРЅРєР° Р·Р° С‚РµСЃС‚ СѓСЃРїРµС€РЅРѕ РґРѕР±Р°РІР»РµРЅР°
16:35:19.888 [main] INFO  s.i.r.StudentsRepositoryImpl - Р”Р°РЅРЅС‹Рµ СѓСЃРїРµС€РЅРѕ Р·Р°РїРёСЃР°РЅС‹ РІ students.yaml
16:35:19.888 [main] INFO  s.i.r.StudentsRepositoryImpl - РћС†РµРЅРєР° Р·Р° С‚РµСЃС‚ СѓСЃРїРµС€РЅРѕ РґРѕР±Р°РІР»РµРЅР°
16:35:19.889 [main] INFO  s.i.r.StudentsRepositoryImpl - Р”Р°РЅРЅС‹Рµ СѓСЃРїРµС€РЅРѕ Р·Р°РїРёСЃР°РЅС‹ РІ students.yaml
16:35:19.889 [main] INFO  s.i.r.StudentsRepositoryImpl - РЎС‚СѓРґРµРЅС‚ СѓСЃРїРµС€РЅРѕ РґРѕР±Р°РІР»РµРЅ Рє СЃРїРёСЃРєСѓ
16:35:19.890 [main] INFO  s.i.r.StudentsRepositoryImpl - Р”Р°РЅРЅС‹Рµ СѓСЃРїРµС€РЅРѕ Р·Р°РїРёСЃР°РЅС‹ РІ students.yaml
16:35:19.890 [main] INFO  s.i.r.StudentsRepositoryImpl - РћС†РµРЅРєР° Р·Р° С‚РµСЃС‚ СѓСЃРїРµС€РЅРѕ РґРѕР±Р°РІР»РµРЅР°
16:35:19.890 [main] INFO  s.i.r.StudentsRepositoryImpl - Р”Р°РЅРЅС‹Рµ СѓСЃРїРµС€РЅРѕ Р·Р°РїРёСЃР°РЅС‹ РІ students.yaml
16:35:19.891 [main] INFO  s.i.r.StudentsRepositoryImpl - РЎС‚СѓРґРµРЅС‚ СѓСЃРїРµС€РЅРѕ РґРѕР±Р°РІР»РµРЅ Рє СЃРїРёСЃРєСѓ
16:35:19.891 [main] INFO  s.i.r.StudentsRepositoryImpl - Р”Р°РЅРЅС‹Рµ СѓСЃРїРµС€РЅРѕ Р·Р°РїРёСЃР°РЅС‹ РІ students.yaml
16:35:19.891 [main] INFO  s.i.r.StudentsRepositoryImpl - РћС†РµРЅРєР° Р·Р° С‚РµСЃС‚ СѓСЃРїРµС€РЅРѕ РґРѕР±Р°РІР»РµРЅР°
16:35:19.892 [main] INFO  s.i.r.StudentsRepositoryImpl - Р”Р°РЅРЅС‹Рµ СѓСЃРїРµС€РЅРѕ Р·Р°РїРёСЃР°РЅС‹ РІ students.yaml
16:35:19.892 [main] INFO  s.i.r.StudentsRepositoryImpl - РћС†РµРЅРєР° Р·Р° С‚РµСЃС‚ СѓСЃРїРµС€РЅРѕ РґРѕР±Р°РІР»РµРЅР°
16:35:19.893 [main] INFO  s.i.r.StudentsRepositoryImpl - Р”Р°РЅРЅС‹Рµ СѓСЃРїРµС€РЅРѕ Р·Р°РїРёСЃР°РЅС‹ РІ students.yaml
16:35:19.893 [main] INFO  s.i.r.StudentsRepositoryImpl - РћС†РµРЅРєР° Р·Р° С‚РµСЃС‚ СѓСЃРїРµС€РЅРѕ РґРѕР±Р°РІР»РµРЅР°
16:35:19.894 [main] INFO  s.i.r.StudentsRepositoryImpl - Р”Р°РЅРЅС‹Рµ СѓСЃРїРµС€РЅРѕ Р·Р°РїРёСЃР°РЅС‹ РІ students.yaml
16:35:19.894 [main] INFO  s.i.r.StudentsRepositoryImpl - РЎС‚СѓРґРµРЅС‚ СѓСЃРїРµС€РЅРѕ РґРѕР±Р°РІР»РµРЅ Рє СЃРїРёСЃРєСѓ
16:35:19.894 [main] INFO  s.i.r.StudentsRepositoryImpl - Р”Р°РЅРЅС‹Рµ СѓСЃРїРµС€РЅРѕ Р·Р°РїРёСЃР°РЅС‹ РІ students.yaml
16:35:19.894 [main] INFO  s.i.r.StudentsRepositoryImpl - РћС†РµРЅРєР° Р·Р° С‚РµСЃС‚ СѓСЃРїРµС€РЅРѕ РґРѕР±Р°РІР»РµРЅР°
16:35:19.895 [main] INFO  s.i.r.StudentsRepositoryImpl - Р”Р°РЅРЅС‹Рµ СѓСЃРїРµС€РЅРѕ Р·Р°РїРёСЃР°РЅС‹ РІ students.yaml
16:35:19.897 [main] INFO  s.i.r.StudentsRepositoryImpl - РЎС‚СѓРґРµРЅС‚ СѓСЃРїРµС€РЅРѕ РґРѕР±Р°РІР»РµРЅ Рє СЃРїРёСЃРєСѓ
16:35:19.898 [main] INFO  s.i.r.StudentsRepositoryImpl - Р”Р°РЅРЅС‹Рµ СѓСЃРїРµС€РЅРѕ Р·Р°РїРёСЃР°РЅС‹ РІ students.yaml
16:35:19.899 [main] INFO  s.i.r.StudentsRepositoryImpl - РЎС‚СѓРґРµРЅС‚ СѓСЃРїРµС€РЅРѕ РѕС‚С‡РёСЃР»РµРЅ)
16:35:19.899 [main] INFO  s.i.r.StudentsRepositoryImpl - Р”Р°РЅРЅС‹Рµ СѓСЃРїРµС€РЅРѕ Р·Р°РїРёСЃР°РЅС‹ РІ students.yaml
16:35:19.903 [main] INFO  s.i.r.StudentsRepositoryImpl - РЎС‚СѓРґРµРЅС‚ СѓСЃРїРµС€РЅРѕ РґРѕР±Р°РІР»РµРЅ Рє СЃРїРёСЃРєСѓ
16:35:19.904 [main] INFO  s.i.r.StudentsRepositoryImpl - Р”Р°РЅРЅС‹Рµ СѓСЃРїРµС€РЅРѕ Р·Р°РїРёСЃР°РЅС‹ РІ students.yaml
16:35:19.904 [main] INFO  s.i.r.StudentsRepositoryImpl - РћС†РµРЅРєР° Р·Р° С‚РµСЃС‚ СѓСЃРїРµС€РЅРѕ РґРѕР±Р°РІР»РµРЅР°
16:35:19.904 [main] INFO  s.i.r.StudentsRepositoryImpl - Р”Р°РЅРЅС‹Рµ СѓСЃРїРµС€РЅРѕ Р·Р°РїРёСЃР°РЅС‹ РІ students.yaml
16:35:19.904 [main] INFO  s.i.r.StudentsRepositoryImpl - РћС†РµРЅРєР° Р·Р° С‚РµСЃС‚ СѓСЃРїРµС€РЅРѕ РґРѕР±Р°РІР»РµРЅР°
16:35:19.905 [main] INFO  s.i.r.StudentsRepositoryImpl - Р”Р°РЅРЅС‹Рµ СѓСЃРїРµС€РЅРѕ Р·Р°РїРёСЃР°РЅС‹ РІ students.yaml
16:35:19.905 [main] INFO  s.i.r.StudentsRepositoryImpl - РЎС‚СѓРґРµРЅС‚ СѓСЃРїРµС€РЅРѕ РґРѕР±Р°РІР»РµРЅ Рє СЃРїРёСЃРєСѓ
16:35:19.906 [main] INFO  s.i.r.StudentsRepositoryImpl - Р”Р°РЅРЅС‹Рµ СѓСЃРїРµС€РЅРѕ Р·Р°РїРёСЃР°РЅС‹ РІ students.yaml
16:35:19.906 [main] INFO  s.i.r.StudentsRepositoryImpl - РћС†РµРЅРєР° Р·Р° С‚РµСЃС‚ СѓСЃРїРµС€РЅРѕ РґРѕР±Р°РІР»РµРЅР°
16:35:19.906 [main] INFO  s.i.r.StudentsRepositoryImpl - Р”Р°РЅРЅС‹Рµ СѓСЃРїРµС€РЅРѕ Р·Р°РїРёСЃР°РЅС‹ РІ students.yaml
16:35:19.907 [main] INFO  s.i.r.StudentsRepositoryImpl - РЎС‚СѓРґРµРЅС‚ СѓСЃРїРµС€РЅРѕ РґРѕР±Р°РІР»РµРЅ Рє СЃРїРёСЃРєСѓ
16:35:19.907 [main] INFO  s.i.r.StudentsRepositoryImpl - Р”Р°РЅРЅС‹Рµ СѓСЃРїРµС€РЅРѕ Р·Р°РїРёСЃР°РЅС‹ РІ students.yaml
16:35:19.907 [main] INFO  s.i.r.StudentsRepositoryImpl - РћС†РµРЅРєР° Р·Р° С‚РµСЃС‚ СѓСЃРїРµС€РЅРѕ РґРѕР±Р°РІР»РµРЅР°
16:35:19.908 [main] INFO  s.i.r.StudentsRepositoryImpl - Р”Р°РЅРЅС‹Рµ СѓСЃРїРµС€РЅРѕ Р·Р°РїРёСЃР°РЅС‹ РІ students.yaml
16:35:19.908 [main] INFO  s.i.r.StudentsRepositoryImpl - РћС†РµРЅРєР° Р·Р° С‚РµСЃС‚ СѓСЃРїРµС€РЅРѕ РґРѕР±Р°РІР»РµРЅР°
16:35:19.908 [main] INFO  s.i.r.StudentsRepositoryImpl - Р”Р°РЅРЅС‹Рµ СѓСЃРїРµС€РЅРѕ Р·Р°РїРёСЃР°РЅС‹ РІ students.yaml
16:35:19.908 [main] INFO  s.i.r.StudentsRepositoryImpl - РћС†РµРЅРєР° Р·Р° С‚РµСЃС‚ СѓСЃРїРµС€РЅРѕ РґРѕР±Р°РІР»РµРЅР°
16:35:19.909 [main] INFO  s.i.r.StudentsRepositoryImpl - Р”Р°РЅРЅС‹Рµ СѓСЃРїРµС€РЅРѕ Р·Р°РїРёСЃР°РЅС‹ РІ students.yaml
16:35:19.909 [main] INFO  s.i.r.StudentsRepositoryImpl - РЎС‚СѓРґРµРЅС‚ СѓСЃРїРµС€РЅРѕ РґРѕР±Р°РІР»РµРЅ Рє СЃРїРёСЃРєСѓ
16:35:19.909 [main] INFO  s.i.r.StudentsRepositoryImpl - Р”Р°РЅРЅС‹Рµ СѓСЃРїРµС€РЅРѕ Р·Р°РїРёСЃР°РЅС‹ РІ students.yaml
16:35:19.909 [main] INFO  s.i.r.StudentsRepositoryImpl - РћС†РµРЅРєР° Р·Р° С‚РµСЃС‚ СѓСЃРїРµС€РЅРѕ РґРѕР±Р°РІР»РµРЅР°
16:35:19.910 [main] INFO  s.i.r.StudentsRepositoryImpl - Р”Р°РЅРЅС‹Рµ СѓСЃРїРµС€РЅРѕ Р·Р°РїРёСЃР°РЅС‹ РІ students.yaml
16:35:19.912 [main] INFO  s.i.r.StudentsRepositoryImpl - РЎС‚СѓРґРµРЅС‚ СѓСЃРїРµС€РЅРѕ РґРѕР±Р°РІР»РµРЅ Рє СЃРїРёСЃРєСѓ
16:35:19.912 [main] INFO  s.i.r.StudentsRepositoryImpl - Р”Р°РЅРЅС‹Рµ СѓСЃРїРµС€РЅРѕ Р·Р°РїРёСЃР°РЅС‹ РІ students.yaml
16:35:19.914 [main] INFO  s.i.r.StudentsRepositoryImpl - РЎС‚СѓРґРµРЅС‚ СѓСЃРїРµС€РЅРѕ РґРѕР±Р°РІР»РµРЅ Рє СЃРїРёСЃРєСѓ
16:35:19.916 [main] INFO  s.i.r.StudentsRepositoryImpl - Р”Р°РЅРЅС‹Рµ СѓСЃРїРµС€РЅРѕ Р·Р°РїРёСЃР°РЅС‹ РІ students.yaml
16:35:19.916 [main] INFO  s.i.r.StudentsRepositoryImpl - РћС†РµРЅРєР° Р·Р° С‚РµСЃС‚ СѓСЃРїРµС€РЅРѕ РґРѕР±Р°РІР»РµРЅР°
16:35:19.917 [main] INFO  s.i.r.StudentsRepositoryImpl - Р”Р°РЅРЅС‹Рµ СѓСЃРїРµС€РЅРѕ Р·Р°РїРёСЃР°РЅС‹ РІ students.yaml
16:35:19.917 [main] INFO  s.i.r.StudentsRepositoryImpl - РћС†РµРЅРєР° Р·Р° С‚РµСЃС‚ СѓСЃРїРµС€РЅРѕ РґРѕР±Р°РІР»РµРЅР°
16:35:19.918 [main] INFO  s.i.r.StudentsRepositoryImpl - Р”Р°РЅРЅС‹Рµ СѓСЃРїРµС€РЅРѕ Р·Р°РїРёСЃР°РЅС‹ РІ students.yaml
16:35:19.918 [main] INFO  s.i.r.StudentsRepositoryImpl - РЎС‚СѓРґРµРЅС‚ СѓСЃРїРµС€РЅРѕ РґРѕР±Р°РІР»РµРЅ Рє СЃРїРёСЃРєСѓ
16:35:19.918 [main] INFO  s.i.r.StudentsRepositoryImpl - Р”Р°РЅРЅС‹Рµ СѓСЃРїРµС€РЅРѕ Р·Р°РїРёСЃР°РЅС‹ РІ students.yaml
16:35:19.918 [main] INFO  s.i.r.StudentsRepositoryImpl - РћС†РµРЅРєР° Р·Р° С‚РµСЃС‚ СѓСЃРїРµС€РЅРѕ РґРѕР±Р°РІР»РµРЅР°
16:35:19.918 [main] INFO  s.i.r.StudentsRepositoryImpl - Р”Р°РЅРЅС‹Рµ СѓСЃРїРµС€РЅРѕ Р·Р°РїРёСЃР°РЅС‹ РІ students.yaml
16:35:19.919 [main] INFO  s.i.r.StudentsRepositoryImpl - РЎС‚СѓРґРµРЅС‚ СѓСЃРїРµС€РЅРѕ РґРѕР±Р°РІР»РµРЅ Рє СЃРїРёСЃРєСѓ
16:35:19.919 [main] INFO  s.i.r.StudentsRepositoryImpl - Р”Р°РЅРЅС‹Рµ СѓСЃРїРµС€РЅРѕ Р·Р°РїРёСЃР°РЅС‹ РІ students.yaml
16:35:19.919 [main] INFO  s.i.r.StudentsRepositoryImpl - РћС†РµРЅРєР° Р·Р° С‚РµСЃС‚ СѓСЃРїРµС€РЅРѕ РґРѕР±Р°РІР»РµРЅР°
16:35:19.919 [main] INFO  s.i.r.StudentsRepositoryImpl - Р”Р°РЅРЅС‹Рµ СѓСЃРїРµС€РЅРѕ Р·Р°РїРёСЃР°РЅС‹ РІ students.yaml
16:35:19.919 [main] INFO  s.i.r.StudentsRepositoryImpl - РћС†РµРЅРєР° Р·Р° С‚РµСЃС‚ СѓСЃРїРµС€РЅРѕ РґРѕР±Р°РІР»РµРЅР°
16:35:19.920 [main] INFO  s.i.r.StudentsRepositoryImpl - Р”Р°РЅРЅС‹Рµ СѓСЃРїРµС€РЅРѕ Р·Р°РїРёСЃР°РЅС‹ РІ students.yaml
16:35:19.920 [main] INFO  s.i.r.StudentsRepositoryImpl - РћС†РµРЅРєР° Р·Р° С‚РµСЃС‚ СѓСЃРїРµС€РЅРѕ РґРѕР±Р°РІР»РµРЅР°
16:35:19.921 [main] INFO  s.i.r.StudentsRepositoryImpl - Р”Р°РЅРЅС‹Рµ СѓСЃРїРµС€РЅРѕ Р·Р°РїРёСЃР°РЅС‹ РІ students.yaml
16:35:19.921 [main] INFO  s.i.r.StudentsRepositoryImpl - РЎС‚СѓРґРµРЅС‚ СѓСЃРїРµС€РЅРѕ РґРѕР±Р°РІР»РµРЅ Рє СЃРїРёСЃРєСѓ
16:35:19.922 [main] INFO  s.i.r.StudentsRepositoryImpl - Р”Р°РЅРЅС‹Рµ СѓСЃРїРµС€РЅРѕ Р·Р°РїРёСЃР°РЅС‹ РІ students.yaml
16:35:19.922 [main] INFO  s.i.r.StudentsRepositoryImpl - РћС†РµРЅРєР° Р·Р° С‚РµСЃС‚ СѓСЃРїРµС€РЅРѕ РґРѕР±Р°РІР»РµРЅР°
16:35:19.923 [main] INFO  s.i.r.StudentsRepositoryImpl - Р”Р°РЅРЅС‹Рµ СѓСЃРїРµС€РЅРѕ Р·Р°РїРёСЃР°РЅС‹ РІ students.yaml
16:35:19.926 [main] INFO  s.i.r.StudentsRepositoryImpl - РЎС‚СѓРґРµРЅС‚ СѓСЃРїРµС€РЅРѕ РґРѕР±Р°РІР»РµРЅ Рє СЃРїРёСЃРєСѓ
16:35:19.927 [main] INFO  s.i.r.StudentsRepositoryImpl - Р”Р°РЅРЅС‹Рµ СѓСЃРїРµС€РЅРѕ Р·Р°РїРёСЃР°РЅС‹ РІ students.yaml
16:35:19.928 [main] INFO  s.i.r.StudentsRepositoryImpl - РћС†РµРЅРєР° Р·Р° С‚РµСЃС‚ СѓСЃРїРµС€РЅРѕ РґРѕР±Р°РІР»РµРЅР°
16:35:19.929 [main] INFO  s.i.r.StudentsRepositoryImpl - Р”Р°РЅРЅС‹Рµ СѓСЃРїРµС€РЅРѕ Р·Р°РїРёСЃР°РЅС‹ РІ students.yaml
16:35:19.929 [main] INFO  s.i.r.StudentsRepositoryImpl - РћС†РµРЅРєР° Р·Р° С‚РµСЃС‚ СѓСЃРїРµС€РЅРѕ РґРѕР±Р°РІР»РµРЅР°
16:35:19.930 [main] INFO  s.i.r.StudentsRepositoryImpl - Р”Р°РЅРЅС‹Рµ СѓСЃРїРµС€РЅРѕ Р·Р°РїРёСЃР°РЅС‹ РІ students.yaml
16:35:19.930 [main] INFO  s.i.r.StudentsRepositoryImpl - РЎС‚СѓРґРµРЅС‚ СѓСЃРїРµС€РЅРѕ РґРѕР±Р°РІР»РµРЅ Рє СЃРїРёСЃРєСѓ
16:35:19.930 [main] INFO  s.i.r.StudentsRepositoryImpl - Р”Р°РЅРЅС‹Рµ СѓСЃРїРµС€РЅРѕ Р·Р°РїРёСЃР°РЅС‹ РІ students.yaml
16:35:19.931 [main] INFO  s.i.r.StudentsRepositoryImpl - РћС†РµРЅРєР° Р·Р° С‚РµСЃС‚ СѓСЃРїРµС€РЅРѕ РґРѕР±Р°РІР»РµРЅР°
16:35:19.931 [main] INFO  s.i.r.StudentsRepositoryImpl - Р”Р°РЅРЅС‹Рµ СѓСЃРїРµС€РЅРѕ Р·Р°РїРёСЃР°РЅС‹ РІ students.yaml
16:35:19.931 [main] INFO  s.i.r.StudentsRepositoryImpl - РЎС‚СѓРґРµРЅС‚ СѓСЃРїРµС€РЅРѕ РґРѕР±Р°РІР»РµРЅ Рє СЃРїРёСЃРєСѓ
16:35:19.932 [main] INFO  s.i.r.StudentsRepositoryImpl - Р”Р°РЅРЅС‹Рµ СѓСЃРїРµС€РЅРѕ Р·Р°РїРёСЃР°РЅС‹ РІ students.yaml
16:35:19.932 [main] INFO  s.i.r.StudentsRepositoryImpl - РћС†РµРЅРєР° Р·Р° С‚РµСЃС‚ СѓСЃРїРµС€РЅРѕ РґРѕР±Р°РІР»РµРЅР°
16:35:19.933 [main] INFO  s.i.r.StudentsRepositoryImpl - Р”Р°РЅРЅС‹Рµ СѓСЃРїРµС€РЅРѕ Р·Р°РїРёСЃР°РЅС‹ РІ students.yaml
16:35:19.933 [main] INFO  s.i.r.StudentsRepositoryImpl - РћС†РµРЅРєР° Р·Р° С‚РµСЃС‚ СѓСЃРїРµС€РЅРѕ РґРѕР±Р°РІР»РµРЅР°
16:35:19.934 [main] INFO  s.i.r.StudentsRepositoryImpl - Р”Р°РЅРЅС‹Рµ СѓСЃРїРµС€РЅРѕ Р·Р°РїРёСЃР°РЅС‹ РІ students.yaml
16:35:19.934 [main] INFO  s.i.r.StudentsRepositoryImpl - РћС†РµРЅРєР° Р·Р° С‚РµСЃС‚ СѓСЃРїРµС€РЅРѕ РґРѕР±Р°РІР»РµРЅР°
16:35:19.934 [main] INFO  s.i.r.StudentsRepositoryImpl - Р”Р°РЅРЅС‹Рµ СѓСЃРїРµС€РЅРѕ Р·Р°РїРёСЃР°РЅС‹ РІ students.yaml
16:35:19.934 [main] INFO  s.i.r.StudentsRepositoryImpl - РЎС‚СѓРґРµРЅС‚ СѓСЃРїРµС€РЅРѕ РґРѕР±Р°РІР»РµРЅ Рє СЃРїРёСЃРєСѓ
16:35:19.934 [main] INFO  s.i.r.StudentsRepositoryImpl - Р”Р°РЅРЅС‹Рµ СѓСЃРїРµС€РЅРѕ Р·Р°РїРёСЃР°РЅС‹ РІ students.yaml
16:35:19.934 [main] INFO  s.i.r.StudentsRepositoryImpl - РћС†РµРЅРєР° Р·Р° С‚РµСЃС‚ СѓСЃРїРµС€РЅРѕ РґРѕР±Р°РІР»РµРЅР°
16:35:19.935 [main] INFO  s.i.r.StudentsRepositoryImpl - Р”Р°РЅРЅС‹Рµ СѓСЃРїРµС€РЅРѕ Р·Р°РїРёСЃР°РЅС‹ РІ students.yaml
16:41:26.282 [main] INFO  s.i.r.StudentsRepositoryImpl - Студент успешно добавлен к списку
16:41:26.288 [main] INFO  s.i.r.StudentsRepositoryImpl - Данные успешно записаны в students.yaml
16:41:26.290 [main] INFO  s.i.r.StudentsRepositoryImpl - Оценка за тест успешно добавлена
16:41:26.290 [main] INFO  s.i.r.StudentsRepositoryImpl - Данные успешно записаны в students.yaml
16:41:26.291 [main] INFO  s.i.r.StudentsRepositoryImpl - Оценка за тест успешно добавлена
16:41:26.291 [main] INFO  s.i.r.StudentsRepositoryImpl - Данные успешно записаны в students.yaml
16:41:26.291 [main] INFO  s.i.r.StudentsRepositoryImpl - Студент успешно добавлен к списку
16:41:26.292 [main] INFO  s.i.r.StudentsRepositoryImpl - Данные успешно записаны в students.yaml
16:41:26.292 [main] INFO  s.i.r.StudentsRepositoryImpl - Оценка за тест успешно добавлена
16:41:26.293 [main] INFO  s.i.r.StudentsRepositoryImpl - Данные успешно записаны в students.yaml
16:41:26.293 [main] INFO  s.i.r.StudentsRepositoryImpl - Студент успешно добавлен к списку
16:41:26.294 [main] INFO  s.i.r.StudentsRepositoryImpl - Данные успешно записаны в students.yaml
16:41:26.294 [main] INFO  s.i.r.StudentsRepositoryImpl - Оценка за тест успешно добавлена
16:41:26.294 [main] INFO  s.i.r.StudentsRepositoryImpl - Данные успешно записаны в students.yaml
16:41:26.294 [main] INFO  s.i.r.StudentsRepositoryImpl - Оценка за тест успешно добавлена
16:41:26.295 [main] INFO  s.i.r.StudentsRepositoryImpl - Данные успешно записаны в students.yaml
16:41:26.295 [main] INFO  s.i.r.StudentsRepositoryImpl - Оценка за тест успешно добавлена
16:41:26.296 [main] INFO  s.i.r.StudentsRepositoryImpl - Данные успешно записаны в students.yaml
16:41:26.296 [main] INFO  s.i.r.StudentsRepositoryImpl - Студент успешно добавлен к списку
16:41:26.297 [main] INFO  s.i.r.StudentsRepositoryImpl - Данные успешно записаны в students.yaml
16:41:26.297 [main] INFO  s.i.r.StudentsRepositoryImpl - Оценка за тест успешно добавлена
16:41:26.298 [main] INFO  s.i.r.StudentsRepositoryImpl - Данные успешно записаны в students.yaml
16:41:26.302 [main] INFO  s.i.r.StudentsRepositoryImpl - Студент успешно добавлен к списку
16:41:26.303 [main] INFO  s.i.r.StudentsRepositoryImpl - Данные успешно записаны в students.yaml
16:41:26.303 [main] INFO  s.i.r.StudentsRepositoryImpl - Оценка за тест успешно добавлена
16:41:26.303 [main] INFO  s.i.r.StudentsRepositoryImpl - Данные успешно записаны в students.yaml
16:41:26.304 [main] INFO  s.i.r.StudentsRepositoryImpl - Оценка за тест успешно добавлена
16:41:26.305 [main] INFO  s.i.r.StudentsRepositoryImpl - Данные успешно записаны в students.yaml
16:41:26.305 [main] INFO  s.i.r.StudentsRepositoryImpl - Студент успешно добавлен к списку
16:41:26.306 [main] INFO  s.i.r.StudentsRepositoryImpl - Данные успешно записаны в students.yaml
16:41:26.306 [main] INFO  s.i.r.StudentsRepositoryImpl - Оценка за тест успешно добавлена
16:41:26.306 [main] INFO  s.i.r.StudentsRepositoryImpl - Данные успешно записаны в students.yaml
16:41:26.307 [main] INFO  s.i.r.StudentsRepositoryImpl - Студент успешно добавлен к списку
16:41:26.307 [main] INFO  s.i.r.StudentsRepositoryImpl - Данные успешно записаны в students.yaml
16:41:26.307 [main] INFO  s.i.r.StudentsRepositoryImpl - Оценка за тест успешно добавлена
16:41:26.308 [main] INFO  s.i.r.StudentsRepositoryImpl - Данные успешно записаны в students.yaml
16:41:26.308 [main] INFO  s.i.r.StudentsRepositoryImpl - Оценка за тест успешно добавлена
16:41:26.308 [main] INFO  s.i.r.StudentsRepositoryImpl - Данные успешно записаны в students.yaml
16:41:26.309 [main] INFO  s.i.r.StudentsRepositoryImpl - Оценка за тест успешно добавлена
16:41:26.309 [main] INFO  s.i.r.StudentsRepositoryImpl - Данные успешно записаны в students.yaml
16:41:26.310 [main] INFO  s.i.r.StudentsRepositoryImpl - Студент успешно добавлен к списку
16:41:26.310 [main] INFO  s.i.r.StudentsRepositoryImpl - Данные успешно записаны в students.yaml
16:41:26.310 [main] INFO  s.i.r.StudentsRepositoryImpl - Оценка за тест успешно добавлена
16:41:26.311 [main] INFO  s.i.r.StudentsRepositoryImpl - Данные успешно записаны в students.yaml
16:41:26.312 [main] INFO  s.i.r.StudentsRepositoryImpl - Студент успешно добавлен к списку
16:41:26.313 [main] INFO  s.i.r.StudentsRepositoryImpl - Данные успешно записаны в students.yaml
16:41:26.314 [main] INFO  s.i.r.StudentsRepositoryImpl - Оценка за тест успешно добавлена
16:41:26.314 [main] INFO  s.i.r.StudentsRepositoryImpl - Данные успешно записаны в students.yaml
16:41:26.320 [main] INFO  s.i.r.StudentsRepositoryImpl - Студент успешно добавлен к списку
16:41:26.321 [main] INFO  s.i.r.StudentsRepositoryImpl - Данные успешно записаны в students.yaml
16:41:26.321 [main] INFO  s.i.r.StudentsRepositoryImpl - Оценка за тест успешно добавлена
16:41:26.322 [main] INFO  s.i.r.StudentsRepositoryImpl - Данные успешно записаны в students.yaml
16:41:26.322 [main] INFO  s.i.r.StudentsRepositoryImpl - Оценка за тест успешно добавлена
16:41:26.322 [main] INFO  s.i.r.StudentsRepositoryImpl - Данные успешно записаны в students.yaml
16:41:26.322 [main] INFO  s.i.r.StudentsRepositoryImpl - Студент успешно добавлен к списку
16:41:26.323 [main] INFO  s.i.r.StudentsRepositoryImpl - Данные успешно записаны в students.yaml
16:41:26.323 [main] INFO  s.i.r.StudentsRepositoryImpl - Оценка за тест успешно добавлена
16:41:26.323 [main] INFO  s.i.r.StudentsRepositoryImpl - Данные успешно записаны в students.yaml
16:41:26.323 [main] INFO  s.i.r.StudentsRepositoryImpl - Студент успешно добавлен к списку
16:41:26.323 [main] INFO  s.i.r.StudentsRepositoryImpl - Данные успешно записаны в students.yaml
16:41:26.324 [main] INFO  s.i.r.StudentsRepositoryImpl - Оценка за тест успешно добавлена
16:41:26.324 [main] INFO  s.i.r.StudentsRepositoryImpl - Данные успешно записаны в students.yaml
16:41:26.324 [main] INFO  s.i.r.StudentsRepositoryImpl - Оценка за тест успешно добавлена
16:41:26.325 [main] INFO  s.i.r.StudentsRepositoryImpl - Данные успешно записаны в students.yaml
16:41:26.325 [main] INFO  s.i.r.StudentsRepositoryImpl - Оценка за тест успешно добавлена
16:41:26.326 [main] INFO  s.i.r.StudentsRepositoryImpl - Данные успешно записаны в students.yaml
16:41:26.326 [main] INFO  s.i.r.StudentsRepositoryImpl - Студент успешно добавлен к списку
16:41:26.326 [main] INFO  s.i.r.StudentsRepositoryImpl - Данные успешно записаны в students.yaml
16:41:26.327 [main] INFO  s.i.r.StudentsRepositoryImpl - Оценка за тест успешно добавлена
16:41:26.327 [main] INFO  s.i.r.StudentsRepositoryImpl - Данные успешно записаны в students.yaml
16:41:26.328 [main] INFO  s.i.r.StudentsRepositoryImpl - Студент успешно добавлен к списку
16:41:26.329 [main] INFO  s.i.r.StudentsRepositoryImpl - Данные успешно записаны в students.yaml
16:41:26.330 [main] INFO  s.i.r.StudentsRepositoryImpl - Студент успешно отчислен)
16:41:26.331 [main] INFO  s.i.r.StudentsRepositoryImpl - Данные успешно записаны в students.yaml
16:41:26.333 [main] INFO  s.i.r.StudentsRepositoryImpl - Студент успешно добавлен к списку
16:41:26.334 [main] INFO  s.i.r.StudentsRepositoryImpl - Данные успешно записаны в students.yaml
16:41:26.334 [main] INFO  s.i.r.StudentsRepositoryImpl - Оценка за тест успешно добавлена
16:41:26.334 [main] INFO  s.i.r.StudentsRepositoryImpl - Данные успешно записаны в students.yaml
16:41:26.334 [main] INFO  s.i.r.StudentsRepositoryImpl - Оценка за тест успешно добавлена
16:41:26.335 [main] INFO  s.i.r.StudentsRepositoryImpl - Данные успешно записаны в students.yaml
16:41:26.335 [main] INFO  s.i.r.StudentsRepositoryImpl - Студент успешно добавлен к списку
16:41:26.335 [main] INFO  s.i.r.StudentsRepositoryImpl - Данные успешно записаны в students.yaml
16:41:26.336 [main] INFO  s.i.r.StudentsRepositoryImpl - Оценка за тест успешно добавлена
16:41:26.336 [main] INFO  s.i.r.StudentsRepositoryImpl - Данные успешно записаны в students.yaml
16:41:26.336 [main] INFO  s.i.r.StudentsRepositoryImpl - Студент успешно добавлен к списку
16:41:26.337 [main] INFO  s.i.r.StudentsRepositoryImpl - Данные успешно записаны в students.yaml
16:41:26.337 [main] INFO  s.i.r.StudentsRepositoryImpl - Оценка за тест успешно добавлена
16:41:26.337 [main] INFO  s.i.r.StudentsRepositoryImpl - Данные успешно записаны в students.yaml
16:41:26.337 [main] INFO  s.i.r.StudentsRepositoryImpl - Оценка за тест успешно добавлена
16:41:26.338 [main] INFO  s.i.r.StudentsRepositoryImpl - Данные успешно записаны в students.yaml
16:41:26.338 [main] INFO  s.i.r.StudentsRepositoryImpl - Оценка за тест успешно добавлена
16:41:26.339 [main] INFO  s.i.r.StudentsRepositoryImpl - Данные успешно записаны в students.yaml
16:41:26.339 [main] INFO  s.i.r.StudentsRepositoryImpl - Студент успешно добавлен к списку
16:41:26.339 [main] INFO  s.i.r.StudentsRepositoryImpl - Данные успешно записаны в students.yaml
16:41:26.339 [main] INFO  s.i.r.StudentsRepositoryImpl - Оценка за тест успешно добавлена
16:41:26.340 [main] INFO  s.i.r.StudentsRepositoryImpl - Данные успешно записаны в students.yaml
16:41:26.342 [main] INFO  s.i.r.StudentsRepositoryImpl - Студент успешно добавлен к списку
16:41:26.343 [main] INFO  s.i.r.StudentsRepositoryImpl - Данные успешно записаны в students.yaml
16:41:26.345 [main] INFO  s.i.r.StudentsRepositoryImpl - Студент успешно добавлен к списку
16:41:26.346 [main] INFO  s.i.r.StudentsRepositoryImpl - Данные успешно записаны в students.yaml
16:41:26.346 [main] INFO  s.i.r.StudentsRepositoryImpl - Оценка за тест успешно добавлена
16:41:26.346 [main] INFO  s.i.r.StudentsRepositoryImpl - Данные успешно записаны в students.yaml
16:41:26.347 [main] INFO  s.i.r.StudentsRepositoryImpl - Оценка за тест успешно добавлена
16:41:26.347 [main] INFO  s.i.r.StudentsRepositoryImpl - Данные успешно записаны в students.yaml
16:41:26.347 [main] INFO  s.i.r.StudentsRepositoryImpl - Студент успешно добавлен к списку
16:41:26.348 [main] INFO  s.i.r.StudentsRepositoryImpl - Данные успешно записаны в students.yaml
16:41:26.348 [main] INFO  s.i.r.StudentsRepositoryImpl - Оценка за тест успешно добавлена
16:41:26.348 [main] INFO  s.i.r.StudentsRepositoryImpl - Данные успешно записаны в students.yaml
16:41:26.348 [main] INFO  s.i.r.StudentsRepositoryImpl - Студент успешно добавлен к списку
16:41:26.349 [main] INFO  s.i.r.StudentsRepositoryImpl - Данные успешно записаны в students.yaml
16:41:26.349 [main] INFO  s.i.r.StudentsRepositoryImpl - Оценка за тест успешно добавлена
16:41:26.350 [main] INFO  s.i.r.StudentsRepositoryImpl - Данные успешно записаны в students.yaml
16:41:26.350 [main] INFO  s.i.r.StudentsRepositoryImpl - Оценка за тест успешно добавлена
16:41:26.350 [main] INFO  s.i.r.StudentsRepositoryImpl - Данные успешно записаны в students.yaml
16:41:26.350 [main] INFO  s.i.r.StudentsRepositoryImpl - Оценка за тест успешно добавлена
16:41:26.351 [main] INFO  s.i.r.StudentsRepositoryImpl - Данные успешно записаны в students.yaml
16:41:26.351 [main] INFO  s.i.r.StudentsRepositoryImpl - Студент успешно добавлен к списку
16:41:26.351 [main] INFO  s.i.r.StudentsRepositoryImpl - Данные успешно записаны в students.yaml
16:41:26.351 [main] INFO  s.i.r.StudentsRepositoryImpl - Оценка за тест успешно добавлена
16:41:26.351 [main] INFO  s.i.r.StudentsRepositoryImpl - Данные успешно записаны в students.yaml
16:41:26.354 [main] INFO  s.i.r.StudentsRepositoryImpl - Студент успешно добавлен к списку
16:41:26.355 [main] INFO  s.i.r.StudentsRepositoryImpl - Данные успешно записаны в students.yaml
16:41:26.355 [main] INFO  s.i.r.StudentsRepositoryImpl - Оценка за тест успешно добавлена
16:41:26.355 [main] INFO  s.i.r.StudentsRepositoryImpl - Данные успешно записаны в students.yaml
16:41:26.356 [main] INFO  s.i.r.StudentsRepositoryImpl - Оценка за тест успешно добавлена
16:41:26.356 [main] INFO  s.i.r.StudentsRepositoryImpl - Данные успешно записаны в students.yaml
16:41:26.356 [main] INFO  s.i.r.StudentsRepositoryImpl - Студент успешно добавлен к списку
16:41:26.357 [main] INFO  s.i.r.StudentsRepositoryImpl - Данные успешно записаны в students.yaml
16:41:26.357 [main] INFO  s.i.r.StudentsRepositoryImpl - Оценка за тест успешно добавлена
16:41:26.358 [main] INFO  s.i.r.StudentsRepositoryImpl - Данные успешно записаны в students.yaml
16:41:26.358 [main] INFO  s.i.r.StudentsRepositoryImpl - Студент успешно добавлен к списку
16:41:26.359 [main] INFO  s.i.r.StudentsRepositoryImpl - Данные успешно записаны в students.yaml
16:41:26.359 [main] INFO  s.i.r.StudentsRepositoryImpl - Оценка за тест успешно добавлена
16:41:26.359 [main] INFO  s.i.r.StudentsRepositoryImpl - Данные успешно записаны в students.yaml
16:41:26.359 [main] INFO  s.i.r.StudentsRepositoryImpl - Оценка за тест успешно добавлена
16:41:26.360 [main] INFO  s.i.r.StudentsRepositoryImpl - Данные успешно записаны в students.yaml
16:41:26.360 [main] INFO  s.i.r.StudentsRepositoryImpl - Оценка за тест успешно добавлена
16:41:26.360 [main] INFO  s.i.r.StudentsRepositoryImpl - Данные успешно записаны в students.yaml
16:41:26.360 [main] INFO  s.i.r.StudentsRepositoryImpl - Студент успешно добавлен к списку
16:41:26.361 [main] INFO  s.i.r.StudentsRepositoryImpl - Данные успешно записаны в students.yaml
16:41:26.361 [main] INFO  s.i.r.StudentsRepositoryImpl - Оценка за тест успешно добавлена
16:41:26.362 [main] INFO  s.i.r.StudentsRepositoryImpl - Данные успешно записаны в students.yaml
