10:10:45.954 [main] INFO  s.i.repository.StudentRepositoryImpl - Студент успешно добавлен к списку
10:10:45.974 [main] INFO  s.i.repository.StudentRepositoryImpl - Данные успешно записаны в students.yaml
10:10:45.976 [main] INFO  s.i.repository.StudentRepositoryImpl - Оценка за тест успешно добавлена
10:10:45.977 [main] INFO  s.i.repository.StudentRepositoryImpl - Данные успешно записаны в students.yaml
10:10:45.977 [main] INFO  s.i.repository.StudentRepositoryImpl - Оценка за тест успешно добавлена
10:10:45.977 [main] INFO  s.i.repository.StudentRepositoryImpl - Данные успешно записаны в students.yaml
10:10:45.978 [main] INFO  s.i.repository.StudentRepositoryImpl - Студент успешно добавлен к списку
10:10:45.978 [main] INFO  s.i.repository.StudentRepositoryImpl - Данные успешно записаны в students.yaml
10:10:45.978 [main] INFO  s.i.repository.StudentRepositoryImpl - Оценка за тест успешно добавлена
10:10:45.979 [main] INFO  s.i.repository.StudentRepositoryImpl - Данные успешно записаны в students.yaml
10:10:45.979 [main] INFO  s.i.repository.StudentRepositoryImpl - Студент успешно добавлен к списку
10:10:45.980 [main] INFO  s.i.repository.StudentRepositoryImpl - Данные успешно записаны в students.yaml
10:10:45.980 [main] INFO  s.i.repository.StudentRepositoryImpl - Оценка за тест успешно добавлена
10:10:45.981 [main] INFO  s.i.repository.StudentRepositoryImpl - Данные успешно записаны в students.yaml
10:10:45.981 [main] INFO  s.i.repository.StudentRepositoryImpl - Оценка за тест успешно добавлена
10:10:45.981 [main] INFO  s.i.repository.StudentRepositoryImpl - Данные успешно записаны в students.yaml
10:10:45.982 [main] INFO  s.i.repository.StudentRepositoryImpl - Оценка за тест успешно добавлена
10:10:45.982 [main] INFO  s.i.repository.StudentRepositoryImpl - Данные успешно записаны в students.yaml
10:10:45.982 [main] INFO  s.i.repository.StudentRepositoryImpl - Студент успешно добавлен к списку
10:10:45.983 [main] INFO  s.i.repository.StudentRepositoryImpl - Данные успешно записаны в students.yaml
10:10:45.983 [main] INFO  s.i.repository.StudentRepositoryImpl - Оценка за тест успешно добавлена
10:10:45.984 [main] INFO  s.i.repository.StudentRepositoryImpl - Данные успешно записаны в students.yaml
10:10:45.994 [main] INFO  s.i.repository.StudentRepositoryImpl - Студент успешно добавлен к списку
10:10:45.995 [main] INFO  s.i.repository.StudentRepositoryImpl - Данные успешно записаны в students.yaml
10:10:45.995 [main] INFO  s.i.repository.StudentRepositoryImpl - Оценка за тест успешно добавлена
10:10:45.996 [main] INFO  s.i.repository.StudentRepositoryImpl - Данные успешно записаны в students.yaml
10:10:45.996 [main] INFO  s.i.repository.StudentRepositoryImpl - Оценка за тест успешно добавлена
10:10:45.996 [main] INFO  s.i.repository.StudentRepositoryImpl - Данные успешно записаны в students.yaml
10:10:45.996 [main] INFO  s.i.repository.StudentRepositoryImpl - Студент успешно добавлен к списку
10:10:45.996 [main] INFO  s.i.repository.StudentRepositoryImpl - Данные успешно записаны в students.yaml
10:10:45.997 [main] INFO  s.i.repository.StudentRepositoryImpl - Оценка за тест успешно добавлена
10:10:45.997 [main] INFO  s.i.repository.StudentRepositoryImpl - Данные успешно записаны в students.yaml
10:10:45.997 [main] INFO  s.i.repository.StudentRepositoryImpl - Студент успешно добавлен к списку
10:10:45.998 [main] INFO  s.i.repository.StudentRepositoryImpl - Данные успешно записаны в students.yaml
10:10:45.998 [main] INFO  s.i.repository.StudentRepositoryImpl - Оценка за тест успешно добавлена
10:10:45.999 [main] INFO  s.i.repository.StudentRepositoryImpl - Данные успешно записаны в students.yaml
10:10:45.999 [main] INFO  s.i.repository.StudentRepositoryImpl - Оценка за тест успешно добавлена
10:10:45.999 [main] INFO  s.i.repository.StudentRepositoryImpl - Данные успешно записаны в students.yaml
10:10:46.000 [main] INFO  s.i.repository.StudentRepositoryImpl - Оценка за тест успешно добавлена
10:10:46.000 [main] INFO  s.i.repository.StudentRepositoryImpl - Данные успешно записаны в students.yaml
10:10:46.000 [main] INFO  s.i.repository.StudentRepositoryImpl - Студент успешно добавлен к списку
10:10:46.000 [main] INFO  s.i.repository.StudentRepositoryImpl - Данные успешно записаны в students.yaml
10:10:46.001 [main] INFO  s.i.repository.StudentRepositoryImpl - Оценка за тест успешно добавлена
10:10:46.002 [main] INFO  s.i.repository.StudentRepositoryImpl - Данные успешно записаны в students.yaml
10:10:46.323 [main] ERROR s.i.repository.StudentRepositoryImpl - Ошибка при чтении данных из students.yaml
10:10:46.328 [main] INFO  s.i.repository.StudentRepositoryImpl - Студент успешно добавлен к списку
10:10:46.330 [main] INFO  s.i.repository.StudentRepositoryImpl - Данные успешно записаны в students.yaml
10:10:46.330 [main] INFO  s.i.repository.StudentRepositoryImpl - Оценка за тест успешно добавлена
10:10:46.330 [main] INFO  s.i.repository.StudentRepositoryImpl - Данные успешно записаны в students.yaml
10:10:46.339 [main] INFO  s.i.repository.StudentRepositoryImpl - Студент успешно добавлен к списку
10:10:46.340 [main] INFO  s.i.repository.StudentRepositoryImpl - Данные успешно записаны в students.yaml
10:10:46.341 [main] INFO  s.i.repository.StudentRepositoryImpl - Оценка за тест успешно добавлена
10:10:46.342 [main] INFO  s.i.repository.StudentRepositoryImpl - Данные успешно записаны в students.yaml
10:10:46.343 [main] INFO  s.i.repository.StudentRepositoryImpl - Оценка за тест успешно добавлена
10:10:46.343 [main] INFO  s.i.repository.StudentRepositoryImpl - Данные успешно записаны в students.yaml
10:10:46.344 [main] INFO  s.i.repository.StudentRepositoryImpl - Студент успешно добавлен к списку
10:10:46.347 [main] INFO  s.i.repository.StudentRepositoryImpl - Данные успешно записаны в students.yaml
10:10:46.347 [main] INFO  s.i.repository.StudentRepositoryImpl - Оценка за тест успешно добавлена
10:10:46.350 [main] INFO  s.i.repository.StudentRepositoryImpl - Данные успешно записаны в students.yaml
10:10:46.350 [main] INFO  s.i.repository.StudentRepositoryImpl - Студент успешно добавлен к списку
10:10:46.351 [main] INFO  s.i.repository.StudentRepositoryImpl - Данные успешно записаны в students.yaml
10:10:46.351 [main] INFO  s.i.repository.StudentRepositoryImpl - Оценка за тест успешно добавлена
10:10:46.351 [main] INFO  s.i.repository.StudentRepositoryImpl - Данные успешно записаны в students.yaml
10:10:46.351 [main] INFO  s.i.repository.StudentRepositoryImpl - Оценка за тест успешно добавлена
10:10:46.353 [main] INFO  s.i.repository.StudentRepositoryImpl - Данные успешно записаны в students.yaml
10:10:46.354 [main] INFO  s.i.repository.StudentRepositoryImpl - Оценка за тест успешно добавлена
10:10:46.355 [main] INFO  s.i.repository.StudentRepositoryImpl - Данные успешно записаны в students.yaml
10:10:46.356 [main] INFO  s.i.repository.StudentRepositoryImpl - Студент успешно добавлен к списку
10:10:46.357 [main] INFO  s.i.repository.StudentRepositoryImpl - Данные успешно записаны в students.yaml
10:10:46.358 [main] INFO  s.i.repository.StudentRepositoryImpl - Оценка за тест успешно добавлена
10:10:46.358 [main] INFO  s.i.repository.StudentRepositoryImpl - Данные успешно записаны в students.yaml
10:10:46.362 [main] INFO  s.i.repository.StudentRepositoryImpl - Студент успешно добавлен к списку
10:10:46.363 [main] INFO  s.i.repository.StudentRepositoryImpl - Данные успешно записаны в students.yaml
10:10:46.363 [main] INFO  s.i.repository.StudentRepositoryImpl - Студент успешно отчислен)
10:10:46.364 [main] INFO  s.i.repository.StudentRepositoryImpl - Данные успешно записаны в students.yaml
10:10:46.367 [main] INFO  s.i.repository.StudentRepositoryImpl - Студент успешно добавлен к списку
10:10:46.367 [main] INFO  s.i.repository.StudentRepositoryImpl - Данные успешно записаны в students.yaml
10:10:46.367 [main] INFO  s.i.repository.StudentRepositoryImpl - Оценка за тест успешно добавлена
10:10:46.368 [main] INFO  s.i.repository.StudentRepositoryImpl - Данные успешно записаны в students.yaml
10:10:46.368 [main] INFO  s.i.repository.StudentRepositoryImpl - Оценка за тест успешно добавлена
10:10:46.368 [main] INFO  s.i.repository.StudentRepositoryImpl - Данные успешно записаны в students.yaml
10:10:46.368 [main] INFO  s.i.repository.StudentRepositoryImpl - Студент успешно добавлен к списку
10:10:46.369 [main] INFO  s.i.repository.StudentRepositoryImpl - Данные успешно записаны в students.yaml
10:10:46.369 [main] INFO  s.i.repository.StudentRepositoryImpl - Оценка за тест успешно добавлена
10:10:46.369 [main] INFO  s.i.repository.StudentRepositoryImpl - Данные успешно записаны в students.yaml
10:10:46.369 [main] INFO  s.i.repository.StudentRepositoryImpl - Студент успешно добавлен к списку
10:10:46.370 [main] INFO  s.i.repository.StudentRepositoryImpl - Данные успешно записаны в students.yaml
10:10:46.370 [main] INFO  s.i.repository.StudentRepositoryImpl - Оценка за тест успешно добавлена
10:10:46.370 [main] INFO  s.i.repository.StudentRepositoryImpl - Данные успешно записаны в students.yaml
10:10:46.370 [main] INFO  s.i.repository.StudentRepositoryImpl - Оценка за тест успешно добавлена
10:10:46.370 [main] INFO  s.i.repository.StudentRepositoryImpl - Данные успешно записаны в students.yaml
10:10:46.370 [main] INFO  s.i.repository.StudentRepositoryImpl - Оценка за тест успешно добавлена
10:10:46.371 [main] INFO  s.i.repository.StudentRepositoryImpl - Данные успешно записаны в students.yaml
10:10:46.371 [main] INFO  s.i.repository.StudentRepositoryImpl - Студент успешно добавлен к списку
10:10:46.371 [main] INFO  s.i.repository.StudentRepositoryImpl - Данные успешно записаны в students.yaml
10:10:46.371 [main] INFO  s.i.repository.StudentRepositoryImpl - Оценка за тест успешно добавлена
10:10:46.371 [main] INFO  s.i.repository.StudentRepositoryImpl - Данные успешно записаны в students.yaml
10:10:46.374 [main] INFO  s.i.repository.StudentRepositoryImpl - Студент успешно добавлен к списку
10:10:46.376 [main] INFO  s.i.repository.StudentRepositoryImpl - Данные успешно записаны в students.yaml
10:10:46.382 [main] INFO  s.i.repository.StudentRepositoryImpl - Студент успешно добавлен к списку
10:10:46.383 [main] INFO  s.i.repository.StudentRepositoryImpl - Данные успешно записаны в students.yaml
10:10:46.383 [main] INFO  s.i.repository.StudentRepositoryImpl - Оценка за тест успешно добавлена
10:10:46.384 [main] INFO  s.i.repository.StudentRepositoryImpl - Данные успешно записаны в students.yaml
10:10:46.384 [main] INFO  s.i.repository.StudentRepositoryImpl - Оценка за тест успешно добавлена
10:10:46.384 [main] INFO  s.i.repository.StudentRepositoryImpl - Данные успешно записаны в students.yaml
10:10:46.385 [main] INFO  s.i.repository.StudentRepositoryImpl - Студент успешно добавлен к списку
10:10:46.385 [main] INFO  s.i.repository.StudentRepositoryImpl - Данные успешно записаны в students.yaml
10:10:46.385 [main] INFO  s.i.repository.StudentRepositoryImpl - Оценка за тест успешно добавлена
10:10:46.385 [main] INFO  s.i.repository.StudentRepositoryImpl - Данные успешно записаны в students.yaml
10:10:46.385 [main] INFO  s.i.repository.StudentRepositoryImpl - Студент успешно добавлен к списку
10:10:46.386 [main] INFO  s.i.repository.StudentRepositoryImpl - Данные успешно записаны в students.yaml
10:10:46.386 [main] INFO  s.i.repository.StudentRepositoryImpl - Оценка за тест успешно добавлена
10:10:46.387 [main] INFO  s.i.repository.StudentRepositoryImpl - Данные успешно записаны в students.yaml
10:10:46.388 [main] INFO  s.i.repository.StudentRepositoryImpl - Оценка за тест успешно добавлена
10:10:46.389 [main] INFO  s.i.repository.StudentRepositoryImpl - Данные успешно записаны в students.yaml
10:10:46.389 [main] INFO  s.i.repository.StudentRepositoryImpl - Оценка за тест успешно добавлена
10:10:46.390 [main] INFO  s.i.repository.StudentRepositoryImpl - Данные успешно записаны в students.yaml
10:10:46.391 [main] INFO  s.i.repository.StudentRepositoryImpl - Студент успешно добавлен к списку
10:10:46.391 [main] INFO  s.i.repository.StudentRepositoryImpl - Данные успешно записаны в students.yaml
10:10:46.391 [main] INFO  s.i.repository.StudentRepositoryImpl - Оценка за тест успешно добавлена
10:10:46.392 [main] INFO  s.i.repository.StudentRepositoryImpl - Данные успешно записаны в students.yaml
10:10:46.394 [main] INFO  s.i.repository.StudentRepositoryImpl - Студент успешно добавлен к списку
10:10:46.395 [main] INFO  s.i.repository.StudentRepositoryImpl - Данные успешно записаны в students.yaml
10:10:46.396 [main] INFO  s.i.repository.StudentRepositoryImpl - Оценка за тест успешно добавлена
10:10:46.396 [main] INFO  s.i.repository.StudentRepositoryImpl - Данные успешно записаны в students.yaml
10:10:46.397 [main] INFO  s.i.repository.StudentRepositoryImpl - Оценка за тест успешно добавлена
10:10:46.398 [main] INFO  s.i.repository.StudentRepositoryImpl - Данные успешно записаны в students.yaml
10:10:46.399 [main] INFO  s.i.repository.StudentRepositoryImpl - Студент успешно добавлен к списку
10:10:46.401 [main] INFO  s.i.repository.StudentRepositoryImpl - Данные успешно записаны в students.yaml
10:10:46.401 [main] INFO  s.i.repository.StudentRepositoryImpl - Оценка за тест успешно добавлена
10:10:46.402 [main] INFO  s.i.repository.StudentRepositoryImpl - Данные успешно записаны в students.yaml
10:10:46.402 [main] INFO  s.i.repository.StudentRepositoryImpl - Студент успешно добавлен к списку
10:10:46.402 [main] INFO  s.i.repository.StudentRepositoryImpl - Данные успешно записаны в students.yaml
10:10:46.402 [main] INFO  s.i.repository.StudentRepositoryImpl - Оценка за тест успешно добавлена
10:10:46.403 [main] INFO  s.i.repository.StudentRepositoryImpl - Данные успешно записаны в students.yaml
10:10:46.403 [main] INFO  s.i.repository.StudentRepositoryImpl - Оценка за тест успешно добавлена
10:10:46.403 [main] INFO  s.i.repository.StudentRepositoryImpl - Данные успешно записаны в students.yaml
10:10:46.403 [main] INFO  s.i.repository.StudentRepositoryImpl - Оценка за тест успешно добавлена
10:10:46.403 [main] INFO  s.i.repository.StudentRepositoryImpl - Данные успешно записаны в students.yaml
10:10:46.403 [main] INFO  s.i.repository.StudentRepositoryImpl - Студент успешно добавлен к списку
10:10:46.404 [main] INFO  s.i.repository.StudentRepositoryImpl - Данные успешно записаны в students.yaml
10:10:46.404 [main] INFO  s.i.repository.StudentRepositoryImpl - Оценка за тест успешно добавлена
10:10:46.405 [main] INFO  s.i.repository.StudentRepositoryImpl - Данные успешно записаны в students.yaml
10:11:01.943 [main] INFO  s.i.repository.StudentRepositoryImpl - Студент успешно добавлен к списку
10:11:01.962 [main] INFO  s.i.repository.StudentRepositoryImpl - Данные успешно записаны в students.yaml
10:11:01.967 [main] INFO  s.i.repository.StudentRepositoryImpl - Оценка за тест успешно добавлена
10:11:01.967 [main] INFO  s.i.repository.StudentRepositoryImpl - Данные успешно записаны в students.yaml
10:11:01.968 [main] INFO  s.i.repository.StudentRepositoryImpl - Оценка за тест успешно добавлена
10:11:01.968 [main] INFO  s.i.repository.StudentRepositoryImpl - Данные успешно записаны в students.yaml
10:11:01.968 [main] INFO  s.i.repository.StudentRepositoryImpl - Студент успешно добавлен к списку
10:11:01.969 [main] INFO  s.i.repository.StudentRepositoryImpl - Данные успешно записаны в students.yaml
10:11:01.969 [main] INFO  s.i.repository.StudentRepositoryImpl - Оценка за тест успешно добавлена
10:11:01.969 [main] INFO  s.i.repository.StudentRepositoryImpl - Данные успешно записаны в students.yaml
10:11:01.969 [main] INFO  s.i.repository.StudentRepositoryImpl - Студент успешно добавлен к списку
10:11:01.970 [main] INFO  s.i.repository.StudentRepositoryImpl - Данные успешно записаны в students.yaml
10:11:01.970 [main] INFO  s.i.repository.StudentRepositoryImpl - Оценка за тест успешно добавлена
10:11:01.971 [main] INFO  s.i.repository.StudentRepositoryImpl - Данные успешно записаны в students.yaml
10:11:01.971 [main] INFO  s.i.repository.StudentRepositoryImpl - Оценка за тест успешно добавлена
10:11:01.971 [main] INFO  s.i.repository.StudentRepositoryImpl - Данные успешно записаны в students.yaml
10:11:01.972 [main] INFO  s.i.repository.StudentRepositoryImpl - Оценка за тест успешно добавлена
10:11:01.972 [main] INFO  s.i.repository.StudentRepositoryImpl - Данные успешно записаны в students.yaml
10:11:01.972 [main] INFO  s.i.repository.StudentRepositoryImpl - Студент успешно добавлен к списку
10:11:01.973 [main] INFO  s.i.repository.StudentRepositoryImpl - Данные успешно записаны в students.yaml
10:11:01.973 [main] INFO  s.i.repository.StudentRepositoryImpl - Оценка за тест успешно добавлена
10:11:01.974 [main] INFO  s.i.repository.StudentRepositoryImpl - Данные успешно записаны в students.yaml
10:11:01.987 [main] INFO  s.i.repository.StudentRepositoryImpl - Студент успешно добавлен к списку
10:11:01.988 [main] INFO  s.i.repository.StudentRepositoryImpl - Данные успешно записаны в students.yaml
10:11:01.989 [main] INFO  s.i.repository.StudentRepositoryImpl - Оценка за тест успешно добавлена
10:11:01.990 [main] INFO  s.i.repository.StudentRepositoryImpl - Данные успешно записаны в students.yaml
10:11:01.990 [main] INFO  s.i.repository.StudentRepositoryImpl - Оценка за тест успешно добавлена
10:11:01.991 [main] INFO  s.i.repository.StudentRepositoryImpl - Данные успешно записаны в students.yaml
10:11:01.991 [main] INFO  s.i.repository.StudentRepositoryImpl - Студент успешно добавлен к списку
10:11:01.993 [main] INFO  s.i.repository.StudentRepositoryImpl - Данные успешно записаны в students.yaml
10:11:01.993 [main] INFO  s.i.repository.StudentRepositoryImpl - Оценка за тест успешно добавлена
10:11:01.994 [main] INFO  s.i.repository.StudentRepositoryImpl - Данные успешно записаны в students.yaml
10:11:01.996 [main] INFO  s.i.repository.StudentRepositoryImpl - Студент успешно добавлен к списку
10:11:01.997 [main] INFO  s.i.repository.StudentRepositoryImpl - Данные успешно записаны в students.yaml
10:11:01.998 [main] INFO  s.i.repository.StudentRepositoryImpl - Оценка за тест успешно добавлена
10:11:01.998 [main] INFO  s.i.repository.StudentRepositoryImpl - Данные успешно записаны в students.yaml
10:11:01.998 [main] INFO  s.i.repository.StudentRepositoryImpl - Оценка за тест успешно добавлена
10:11:01.999 [main] INFO  s.i.repository.StudentRepositoryImpl - Данные успешно записаны в students.yaml
10:11:01.999 [main] INFO  s.i.repository.StudentRepositoryImpl - Оценка за тест успешно добавлена
10:11:01.999 [main] INFO  s.i.repository.StudentRepositoryImpl - Данные успешно записаны в students.yaml
10:11:01.999 [main] INFO  s.i.repository.StudentRepositoryImpl - Студент успешно добавлен к списку
10:11:02.000 [main] INFO  s.i.repository.StudentRepositoryImpl - Данные успешно записаны в students.yaml
10:11:02.000 [main] INFO  s.i.repository.StudentRepositoryImpl - Оценка за тест успешно добавлена
10:11:02.000 [main] INFO  s.i.repository.StudentRepositoryImpl - Данные успешно записаны в students.yaml
10:11:02.310 [main] ERROR s.i.repository.StudentRepositoryImpl - Ошибка при чтении данных из students.yaml
10:11:02.314 [main] INFO  s.i.repository.StudentRepositoryImpl - Студент успешно добавлен к списку
10:11:02.315 [main] INFO  s.i.repository.StudentRepositoryImpl - Данные успешно записаны в students.yaml
10:11:02.316 [main] INFO  s.i.repository.StudentRepositoryImpl - Оценка за тест успешно добавлена
10:11:02.321 [main] INFO  s.i.repository.StudentRepositoryImpl - Данные успешно записаны в students.yaml
10:11:02.333 [main] INFO  s.i.repository.StudentRepositoryImpl - Студент успешно добавлен к списку
10:11:02.334 [main] INFO  s.i.repository.StudentRepositoryImpl - Данные успешно записаны в students.yaml
10:11:02.334 [main] INFO  s.i.repository.StudentRepositoryImpl - Оценка за тест успешно добавлена
10:11:02.335 [main] INFO  s.i.repository.StudentRepositoryImpl - Данные успешно записаны в students.yaml
10:11:02.335 [main] INFO  s.i.repository.StudentRepositoryImpl - Оценка за тест успешно добавлена
10:11:02.336 [main] INFO  s.i.repository.StudentRepositoryImpl - Данные успешно записаны в students.yaml
10:11:02.336 [main] INFO  s.i.repository.StudentRepositoryImpl - Студент успешно добавлен к списку
10:11:02.337 [main] INFO  s.i.repository.StudentRepositoryImpl - Данные успешно записаны в students.yaml
10:11:02.337 [main] INFO  s.i.repository.StudentRepositoryImpl - Оценка за тест успешно добавлена
10:11:02.337 [main] INFO  s.i.repository.StudentRepositoryImpl - Данные успешно записаны в students.yaml
10:11:02.337 [main] INFO  s.i.repository.StudentRepositoryImpl - Студент успешно добавлен к списку
10:11:02.337 [main] INFO  s.i.repository.StudentRepositoryImpl - Данные успешно записаны в students.yaml
10:11:02.337 [main] INFO  s.i.repository.StudentRepositoryImpl - Оценка за тест успешно добавлена
10:11:02.338 [main] INFO  s.i.repository.StudentRepositoryImpl - Данные успешно записаны в students.yaml
10:11:02.338 [main] INFO  s.i.repository.StudentRepositoryImpl - Оценка за тест успешно добавлена
10:11:02.339 [main] INFO  s.i.repository.StudentRepositoryImpl - Данные успешно записаны в students.yaml
10:11:02.340 [main] INFO  s.i.repository.StudentRepositoryImpl - Оценка за тест успешно добавлена
10:11:02.341 [main] INFO  s.i.repository.StudentRepositoryImpl - Данные успешно записаны в students.yaml
10:11:02.342 [main] INFO  s.i.repository.StudentRepositoryImpl - Студент успешно добавлен к списку
10:11:02.342 [main] INFO  s.i.repository.StudentRepositoryImpl - Данные успешно записаны в students.yaml
10:11:02.343 [main] INFO  s.i.repository.StudentRepositoryImpl - Оценка за тест успешно добавлена
10:11:02.343 [main] INFO  s.i.repository.StudentRepositoryImpl - Данные успешно записаны в students.yaml
10:11:02.347 [main] INFO  s.i.repository.StudentRepositoryImpl - Студент успешно добавлен к списку
10:11:02.348 [main] INFO  s.i.repository.StudentRepositoryImpl - Данные успешно записаны в students.yaml
10:11:02.348 [main] INFO  s.i.repository.StudentRepositoryImpl - Студент успешно отчислен)
10:11:02.349 [main] INFO  s.i.repository.StudentRepositoryImpl - Данные успешно записаны в students.yaml
10:11:02.352 [main] INFO  s.i.repository.StudentRepositoryImpl - Студент успешно добавлен к списку
10:11:02.353 [main] INFO  s.i.repository.StudentRepositoryImpl - Данные успешно записаны в students.yaml
10:11:02.353 [main] INFO  s.i.repository.StudentRepositoryImpl - Оценка за тест успешно добавлена
10:11:02.353 [main] INFO  s.i.repository.StudentRepositoryImpl - Данные успешно записаны в students.yaml
10:11:02.354 [main] INFO  s.i.repository.StudentRepositoryImpl - Оценка за тест успешно добавлена
10:11:02.354 [main] INFO  s.i.repository.StudentRepositoryImpl - Данные успешно записаны в students.yaml
10:11:02.354 [main] INFO  s.i.repository.StudentRepositoryImpl - Студент успешно добавлен к списку
10:11:02.354 [main] INFO  s.i.repository.StudentRepositoryImpl - Данные успешно записаны в students.yaml
10:11:02.354 [main] INFO  s.i.repository.StudentRepositoryImpl - Оценка за тест успешно добавлена
10:11:02.355 [main] INFO  s.i.repository.StudentRepositoryImpl - Данные успешно записаны в students.yaml
10:11:02.355 [main] INFO  s.i.repository.StudentRepositoryImpl - Студент успешно добавлен к списку
10:11:02.355 [main] INFO  s.i.repository.StudentRepositoryImpl - Данные успешно записаны в students.yaml
10:11:02.355 [main] INFO  s.i.repository.StudentRepositoryImpl - Оценка за тест успешно добавлена
10:11:02.355 [main] INFO  s.i.repository.StudentRepositoryImpl - Данные успешно записаны в students.yaml
10:11:02.355 [main] INFO  s.i.repository.StudentRepositoryImpl - Оценка за тест успешно добавлена
10:11:02.355 [main] INFO  s.i.repository.StudentRepositoryImpl - Данные успешно записаны в students.yaml
10:11:02.355 [main] INFO  s.i.repository.StudentRepositoryImpl - Оценка за тест успешно добавлена
10:11:02.356 [main] INFO  s.i.repository.StudentRepositoryImpl - Данные успешно записаны в students.yaml
10:11:02.356 [main] INFO  s.i.repository.StudentRepositoryImpl - Студент успешно добавлен к списку
10:11:02.356 [main] INFO  s.i.repository.StudentRepositoryImpl - Данные успешно записаны в students.yaml
10:11:02.356 [main] INFO  s.i.repository.StudentRepositoryImpl - Оценка за тест успешно добавлена
10:11:02.356 [main] INFO  s.i.repository.StudentRepositoryImpl - Данные успешно записаны в students.yaml
10:11:02.359 [main] INFO  s.i.repository.StudentRepositoryImpl - Студент успешно добавлен к списку
10:11:02.360 [main] INFO  s.i.repository.StudentRepositoryImpl - Данные успешно записаны в students.yaml
10:11:02.362 [main] INFO  s.i.repository.StudentRepositoryImpl - Студент успешно добавлен к списку
10:11:02.363 [main] INFO  s.i.repository.StudentRepositoryImpl - Данные успешно записаны в students.yaml
10:11:02.363 [main] INFO  s.i.repository.StudentRepositoryImpl - Оценка за тест успешно добавлена
10:11:02.363 [main] INFO  s.i.repository.StudentRepositoryImpl - Данные успешно записаны в students.yaml
10:11:02.363 [main] INFO  s.i.repository.StudentRepositoryImpl - Оценка за тест успешно добавлена
10:11:02.363 [main] INFO  s.i.repository.StudentRepositoryImpl - Данные успешно записаны в students.yaml
10:11:02.364 [main] INFO  s.i.repository.StudentRepositoryImpl - Студент успешно добавлен к списку
10:11:02.364 [main] INFO  s.i.repository.StudentRepositoryImpl - Данные успешно записаны в students.yaml
10:11:02.364 [main] INFO  s.i.repository.StudentRepositoryImpl - Оценка за тест успешно добавлена
10:11:02.364 [main] INFO  s.i.repository.StudentRepositoryImpl - Данные успешно записаны в students.yaml
10:11:02.364 [main] INFO  s.i.repository.StudentRepositoryImpl - Студент успешно добавлен к списку
10:11:02.364 [main] INFO  s.i.repository.StudentRepositoryImpl - Данные успешно записаны в students.yaml
10:11:02.364 [main] INFO  s.i.repository.StudentRepositoryImpl - Оценка за тест успешно добавлена
10:11:02.365 [main] INFO  s.i.repository.StudentRepositoryImpl - Данные успешно записаны в students.yaml
10:11:02.365 [main] INFO  s.i.repository.StudentRepositoryImpl - Оценка за тест успешно добавлена
10:11:02.365 [main] INFO  s.i.repository.StudentRepositoryImpl - Данные успешно записаны в students.yaml
10:11:02.365 [main] INFO  s.i.repository.StudentRepositoryImpl - Оценка за тест успешно добавлена
10:11:02.366 [main] INFO  s.i.repository.StudentRepositoryImpl - Данные успешно записаны в students.yaml
10:11:02.366 [main] INFO  s.i.repository.StudentRepositoryImpl - Студент успешно добавлен к списку
10:11:02.366 [main] INFO  s.i.repository.StudentRepositoryImpl - Данные успешно записаны в students.yaml
10:11:02.367 [main] INFO  s.i.repository.StudentRepositoryImpl - Оценка за тест успешно добавлена
10:11:02.367 [main] INFO  s.i.repository.StudentRepositoryImpl - Данные успешно записаны в students.yaml
10:11:02.369 [main] INFO  s.i.repository.StudentRepositoryImpl - Студент успешно добавлен к списку
10:11:02.369 [main] INFO  s.i.repository.StudentRepositoryImpl - Данные успешно записаны в students.yaml
10:11:02.370 [main] INFO  s.i.repository.StudentRepositoryImpl - Оценка за тест успешно добавлена
10:11:02.370 [main] INFO  s.i.repository.StudentRepositoryImpl - Данные успешно записаны в students.yaml
10:11:02.370 [main] INFO  s.i.repository.StudentRepositoryImpl - Оценка за тест успешно добавлена
10:11:02.370 [main] INFO  s.i.repository.StudentRepositoryImpl - Данные успешно записаны в students.yaml
10:11:02.371 [main] INFO  s.i.repository.StudentRepositoryImpl - Студент успешно добавлен к списку
10:11:02.371 [main] INFO  s.i.repository.StudentRepositoryImpl - Данные успешно записаны в students.yaml
10:11:02.371 [main] INFO  s.i.repository.StudentRepositoryImpl - Оценка за тест успешно добавлена
10:11:02.372 [main] INFO  s.i.repository.StudentRepositoryImpl - Данные успешно записаны в students.yaml
10:11:02.372 [main] INFO  s.i.repository.StudentRepositoryImpl - Студент успешно добавлен к списку
10:11:02.372 [main] INFO  s.i.repository.StudentRepositoryImpl - Данные успешно записаны в students.yaml
10:11:02.372 [main] INFO  s.i.repository.StudentRepositoryImpl - Оценка за тест успешно добавлена
10:11:02.372 [main] INFO  s.i.repository.StudentRepositoryImpl - Данные успешно записаны в students.yaml
10:11:02.372 [main] INFO  s.i.repository.StudentRepositoryImpl - Оценка за тест успешно добавлена
10:11:02.373 [main] INFO  s.i.repository.StudentRepositoryImpl - Данные успешно записаны в students.yaml
10:11:02.373 [main] INFO  s.i.repository.StudentRepositoryImpl - Оценка за тест успешно добавлена
10:11:02.373 [main] INFO  s.i.repository.StudentRepositoryImpl - Данные успешно записаны в students.yaml
10:11:02.374 [main] INFO  s.i.repository.StudentRepositoryImpl - Студент успешно добавлен к списку
10:11:02.374 [main] INFO  s.i.repository.StudentRepositoryImpl - Данные успешно записаны в students.yaml
10:11:02.374 [main] INFO  s.i.repository.StudentRepositoryImpl - Оценка за тест успешно добавлена
10:11:02.375 [main] INFO  s.i.repository.StudentRepositoryImpl - Данные успешно записаны в students.yaml
10:17:12.309 [main] ERROR s.i.repository.StudentRepositoryImpl - Ошибка при чтении данных из students.yaml
10:18:09.615 [main] ERROR s.i.repository.StudentRepositoryImpl - Ошибка при чтении данных из students.yaml
10:18:24.745 [main] INFO  s.i.repository.StudentRepositoryImpl - Студент успешно добавлен к списку
10:18:24.756 [main] INFO  s.i.repository.StudentRepositoryImpl - Данные успешно записаны в students.yaml
10:18:24.759 [main] INFO  s.i.repository.StudentRepositoryImpl - Оценка за тест успешно добавлена
10:18:24.760 [main] INFO  s.i.repository.StudentRepositoryImpl - Данные успешно записаны в students.yaml
10:18:24.760 [main] INFO  s.i.repository.StudentRepositoryImpl - Оценка за тест успешно добавлена
10:18:24.760 [main] INFO  s.i.repository.StudentRepositoryImpl - Данные успешно записаны в students.yaml
10:18:24.760 [main] INFO  s.i.repository.StudentRepositoryImpl - Студент успешно добавлен к списку
10:18:24.761 [main] INFO  s.i.repository.StudentRepositoryImpl - Данные успешно записаны в students.yaml
10:18:24.761 [main] INFO  s.i.repository.StudentRepositoryImpl - Оценка за тест успешно добавлена
10:18:24.761 [main] INFO  s.i.repository.StudentRepositoryImpl - Данные успешно записаны в students.yaml
10:18:24.761 [main] INFO  s.i.repository.StudentRepositoryImpl - Студент успешно добавлен к списку
10:18:24.762 [main] INFO  s.i.repository.StudentRepositoryImpl - Данные успешно записаны в students.yaml
10:18:24.763 [main] INFO  s.i.repository.StudentRepositoryImpl - Оценка за тест успешно добавлена
10:18:24.763 [main] INFO  s.i.repository.StudentRepositoryImpl - Данные успешно записаны в students.yaml
10:18:24.763 [main] INFO  s.i.repository.StudentRepositoryImpl - Оценка за тест успешно добавлена
10:18:24.764 [main] INFO  s.i.repository.StudentRepositoryImpl - Данные успешно записаны в students.yaml
10:18:24.764 [main] INFO  s.i.repository.StudentRepositoryImpl - Оценка за тест успешно добавлена
10:18:24.765 [main] INFO  s.i.repository.StudentRepositoryImpl - Данные успешно записаны в students.yaml
10:18:24.765 [main] INFO  s.i.repository.StudentRepositoryImpl - Студент успешно добавлен к списку
10:18:24.765 [main] INFO  s.i.repository.StudentRepositoryImpl - Данные успешно записаны в students.yaml
10:18:24.765 [main] INFO  s.i.repository.StudentRepositoryImpl - Оценка за тест успешно добавлена
10:18:24.766 [main] INFO  s.i.repository.StudentRepositoryImpl - Данные успешно записаны в students.yaml
10:18:24.781 [main] INFO  s.i.repository.StudentRepositoryImpl - Студент успешно добавлен к списку
10:18:24.782 [main] INFO  s.i.repository.StudentRepositoryImpl - Данные успешно записаны в students.yaml
10:18:24.782 [main] INFO  s.i.repository.StudentRepositoryImpl - Оценка за тест успешно добавлена
10:18:24.783 [main] INFO  s.i.repository.StudentRepositoryImpl - Данные успешно записаны в students.yaml
10:18:24.783 [main] INFO  s.i.repository.StudentRepositoryImpl - Оценка за тест успешно добавлена
10:18:24.784 [main] INFO  s.i.repository.StudentRepositoryImpl - Данные успешно записаны в students.yaml
10:18:24.784 [main] INFO  s.i.repository.StudentRepositoryImpl - Студент успешно добавлен к списку
10:18:24.784 [main] INFO  s.i.repository.StudentRepositoryImpl - Данные успешно записаны в students.yaml
10:18:24.784 [main] INFO  s.i.repository.StudentRepositoryImpl - Оценка за тест успешно добавлена
10:18:24.785 [main] INFO  s.i.repository.StudentRepositoryImpl - Данные успешно записаны в students.yaml
10:18:24.785 [main] INFO  s.i.repository.StudentRepositoryImpl - Студент успешно добавлен к списку
10:18:24.786 [main] INFO  s.i.repository.StudentRepositoryImpl - Данные успешно записаны в students.yaml
10:18:24.786 [main] INFO  s.i.repository.StudentRepositoryImpl - Оценка за тест успешно добавлена
10:18:24.786 [main] INFO  s.i.repository.StudentRepositoryImpl - Данные успешно записаны в students.yaml
10:18:24.786 [main] INFO  s.i.repository.StudentRepositoryImpl - Оценка за тест успешно добавлена
10:18:24.787 [main] INFO  s.i.repository.StudentRepositoryImpl - Данные успешно записаны в students.yaml
10:18:24.787 [main] INFO  s.i.repository.StudentRepositoryImpl - Оценка за тест успешно добавлена
10:18:24.787 [main] INFO  s.i.repository.StudentRepositoryImpl - Данные успешно записаны в students.yaml
10:18:24.787 [main] INFO  s.i.repository.StudentRepositoryImpl - Студент успешно добавлен к списку
10:18:24.788 [main] INFO  s.i.repository.StudentRepositoryImpl - Данные успешно записаны в students.yaml
10:18:24.788 [main] INFO  s.i.repository.StudentRepositoryImpl - Оценка за тест успешно добавлена
10:18:24.788 [main] INFO  s.i.repository.StudentRepositoryImpl - Данные успешно записаны в students.yaml
10:18:25.093 [main] ERROR s.i.repository.StudentRepositoryImpl - Ошибка при чтении данных из students.yaml
10:18:25.098 [main] INFO  s.i.repository.StudentRepositoryImpl - Студент успешно добавлен к списку
10:18:25.099 [main] INFO  s.i.repository.StudentRepositoryImpl - Данные успешно записаны в students.yaml
10:18:25.099 [main] INFO  s.i.repository.StudentRepositoryImpl - Оценка за тест успешно добавлена
10:18:25.099 [main] INFO  s.i.repository.StudentRepositoryImpl - Данные успешно записаны в students.yaml
10:18:25.115 [main] INFO  s.i.repository.StudentRepositoryImpl - Студент успешно добавлен к списку
10:18:25.115 [main] INFO  s.i.repository.StudentRepositoryImpl - Данные успешно записаны в students.yaml
10:18:25.115 [main] INFO  s.i.repository.StudentRepositoryImpl - Оценка за тест успешно добавлена
10:18:25.116 [main] INFO  s.i.repository.StudentRepositoryImpl - Данные успешно записаны в students.yaml
10:18:25.116 [main] INFO  s.i.repository.StudentRepositoryImpl - Оценка за тест успешно добавлена
10:18:25.116 [main] INFO  s.i.repository.StudentRepositoryImpl - Данные успешно записаны в students.yaml
10:18:25.116 [main] INFO  s.i.repository.StudentRepositoryImpl - Студент успешно добавлен к списку
10:18:25.116 [main] INFO  s.i.repository.StudentRepositoryImpl - Данные успешно записаны в students.yaml
10:18:25.116 [main] INFO  s.i.repository.StudentRepositoryImpl - Оценка за тест успешно добавлена
10:18:25.117 [main] INFO  s.i.repository.StudentRepositoryImpl - Данные успешно записаны в students.yaml
10:18:25.117 [main] INFO  s.i.repository.StudentRepositoryImpl - Студент успешно добавлен к списку
10:18:25.117 [main] INFO  s.i.repository.StudentRepositoryImpl - Данные успешно записаны в students.yaml
10:18:25.117 [main] INFO  s.i.repository.StudentRepositoryImpl - Оценка за тест успешно добавлена
10:18:25.117 [main] INFO  s.i.repository.StudentRepositoryImpl - Данные успешно записаны в students.yaml
10:18:25.117 [main] INFO  s.i.repository.StudentRepositoryImpl - Оценка за тест успешно добавлена
10:18:25.118 [main] INFO  s.i.repository.StudentRepositoryImpl - Данные успешно записаны в students.yaml
10:18:25.118 [main] INFO  s.i.repository.StudentRepositoryImpl - Оценка за тест успешно добавлена
10:18:25.118 [main] INFO  s.i.repository.StudentRepositoryImpl - Данные успешно записаны в students.yaml
10:18:25.118 [main] INFO  s.i.repository.StudentRepositoryImpl - Студент успешно добавлен к списку
10:18:25.119 [main] INFO  s.i.repository.StudentRepositoryImpl - Данные успешно записаны в students.yaml
10:18:25.119 [main] INFO  s.i.repository.StudentRepositoryImpl - Оценка за тест успешно добавлена
10:18:25.119 [main] INFO  s.i.repository.StudentRepositoryImpl - Данные успешно записаны в students.yaml
10:18:25.121 [main] INFO  s.i.repository.StudentRepositoryImpl - Студент успешно добавлен к списку
10:18:25.121 [main] INFO  s.i.repository.StudentRepositoryImpl - Данные успешно записаны в students.yaml
10:18:25.121 [main] INFO  s.i.repository.StudentRepositoryImpl - Студент успешно отчислен)
10:18:25.122 [main] INFO  s.i.repository.StudentRepositoryImpl - Данные успешно записаны в students.yaml
10:18:25.124 [main] INFO  s.i.repository.StudentRepositoryImpl - Студент успешно добавлен к списку
10:18:25.125 [main] INFO  s.i.repository.StudentRepositoryImpl - Данные успешно записаны в students.yaml
10:18:25.125 [main] INFO  s.i.repository.StudentRepositoryImpl - Оценка за тест успешно добавлена
10:18:25.125 [main] INFO  s.i.repository.StudentRepositoryImpl - Данные успешно записаны в students.yaml
10:18:25.125 [main] INFO  s.i.repository.StudentRepositoryImpl - Оценка за тест успешно добавлена
10:18:25.125 [main] INFO  s.i.repository.StudentRepositoryImpl - Данные успешно записаны в students.yaml
10:18:25.125 [main] INFO  s.i.repository.StudentRepositoryImpl - Студент успешно добавлен к списку
10:18:25.126 [main] INFO  s.i.repository.StudentRepositoryImpl - Данные успешно записаны в students.yaml
10:18:25.126 [main] INFO  s.i.repository.StudentRepositoryImpl - Оценка за тест успешно добавлена
10:18:25.126 [main] INFO  s.i.repository.StudentRepositoryImpl - Данные успешно записаны в students.yaml
10:18:25.126 [main] INFO  s.i.repository.StudentRepositoryImpl - Студент успешно добавлен к списку
10:18:25.126 [main] INFO  s.i.repository.StudentRepositoryImpl - Данные успешно записаны в students.yaml
10:18:25.126 [main] INFO  s.i.repository.StudentRepositoryImpl - Оценка за тест успешно добавлена
10:18:25.126 [main] INFO  s.i.repository.StudentRepositoryImpl - Данные успешно записаны в students.yaml
10:18:25.126 [main] INFO  s.i.repository.StudentRepositoryImpl - Оценка за тест успешно добавлена
10:18:25.127 [main] INFO  s.i.repository.StudentRepositoryImpl - Данные успешно записаны в students.yaml
10:18:25.127 [main] INFO  s.i.repository.StudentRepositoryImpl - Оценка за тест успешно добавлена
10:18:25.127 [main] INFO  s.i.repository.StudentRepositoryImpl - Данные успешно записаны в students.yaml
10:18:25.127 [main] INFO  s.i.repository.StudentRepositoryImpl - Студент успешно добавлен к списку
10:18:25.127 [main] INFO  s.i.repository.StudentRepositoryImpl - Данные успешно записаны в students.yaml
10:18:25.127 [main] INFO  s.i.repository.StudentRepositoryImpl - Оценка за тест успешно добавлена
10:18:25.128 [main] INFO  s.i.repository.StudentRepositoryImpl - Данные успешно записаны в students.yaml
10:18:25.132 [main] INFO  s.i.repository.StudentRepositoryImpl - Студент успешно добавлен к списку
10:18:25.133 [main] INFO  s.i.repository.StudentRepositoryImpl - Данные успешно записаны в students.yaml
10:18:25.140 [main] INFO  s.i.repository.StudentRepositoryImpl - Студент успешно добавлен к списку
10:18:25.140 [main] INFO  s.i.repository.StudentRepositoryImpl - Данные успешно записаны в students.yaml
10:18:25.141 [main] INFO  s.i.repository.StudentRepositoryImpl - Оценка за тест успешно добавлена
10:18:25.141 [main] INFO  s.i.repository.StudentRepositoryImpl - Данные успешно записаны в students.yaml
10:18:25.142 [main] INFO  s.i.repository.StudentRepositoryImpl - Оценка за тест успешно добавлена
10:18:25.142 [main] INFO  s.i.repository.StudentRepositoryImpl - Данные успешно записаны в students.yaml
10:18:25.142 [main] INFO  s.i.repository.StudentRepositoryImpl - Студент успешно добавлен к списку
10:18:25.142 [main] INFO  s.i.repository.StudentRepositoryImpl - Данные успешно записаны в students.yaml
10:18:25.142 [main] INFO  s.i.repository.StudentRepositoryImpl - Оценка за тест успешно добавлена
10:18:25.143 [main] INFO  s.i.repository.StudentRepositoryImpl - Данные успешно записаны в students.yaml
10:18:25.143 [main] INFO  s.i.repository.StudentRepositoryImpl - Студент успешно добавлен к списку
10:18:25.143 [main] INFO  s.i.repository.StudentRepositoryImpl - Данные успешно записаны в students.yaml
10:18:25.143 [main] INFO  s.i.repository.StudentRepositoryImpl - Оценка за тест успешно добавлена
10:18:25.143 [main] INFO  s.i.repository.StudentRepositoryImpl - Данные успешно записаны в students.yaml
10:18:25.143 [main] INFO  s.i.repository.StudentRepositoryImpl - Оценка за тест успешно добавлена
10:18:25.143 [main] INFO  s.i.repository.StudentRepositoryImpl - Данные успешно записаны в students.yaml
10:18:25.143 [main] INFO  s.i.repository.StudentRepositoryImpl - Оценка за тест успешно добавлена
10:18:25.144 [main] INFO  s.i.repository.StudentRepositoryImpl - Данные успешно записаны в students.yaml
10:18:25.144 [main] INFO  s.i.repository.StudentRepositoryImpl - Студент успешно добавлен к списку
10:18:25.144 [main] INFO  s.i.repository.StudentRepositoryImpl - Данные успешно записаны в students.yaml
10:18:25.144 [main] INFO  s.i.repository.StudentRepositoryImpl - Оценка за тест успешно добавлена
10:18:25.144 [main] INFO  s.i.repository.StudentRepositoryImpl - Данные успешно записаны в students.yaml
10:18:25.146 [main] INFO  s.i.repository.StudentRepositoryImpl - Студент успешно добавлен к списку
10:18:25.147 [main] INFO  s.i.repository.StudentRepositoryImpl - Данные успешно записаны в students.yaml
10:18:25.147 [main] INFO  s.i.repository.StudentRepositoryImpl - Оценка за тест успешно добавлена
10:18:25.148 [main] INFO  s.i.repository.StudentRepositoryImpl - Данные успешно записаны в students.yaml
10:18:25.148 [main] INFO  s.i.repository.StudentRepositoryImpl - Оценка за тест успешно добавлена
10:18:25.148 [main] INFO  s.i.repository.StudentRepositoryImpl - Данные успешно записаны в students.yaml
10:18:25.148 [main] INFO  s.i.repository.StudentRepositoryImpl - Студент успешно добавлен к списку
10:18:25.149 [main] INFO  s.i.repository.StudentRepositoryImpl - Данные успешно записаны в students.yaml
10:18:25.149 [main] INFO  s.i.repository.StudentRepositoryImpl - Оценка за тест успешно добавлена
10:18:25.149 [main] INFO  s.i.repository.StudentRepositoryImpl - Данные успешно записаны в students.yaml
10:18:25.149 [main] INFO  s.i.repository.StudentRepositoryImpl - Студент успешно добавлен к списку
10:18:25.149 [main] INFO  s.i.repository.StudentRepositoryImpl - Данные успешно записаны в students.yaml
10:18:25.149 [main] INFO  s.i.repository.StudentRepositoryImpl - Оценка за тест успешно добавлена
10:18:25.150 [main] INFO  s.i.repository.StudentRepositoryImpl - Данные успешно записаны в students.yaml
10:18:25.150 [main] INFO  s.i.repository.StudentRepositoryImpl - Оценка за тест успешно добавлена
10:18:25.150 [main] INFO  s.i.repository.StudentRepositoryImpl - Данные успешно записаны в students.yaml
10:18:25.150 [main] INFO  s.i.repository.StudentRepositoryImpl - Оценка за тест успешно добавлена
10:18:25.150 [main] INFO  s.i.repository.StudentRepositoryImpl - Данные успешно записаны в students.yaml
10:18:25.150 [main] INFO  s.i.repository.StudentRepositoryImpl - Студент успешно добавлен к списку
10:18:25.150 [main] INFO  s.i.repository.StudentRepositoryImpl - Данные успешно записаны в students.yaml
10:18:25.150 [main] INFO  s.i.repository.StudentRepositoryImpl - Оценка за тест успешно добавлена
10:18:25.150 [main] INFO  s.i.repository.StudentRepositoryImpl - Данные успешно записаны в students.yaml
10:18:25.492 [main] ERROR s.i.repository.StudentRepositoryImpl - Ошибка при чтении данных из students.yaml
10:19:10.937 [main] ERROR s.i.repository.StudentRepositoryImpl - Ошибка при чтении данных из students.yaml
10:19:34.368 [main] INFO  s.i.repository.StudentRepositoryImpl - Студент успешно добавлен к списку
10:19:34.379 [main] INFO  s.i.repository.StudentRepositoryImpl - Данные успешно записаны в students.yaml
10:19:34.382 [main] INFO  s.i.repository.StudentRepositoryImpl - Оценка за тест успешно добавлена
10:19:34.383 [main] INFO  s.i.repository.StudentRepositoryImpl - Данные успешно записаны в students.yaml
10:19:34.383 [main] INFO  s.i.repository.StudentRepositoryImpl - Оценка за тест успешно добавлена
10:19:34.384 [main] INFO  s.i.repository.StudentRepositoryImpl - Данные успешно записаны в students.yaml
10:19:34.384 [main] INFO  s.i.repository.StudentRepositoryImpl - Студент успешно добавлен к списку
10:19:34.385 [main] INFO  s.i.repository.StudentRepositoryImpl - Данные успешно записаны в students.yaml
10:19:34.385 [main] INFO  s.i.repository.StudentRepositoryImpl - Оценка за тест успешно добавлена
10:19:34.385 [main] INFO  s.i.repository.StudentRepositoryImpl - Данные успешно записаны в students.yaml
10:19:34.386 [main] INFO  s.i.repository.StudentRepositoryImpl - Студент успешно добавлен к списку
10:19:34.386 [main] INFO  s.i.repository.StudentRepositoryImpl - Данные успешно записаны в students.yaml
10:19:34.386 [main] INFO  s.i.repository.StudentRepositoryImpl - Оценка за тест успешно добавлена
10:19:34.387 [main] INFO  s.i.repository.StudentRepositoryImpl - Данные успешно записаны в students.yaml
10:19:34.387 [main] INFO  s.i.repository.StudentRepositoryImpl - Оценка за тест успешно добавлена
10:19:34.388 [main] INFO  s.i.repository.StudentRepositoryImpl - Данные успешно записаны в students.yaml
10:19:34.389 [main] INFO  s.i.repository.StudentRepositoryImpl - Оценка за тест успешно добавлена
10:19:34.390 [main] INFO  s.i.repository.StudentRepositoryImpl - Данные успешно записаны в students.yaml
10:19:34.390 [main] INFO  s.i.repository.StudentRepositoryImpl - Студент успешно добавлен к списку
10:19:34.391 [main] INFO  s.i.repository.StudentRepositoryImpl - Данные успешно записаны в students.yaml
10:19:34.391 [main] INFO  s.i.repository.StudentRepositoryImpl - Оценка за тест успешно добавлена
10:19:34.392 [main] INFO  s.i.repository.StudentRepositoryImpl - Данные успешно записаны в students.yaml
10:19:34.403 [main] INFO  s.i.repository.StudentRepositoryImpl - Студент успешно добавлен к списку
10:19:34.404 [main] INFO  s.i.repository.StudentRepositoryImpl - Данные успешно записаны в students.yaml
10:19:34.404 [main] INFO  s.i.repository.StudentRepositoryImpl - Оценка за тест успешно добавлена
10:19:34.404 [main] INFO  s.i.repository.StudentRepositoryImpl - Данные успешно записаны в students.yaml
10:19:34.404 [main] INFO  s.i.repository.StudentRepositoryImpl - Оценка за тест успешно добавлена
10:19:34.404 [main] INFO  s.i.repository.StudentRepositoryImpl - Данные успешно записаны в students.yaml
10:19:34.404 [main] INFO  s.i.repository.StudentRepositoryImpl - Студент успешно добавлен к списку
10:19:34.405 [main] INFO  s.i.repository.StudentRepositoryImpl - Данные успешно записаны в students.yaml
10:19:34.405 [main] INFO  s.i.repository.StudentRepositoryImpl - Оценка за тест успешно добавлена
10:19:34.405 [main] INFO  s.i.repository.StudentRepositoryImpl - Данные успешно записаны в students.yaml
10:19:34.405 [main] INFO  s.i.repository.StudentRepositoryImpl - Студент успешно добавлен к списку
10:19:34.406 [main] INFO  s.i.repository.StudentRepositoryImpl - Данные успешно записаны в students.yaml
10:19:34.406 [main] INFO  s.i.repository.StudentRepositoryImpl - Оценка за тест успешно добавлена
10:19:34.406 [main] INFO  s.i.repository.StudentRepositoryImpl - Данные успешно записаны в students.yaml
10:19:34.406 [main] INFO  s.i.repository.StudentRepositoryImpl - Оценка за тест успешно добавлена
10:19:34.407 [main] INFO  s.i.repository.StudentRepositoryImpl - Данные успешно записаны в students.yaml
10:19:34.407 [main] INFO  s.i.repository.StudentRepositoryImpl - Оценка за тест успешно добавлена
10:19:34.407 [main] INFO  s.i.repository.StudentRepositoryImpl - Данные успешно записаны в students.yaml
10:19:34.407 [main] INFO  s.i.repository.StudentRepositoryImpl - Студент успешно добавлен к списку
10:19:34.407 [main] INFO  s.i.repository.StudentRepositoryImpl - Данные успешно записаны в students.yaml
10:19:34.408 [main] INFO  s.i.repository.StudentRepositoryImpl - Оценка за тест успешно добавлена
10:19:34.408 [main] INFO  s.i.repository.StudentRepositoryImpl - Данные успешно записаны в students.yaml
10:19:34.746 [main] ERROR s.i.repository.StudentRepositoryImpl - Ошибка при чтении данных из students.yaml
10:19:34.752 [main] INFO  s.i.repository.StudentRepositoryImpl - Студент успешно добавлен к списку
10:19:34.753 [main] INFO  s.i.repository.StudentRepositoryImpl - Данные успешно записаны в students.yaml
10:19:34.753 [main] INFO  s.i.repository.StudentRepositoryImpl - Оценка за тест успешно добавлена
10:19:34.754 [main] INFO  s.i.repository.StudentRepositoryImpl - Данные успешно записаны в students.yaml
10:19:34.763 [main] INFO  s.i.repository.StudentRepositoryImpl - Студент успешно добавлен к списку
10:19:34.765 [main] INFO  s.i.repository.StudentRepositoryImpl - Данные успешно записаны в students.yaml
10:19:34.765 [main] INFO  s.i.repository.StudentRepositoryImpl - Оценка за тест успешно добавлена
10:19:34.766 [main] INFO  s.i.repository.StudentRepositoryImpl - Данные успешно записаны в students.yaml
10:19:34.766 [main] INFO  s.i.repository.StudentRepositoryImpl - Оценка за тест успешно добавлена
10:19:34.766 [main] INFO  s.i.repository.StudentRepositoryImpl - Данные успешно записаны в students.yaml
10:19:34.767 [main] INFO  s.i.repository.StudentRepositoryImpl - Студент успешно добавлен к списку
10:19:34.767 [main] INFO  s.i.repository.StudentRepositoryImpl - Данные успешно записаны в students.yaml
10:19:34.767 [main] INFO  s.i.repository.StudentRepositoryImpl - Оценка за тест успешно добавлена
10:19:34.774 [main] INFO  s.i.repository.StudentRepositoryImpl - Данные успешно записаны в students.yaml
10:19:34.774 [main] INFO  s.i.repository.StudentRepositoryImpl - Студент успешно добавлен к списку
10:19:34.775 [main] INFO  s.i.repository.StudentRepositoryImpl - Данные успешно записаны в students.yaml
10:19:34.775 [main] INFO  s.i.repository.StudentRepositoryImpl - Оценка за тест успешно добавлена
10:19:34.775 [main] INFO  s.i.repository.StudentRepositoryImpl - Данные успешно записаны в students.yaml
10:19:34.776 [main] INFO  s.i.repository.StudentRepositoryImpl - Оценка за тест успешно добавлена
10:19:34.778 [main] INFO  s.i.repository.StudentRepositoryImpl - Данные успешно записаны в students.yaml
10:19:34.778 [main] INFO  s.i.repository.StudentRepositoryImpl - Оценка за тест успешно добавлена
10:19:34.779 [main] INFO  s.i.repository.StudentRepositoryImpl - Данные успешно записаны в students.yaml
10:19:34.780 [main] INFO  s.i.repository.StudentRepositoryImpl - Студент успешно добавлен к списку
10:19:34.781 [main] INFO  s.i.repository.StudentRepositoryImpl - Данные успешно записаны в students.yaml
10:19:34.781 [main] INFO  s.i.repository.StudentRepositoryImpl - Оценка за тест успешно добавлена
10:19:34.784 [main] INFO  s.i.repository.StudentRepositoryImpl - Данные успешно записаны в students.yaml
10:19:34.793 [main] INFO  s.i.repository.StudentRepositoryImpl - Студент успешно добавлен к списку
10:19:34.794 [main] INFO  s.i.repository.StudentRepositoryImpl - Данные успешно записаны в students.yaml
10:19:34.794 [main] INFO  s.i.repository.StudentRepositoryImpl - Студент успешно отчислен)
10:19:34.795 [main] INFO  s.i.repository.StudentRepositoryImpl - Данные успешно записаны в students.yaml
10:19:34.801 [main] INFO  s.i.repository.StudentRepositoryImpl - Студент успешно добавлен к списку
10:19:34.802 [main] INFO  s.i.repository.StudentRepositoryImpl - Данные успешно записаны в students.yaml
10:19:34.804 [main] INFO  s.i.repository.StudentRepositoryImpl - Оценка за тест успешно добавлена
10:19:34.806 [main] INFO  s.i.repository.StudentRepositoryImpl - Данные успешно записаны в students.yaml
10:19:34.810 [main] INFO  s.i.repository.StudentRepositoryImpl - Оценка за тест успешно добавлена
10:19:34.811 [main] INFO  s.i.repository.StudentRepositoryImpl - Данные успешно записаны в students.yaml
10:19:34.811 [main] INFO  s.i.repository.StudentRepositoryImpl - Студент успешно добавлен к списку
10:19:34.812 [main] INFO  s.i.repository.StudentRepositoryImpl - Данные успешно записаны в students.yaml
10:19:34.812 [main] INFO  s.i.repository.StudentRepositoryImpl - Оценка за тест успешно добавлена
10:19:34.812 [main] INFO  s.i.repository.StudentRepositoryImpl - Данные успешно записаны в students.yaml
10:19:34.813 [main] INFO  s.i.repository.StudentRepositoryImpl - Студент успешно добавлен к списку
10:19:34.813 [main] INFO  s.i.repository.StudentRepositoryImpl - Данные успешно записаны в students.yaml
10:19:34.813 [main] INFO  s.i.repository.StudentRepositoryImpl - Оценка за тест успешно добавлена
10:19:34.813 [main] INFO  s.i.repository.StudentRepositoryImpl - Данные успешно записаны в students.yaml
10:19:34.814 [main] INFO  s.i.repository.StudentRepositoryImpl - Оценка за тест успешно добавлена
10:19:34.814 [main] INFO  s.i.repository.StudentRepositoryImpl - Данные успешно записаны в students.yaml
10:19:34.814 [main] INFO  s.i.repository.StudentRepositoryImpl - Оценка за тест успешно добавлена
10:19:34.815 [main] INFO  s.i.repository.StudentRepositoryImpl - Данные успешно записаны в students.yaml
10:19:34.815 [main] INFO  s.i.repository.StudentRepositoryImpl - Студент успешно добавлен к списку
10:19:34.815 [main] INFO  s.i.repository.StudentRepositoryImpl - Данные успешно записаны в students.yaml
10:19:34.815 [main] INFO  s.i.repository.StudentRepositoryImpl - Оценка за тест успешно добавлена
10:19:34.816 [main] INFO  s.i.repository.StudentRepositoryImpl - Данные успешно записаны в students.yaml
10:19:34.821 [main] INFO  s.i.repository.StudentRepositoryImpl - Студент успешно добавлен к списку
10:19:34.822 [main] INFO  s.i.repository.StudentRepositoryImpl - Данные успешно записаны в students.yaml
10:19:34.829 [main] INFO  s.i.repository.StudentRepositoryImpl - Студент успешно добавлен к списку
10:19:34.829 [main] INFO  s.i.repository.StudentRepositoryImpl - Данные успешно записаны в students.yaml
10:19:34.830 [main] INFO  s.i.repository.StudentRepositoryImpl - Оценка за тест успешно добавлена
10:19:34.830 [main] INFO  s.i.repository.StudentRepositoryImpl - Данные успешно записаны в students.yaml
10:19:34.830 [main] INFO  s.i.repository.StudentRepositoryImpl - Оценка за тест успешно добавлена
10:19:34.830 [main] INFO  s.i.repository.StudentRepositoryImpl - Данные успешно записаны в students.yaml
10:19:34.830 [main] INFO  s.i.repository.StudentRepositoryImpl - Студент успешно добавлен к списку
10:19:34.830 [main] INFO  s.i.repository.StudentRepositoryImpl - Данные успешно записаны в students.yaml
10:19:34.830 [main] INFO  s.i.repository.StudentRepositoryImpl - Оценка за тест успешно добавлена
10:19:34.830 [main] INFO  s.i.repository.StudentRepositoryImpl - Данные успешно записаны в students.yaml
10:19:34.831 [main] INFO  s.i.repository.StudentRepositoryImpl - Студент успешно добавлен к списку
10:19:34.831 [main] INFO  s.i.repository.StudentRepositoryImpl - Данные успешно записаны в students.yaml
10:19:34.832 [main] INFO  s.i.repository.StudentRepositoryImpl - Оценка за тест успешно добавлена
10:19:34.837 [main] INFO  s.i.repository.StudentRepositoryImpl - Данные успешно записаны в students.yaml
10:19:34.837 [main] INFO  s.i.repository.StudentRepositoryImpl - Оценка за тест успешно добавлена
10:19:34.838 [main] INFO  s.i.repository.StudentRepositoryImpl - Данные успешно записаны в students.yaml
10:19:34.839 [main] INFO  s.i.repository.StudentRepositoryImpl - Оценка за тест успешно добавлена
10:19:34.841 [main] INFO  s.i.repository.StudentRepositoryImpl - Данные успешно записаны в students.yaml
10:19:34.842 [main] INFO  s.i.repository.StudentRepositoryImpl - Студент успешно добавлен к списку
10:19:34.842 [main] INFO  s.i.repository.StudentRepositoryImpl - Данные успешно записаны в students.yaml
10:19:34.843 [main] INFO  s.i.repository.StudentRepositoryImpl - Оценка за тест успешно добавлена
10:19:34.843 [main] INFO  s.i.repository.StudentRepositoryImpl - Данные успешно записаны в students.yaml
10:19:34.851 [main] INFO  s.i.repository.StudentRepositoryImpl - Студент успешно добавлен к списку
10:19:34.852 [main] INFO  s.i.repository.StudentRepositoryImpl - Данные успешно записаны в students.yaml
10:19:34.852 [main] INFO  s.i.repository.StudentRepositoryImpl - Оценка за тест успешно добавлена
10:19:34.852 [main] INFO  s.i.repository.StudentRepositoryImpl - Данные успешно записаны в students.yaml
10:19:34.853 [main] INFO  s.i.repository.StudentRepositoryImpl - Оценка за тест успешно добавлена
10:19:34.853 [main] INFO  s.i.repository.StudentRepositoryImpl - Данные успешно записаны в students.yaml
10:19:34.853 [main] INFO  s.i.repository.StudentRepositoryImpl - Студент успешно добавлен к списку
10:19:34.854 [main] INFO  s.i.repository.StudentRepositoryImpl - Данные успешно записаны в students.yaml
10:19:34.854 [main] INFO  s.i.repository.StudentRepositoryImpl - Оценка за тест успешно добавлена
10:19:34.855 [main] INFO  s.i.repository.StudentRepositoryImpl - Данные успешно записаны в students.yaml
10:19:34.855 [main] INFO  s.i.repository.StudentRepositoryImpl - Студент успешно добавлен к списку
10:19:34.856 [main] INFO  s.i.repository.StudentRepositoryImpl - Данные успешно записаны в students.yaml
10:19:34.857 [main] INFO  s.i.repository.StudentRepositoryImpl - Оценка за тест успешно добавлена
10:19:34.857 [main] INFO  s.i.repository.StudentRepositoryImpl - Данные успешно записаны в students.yaml
10:19:34.857 [main] INFO  s.i.repository.StudentRepositoryImpl - Оценка за тест успешно добавлена
10:19:34.857 [main] INFO  s.i.repository.StudentRepositoryImpl - Данные успешно записаны в students.yaml
10:19:34.857 [main] INFO  s.i.repository.StudentRepositoryImpl - Оценка за тест успешно добавлена
10:19:34.857 [main] INFO  s.i.repository.StudentRepositoryImpl - Данные успешно записаны в students.yaml
10:19:34.858 [main] INFO  s.i.repository.StudentRepositoryImpl - Студент успешно добавлен к списку
10:19:34.858 [main] INFO  s.i.repository.StudentRepositoryImpl - Данные успешно записаны в students.yaml
10:19:34.858 [main] INFO  s.i.repository.StudentRepositoryImpl - Оценка за тест успешно добавлена
10:19:34.858 [main] INFO  s.i.repository.StudentRepositoryImpl - Данные успешно записаны в students.yaml
10:19:35.142 [main] ERROR s.i.repository.StudentRepositoryImpl - Ошибка при чтении данных из students.yaml
